
prod.elf:     file format elf32-littleriscv


Disassembly of section .text:

80000000 <__internal_syscall>:
80000000:	fd010113 	addi	sp,sp,-48
80000004:	02812623 	sw	s0,44(sp)
80000008:	03010413 	addi	s0,sp,48
8000000c:	fea42623 	sw	a0,-20(s0)
80000010:	feb42423 	sw	a1,-24(s0)
80000014:	fec42223 	sw	a2,-28(s0)
80000018:	fed42023 	sw	a3,-32(s0)
8000001c:	fce42e23 	sw	a4,-36(s0)
80000020:	fcf42c23 	sw	a5,-40(s0)
80000024:	fd042a23 	sw	a6,-44(s0)
80000028:	fe842503 	lw	a0,-24(s0)
8000002c:	fe442583 	lw	a1,-28(s0)
80000030:	fe042603 	lw	a2,-32(s0)
80000034:	fdc42683 	lw	a3,-36(s0)
80000038:	fd842703 	lw	a4,-40(s0)
8000003c:	fd442783 	lw	a5,-44(s0)
80000040:	fec42883 	lw	a7,-20(s0)
80000044:	00000073 	ecall
80000048:	00000013 	nop
8000004c:	02c12403 	lw	s0,44(sp)
80000050:	03010113 	addi	sp,sp,48
80000054:	00008067 	ret

80000058 <sys_Receive>:
80000058:	fe010113 	addi	sp,sp,-32
8000005c:	00112e23 	sw	ra,28(sp)
80000060:	00812c23 	sw	s0,24(sp)
80000064:	02010413 	addi	s0,sp,32
80000068:	fea42623 	sw	a0,-20(s0)
8000006c:	feb42423 	sw	a1,-24(s0)
80000070:	fec42583 	lw	a1,-20(s0)
80000074:	fe842603 	lw	a2,-24(s0)
80000078:	00000813 	li	a6,0
8000007c:	00000793 	li	a5,0
80000080:	00000713 	li	a4,0
80000084:	00000693 	li	a3,0
80000088:	01e00513 	li	a0,30
8000008c:	f75ff0ef 	jal	ra,80000000 <__internal_syscall>
80000090:	00100793 	li	a5,1
80000094:	00078513 	mv	a0,a5
80000098:	01c12083 	lw	ra,28(sp)
8000009c:	01812403 	lw	s0,24(sp)
800000a0:	02010113 	addi	sp,sp,32
800000a4:	00008067 	ret

800000a8 <sys_Send>:
800000a8:	fe010113 	addi	sp,sp,-32
800000ac:	00112e23 	sw	ra,28(sp)
800000b0:	00812c23 	sw	s0,24(sp)
800000b4:	02010413 	addi	s0,sp,32
800000b8:	fea42623 	sw	a0,-20(s0)
800000bc:	feb42423 	sw	a1,-24(s0)
800000c0:	fec42583 	lw	a1,-20(s0)
800000c4:	fe842603 	lw	a2,-24(s0)
800000c8:	00000813 	li	a6,0
800000cc:	00000793 	li	a5,0
800000d0:	00000713 	li	a4,0
800000d4:	00000693 	li	a3,0
800000d8:	01400513 	li	a0,20
800000dc:	f25ff0ef 	jal	ra,80000000 <__internal_syscall>
800000e0:	00100793 	li	a5,1
800000e4:	00078513 	mv	a0,a5
800000e8:	01c12083 	lw	ra,28(sp)
800000ec:	01812403 	lw	s0,24(sp)
800000f0:	02010113 	addi	sp,sp,32
800000f4:	00008067 	ret

800000f8 <sys_Exit>:
800000f8:	ff010113 	addi	sp,sp,-16
800000fc:	00112623 	sw	ra,12(sp)
80000100:	00812423 	sw	s0,8(sp)
80000104:	01010413 	addi	s0,sp,16
80000108:	00000813 	li	a6,0
8000010c:	00000793 	li	a5,0
80000110:	00000713 	li	a4,0
80000114:	00000693 	li	a3,0
80000118:	00000613 	li	a2,0
8000011c:	00000593 	li	a1,0
80000120:	00a00513 	li	a0,10
80000124:	eddff0ef 	jal	ra,80000000 <__internal_syscall>
80000128:	00100793 	li	a5,1
8000012c:	00078513 	mv	a0,a5
80000130:	00c12083 	lw	ra,12(sp)
80000134:	00812403 	lw	s0,8(sp)
80000138:	01010113 	addi	sp,sp,16
8000013c:	00008067 	ret

80000140 <sys_Printi>:
80000140:	fe010113 	addi	sp,sp,-32
80000144:	00112e23 	sw	ra,28(sp)
80000148:	00812c23 	sw	s0,24(sp)
8000014c:	02010413 	addi	s0,sp,32
80000150:	fea42623 	sw	a0,-20(s0)
80000154:	fec42583 	lw	a1,-20(s0)
80000158:	00000813 	li	a6,0
8000015c:	00000793 	li	a5,0
80000160:	00000713 	li	a4,0
80000164:	00000693 	li	a3,0
80000168:	00000613 	li	a2,0
8000016c:	02800513 	li	a0,40
80000170:	e91ff0ef 	jal	ra,80000000 <__internal_syscall>
80000174:	00100793 	li	a5,1
80000178:	00078513 	mv	a0,a5
8000017c:	01c12083 	lw	ra,28(sp)
80000180:	01812403 	lw	s0,24(sp)
80000184:	02010113 	addi	sp,sp,32
80000188:	00008067 	ret

8000018c <sys_Prints>:
8000018c:	fe010113 	addi	sp,sp,-32
80000190:	00112e23 	sw	ra,28(sp)
80000194:	00812c23 	sw	s0,24(sp)
80000198:	02010413 	addi	s0,sp,32
8000019c:	fea42623 	sw	a0,-20(s0)
800001a0:	fec42583 	lw	a1,-20(s0)
800001a4:	00000813 	li	a6,0
800001a8:	00000793 	li	a5,0
800001ac:	00000713 	li	a4,0
800001b0:	00000693 	li	a3,0
800001b4:	00000613 	li	a2,0
800001b8:	03200513 	li	a0,50
800001bc:	e45ff0ef 	jal	ra,80000000 <__internal_syscall>
800001c0:	00100793 	li	a5,1
800001c4:	00078513 	mv	a0,a5
800001c8:	01c12083 	lw	ra,28(sp)
800001cc:	01812403 	lw	s0,24(sp)
800001d0:	02010113 	addi	sp,sp,32
800001d4:	00008067 	ret

800001d8 <sys_Testing>:
800001d8:	fd010113 	addi	sp,sp,-48
800001dc:	02112623 	sw	ra,44(sp)
800001e0:	02812423 	sw	s0,40(sp)
800001e4:	03010413 	addi	s0,sp,48
800001e8:	fea42623 	sw	a0,-20(s0)
800001ec:	feb42423 	sw	a1,-24(s0)
800001f0:	fec42223 	sw	a2,-28(s0)
800001f4:	fed42023 	sw	a3,-32(s0)
800001f8:	fce42e23 	sw	a4,-36(s0)
800001fc:	fcf42c23 	sw	a5,-40(s0)
80000200:	fec42583 	lw	a1,-20(s0)
80000204:	fe842603 	lw	a2,-24(s0)
80000208:	fe442683 	lw	a3,-28(s0)
8000020c:	fe042703 	lw	a4,-32(s0)
80000210:	fdc42783 	lw	a5,-36(s0)
80000214:	fd842503 	lw	a0,-40(s0)
80000218:	00050813 	mv	a6,a0
8000021c:	04200513 	li	a0,66
80000220:	de1ff0ef 	jal	ra,80000000 <__internal_syscall>
80000224:	00100793 	li	a5,1
80000228:	00078513 	mv	a0,a5
8000022c:	02c12083 	lw	ra,44(sp)
80000230:	02812403 	lw	s0,40(sp)
80000234:	03010113 	addi	sp,sp,48
80000238:	00008067 	ret

8000023c <main>:
8000023c:	fe010113 	addi	sp,sp,-32
80000240:	00112e23 	sw	ra,28(sp)
80000244:	00812c23 	sw	s0,24(sp)
80000248:	02010413 	addi	s0,sp,32
8000024c:	00000797 	auipc	a5,0x0
80000250:	0cc78793 	addi	a5,a5,204 # 80000318 <start_print>
80000254:	00078513 	mv	a0,a5
80000258:	f35ff0ef 	jal	ra,8000018c <sys_Prints>
8000025c:	fe042623 	sw	zero,-20(s0)
80000260:	02c0006f 	j	8000028c <main+0x50>
80000264:	fec42703 	lw	a4,-20(s0)
80000268:	00000697 	auipc	a3,0x0
8000026c:	0cc68693 	addi	a3,a3,204 # 80000334 <mensagem>
80000270:	fec42783 	lw	a5,-20(s0)
80000274:	00279793 	slli	a5,a5,0x2
80000278:	00f687b3 	add	a5,a3,a5
8000027c:	00e7a223 	sw	a4,4(a5)
80000280:	fec42783 	lw	a5,-20(s0)
80000284:	00178793 	addi	a5,a5,1
80000288:	fef42623 	sw	a5,-20(s0)
8000028c:	fec42703 	lw	a4,-20(s0)
80000290:	07f00793 	li	a5,127
80000294:	fce7d8e3 	ble	a4,a5,80000264 <main+0x28>
80000298:	00000797 	auipc	a5,0x0
8000029c:	09c78793 	addi	a5,a5,156 # 80000334 <mensagem>
800002a0:	00a00713 	li	a4,10
800002a4:	00e7a023 	sw	a4,0(a5)
800002a8:	00000797 	auipc	a5,0x0
800002ac:	08c78793 	addi	a5,a5,140 # 80000334 <mensagem>
800002b0:	00001737 	lui	a4,0x1
800002b4:	b0a70713 	addi	a4,a4,-1270 # b0a <__internal_syscall-0x7ffff4f6>
800002b8:	02e7a423 	sw	a4,40(a5)
800002bc:	fe042623 	sw	zero,-20(s0)
800002c0:	0240006f 	j	800002e4 <main+0xa8>
800002c4:	00000797 	auipc	a5,0x0
800002c8:	07078793 	addi	a5,a5,112 # 80000334 <mensagem>
800002cc:	00100593 	li	a1,1
800002d0:	00078513 	mv	a0,a5
800002d4:	dd5ff0ef 	jal	ra,800000a8 <sys_Send>
800002d8:	fec42783 	lw	a5,-20(s0)
800002dc:	00178793 	addi	a5,a5,1
800002e0:	fef42623 	sw	a5,-20(s0)
800002e4:	fec42703 	lw	a4,-20(s0)
800002e8:	00900793 	li	a5,9
800002ec:	fce7dce3 	ble	a4,a5,800002c4 <main+0x88>
800002f0:	00000797 	auipc	a5,0x0
800002f4:	03878793 	addi	a5,a5,56 # 80000328 <end_print>
800002f8:	00078513 	mv	a0,a5
800002fc:	e91ff0ef 	jal	ra,8000018c <sys_Prints>
80000300:	00000793 	li	a5,0
80000304:	00078513 	mv	a0,a5
80000308:	01c12083 	lw	ra,28(sp)
8000030c:	01812403 	lw	s0,24(sp)
80000310:	02010113 	addi	sp,sp,32
80000314:	00008067 	ret

Disassembly of section .data:

80000318 <start_print>:
80000318:	444f5250     PROD
8000031c:	74532032     2 St
80000320:	0a747261     art.
80000324:	00000000     ....

80000328 <end_print>:
80000328:	444f5250     PROD
8000032c:	6e452032     2 En
80000330:	              d..

Disassembly of section .bss:

80000334 <mensagem>:
80000334:	00000000     ....
80000338:	00000000     ....
8000033c:	00000000     ....
80000340:	00000000     ....
80000344:	00000000     ....
80000348:	00000000     ....
8000034c:	00000000     ....
80000350:	00000000     ....
80000354:	00000000     ....
80000358:	00000000     ....
8000035c:	00000000     ....
80000360:	00000000     ....
80000364:	00000000     ....
80000368:	00000000     ....
8000036c:	00000000     ....
80000370:	00000000     ....
80000374:	00000000     ....
80000378:	00000000     ....
8000037c:	00000000     ....
80000380:	00000000     ....
80000384:	00000000     ....
80000388:	00000000     ....
8000038c:	00000000     ....
80000390:	00000000     ....
80000394:	00000000     ....
80000398:	00000000     ....
8000039c:	00000000     ....
800003a0:	00000000     ....
800003a4:	00000000     ....
800003a8:	00000000     ....
800003ac:	00000000     ....
800003b0:	00000000     ....
800003b4:	00000000     ....
800003b8:	00000000     ....
800003bc:	00000000     ....
800003c0:	00000000     ....
800003c4:	00000000     ....
800003c8:	00000000     ....
800003cc:	00000000     ....
800003d0:	00000000     ....
800003d4:	00000000     ....
800003d8:	00000000     ....
800003dc:	00000000     ....
800003e0:	00000000     ....
800003e4:	00000000     ....
800003e8:	00000000     ....
800003ec:	00000000     ....
800003f0:	00000000     ....
800003f4:	00000000     ....
800003f8:	00000000     ....
800003fc:	00000000     ....
80000400:	00000000     ....
80000404:	00000000     ....
80000408:	00000000     ....
8000040c:	00000000     ....
80000410:	00000000     ....
80000414:	00000000     ....
80000418:	00000000     ....
8000041c:	00000000     ....
80000420:	00000000     ....
80000424:	00000000     ....
80000428:	00000000     ....
8000042c:	00000000     ....
80000430:	00000000     ....
80000434:	00000000     ....
80000438:	00000000     ....
8000043c:	00000000     ....
80000440:	00000000     ....
80000444:	00000000     ....
80000448:	00000000     ....
8000044c:	00000000     ....
80000450:	00000000     ....
80000454:	00000000     ....
80000458:	00000000     ....
8000045c:	00000000     ....
80000460:	00000000     ....
80000464:	00000000     ....
80000468:	00000000     ....
8000046c:	00000000     ....
80000470:	00000000     ....
80000474:	00000000     ....
80000478:	00000000     ....
8000047c:	00000000     ....
80000480:	00000000     ....
80000484:	00000000     ....
80000488:	00000000     ....
8000048c:	00000000     ....
80000490:	00000000     ....
80000494:	00000000     ....
80000498:	00000000     ....
8000049c:	00000000     ....
800004a0:	00000000     ....
800004a4:	00000000     ....
800004a8:	00000000     ....
800004ac:	00000000     ....
800004b0:	00000000     ....
800004b4:	00000000     ....
800004b8:	00000000     ....
800004bc:	00000000     ....
800004c0:	00000000     ....
800004c4:	00000000     ....
800004c8:	00000000     ....
800004cc:	00000000     ....
800004d0:	00000000     ....
800004d4:	00000000     ....
800004d8:	00000000     ....
800004dc:	00000000     ....
800004e0:	00000000     ....
800004e4:	00000000     ....
800004e8:	00000000     ....
800004ec:	00000000     ....
800004f0:	00000000     ....
800004f4:	00000000     ....
800004f8:	00000000     ....
800004fc:	00000000     ....
80000500:	00000000     ....
80000504:	00000000     ....
80000508:	00000000     ....
8000050c:	00000000     ....
80000510:	00000000     ....
80000514:	00000000     ....
80000518:	00000000     ....
8000051c:	00000000     ....
80000520:	00000000     ....
80000524:	00000000     ....
80000528:	00000000     ....
8000052c:	00000000     ....
80000530:	00000000     ....
80000534:	00000000     ....
