
#
# Environment
#
Linux paxos.inf.pucrs.br 3.10.0-1160.6.1.el7.x86_64 #1 SMP Tue Nov 17 13:59:11 UTC 2020 x86_64 x86_64 x86_64 GNU/Linux

#
# Test IMPERAS_HOME
#
IMPERAS_HOME = /soft64/imperas/ferramentas/Imperas.20210408

#
# Test IMPERAS* Environment variables
#
IMPERAS_M32=0
IMPERASD_LICENSE_FILE=2700@kriti.inf.pucrs.br
IMPERAS_OP_TRACE=1
IMPERAS_BACKTRACE=1
IMPERAS_UNAME=Linux
IMPERAS_ISS=/soft64/imperas/ferramentas/Imperas.20210408/bin/Linux64/iss.exe
IMPERAS_PERSONALITY=CPUMAN_MULTI
IMPERAS_SHRSUF=so
IMPERAS_ARCH=Linux64
IMPERAS_RUNTIME=CpuManager
IMPERAS_VLNV=/soft64/imperas/ferramentas/Imperas.20210408/lib/Linux64/ImperasLib
IMPERAS_HOME=/soft64/imperas/ferramentas/Imperas.20210408

#
# Test LM_LICENSE_FILE Environment variable
#
LM_LICENSE_FILE=2700@kriti.inf.pucrs.br

#
# Test IMPERASD_LICENSE_FILE Environment variable
#
IMPERASD_LICENSE_FILE=2700@kriti.inf.pucrs.br

#
# Test PATH Environment variable
#
PATH=/soft64/imperas/ferramentas/Imperas.20210408/lib/Linux64/gdb:/soft64/imperas/ferramentas/Imperas.20210408/lib/Linux64/CrossCompiler/riscv-none-embed/bin:/soft64/imperas/ferramentas/Imperas.20210408/bin/Linux64:/usr/lib64/qt-3.3/bin:/usr/lib64/ccache:/usr/local/bin:/usr/bin:/usr/local/sbin:/usr/sbin:/home/iacana.weber/.dotnet/tools:/soft64/imperas/ferramentas/Imperas.20210408/bin/Linux64

#
# Test LD_LIBRARY_PATH Environment variable
#
LD_LIBRARY_PATH=/soft64/util/accelera/systemc/2.3.1/lib-linux64:/soft64/tcltk/lib:/soft64/tcltk/lib/:/soft64/tcltk/lib/tclx8.4/:/soft64/imperas/ferramentas/Imperas.20210408/bin/Linux64:/soft64/imperas/ferramentas/Imperas.20210408/lib/Linux64/External/lib:/soft64/imperas/ferramentas/Imperas.20210408/bin/Linux64

#
# Test /soft64/imperas/ferramentas/Imperas.20210408/InstallLog.txt
#
Installed 20210408.0 Imperas_DEV CpuManager.Base
Installed 20210408.0 Imperas_DEV Demo_Processors
Installed 20210408.0 Imperas_DEV Imperas.Examples.DS-5
Installed 20210408.0 Imperas_DEV Imperas.ISL
Installed 20210408.0 Imperas_DEV Imperas.Library.Visualization
Installed 20210408.0 Imperas_DEV Imperas.RDDI
Installed 20210408.0 Imperas_DEV Imperas.RunTime
Installed 20210408.0 Imperas_DEV Imperas.Timing
Installed 20210408.0 Imperas_DEV Imperas.harness
Installed 20210408.0 Imperas_DEV Imperas.iGen
Installed 20210408.0 Imperas_DEV Imperas.iss
Installed 20210408.0 Imperas_DEV Imperas.texgen
Installed 20210408.0 Imperas_DEV Imperas_DEV
Installed 20210408.0 Imperas_DEV Nios_II.model
Installed 20210408.0 Imperas_DEV Nios_II.source.model
Installed 20210408.0 Imperas_DEV OVP.httpvis
Installed 20210408.0 Imperas_DEV OVPsim.Examples.httpvis
Installed 20210408.0 Imperas_DEV OVPsim.ISL
Installed 20210408.0 Imperas_DEV OVPsim.RunTime
Installed 20210408.0 Imperas_DEV OVPsim.iss
Installed 20210408.0 Imperas_DEV SDL
Installed 20210408.0 Imperas_DEV andes_riscv.model
Installed 20210408.0 Imperas_DEV andes_riscv.source.model
Installed 20210408.0 Imperas_DEV arc.model
Installed 20210408.0 Imperas_DEV arm-aarch64-none-elf.gdb
Installed 20210408.0 Imperas_DEV arm-arm-none-eabi.gdb
Installed 20210408.0 Imperas_DEV arm.model
Installed 20210408.0 Imperas_DEV armm.model
Installed 20210408.0 Imperas_DEV imp-arc.gdb
Installed 20210408.0 Imperas_DEV imp-m32c.gdb
Installed 20210408.0 Imperas_DEV imp-microblaze.gdb
Installed 20210408.0 Imperas_DEV imp-mips.gdb
Installed 20210408.0 Imperas_DEV imp-nios2.gdb
Installed 20210408.0 Imperas_DEV imp-powerpc.gdb
Installed 20210408.0 Imperas_DEV imp-pse.gdb
Installed 20210408.0 Imperas_DEV imp-rl78.gdb
Installed 20210408.0 Imperas_DEV imp-v850.gdb
Installed 20210408.0 Imperas_DEV lowrisc_riscv.model
Installed 20210408.0 Imperas_DEV lowrisc_riscv.source.model
Installed 20210408.0 Imperas_DEV m16c.model
Installed 20210408.0 Imperas_DEV m16c.source.model
Installed 20210408.0 Imperas_DEV microblaze.model
Installed 20210408.0 Imperas_DEV microblaze.source.model
Installed 20210408.0 Imperas_DEV microsemi_riscv.model
Installed 20210408.0 Imperas_DEV microsemi_riscv.source.model
Installed 20210408.0 Imperas_DEV mips32.model
Installed 20210408.0 Imperas_DEV mips64.model
Installed 20210408.0 Imperas_DEV openhwgroup_riscv.model
Installed 20210408.0 Imperas_DEV openhwgroup_riscv.source.model
Installed 20210408.0 Imperas_DEV or1k.gdb
Installed 20210408.0 Imperas_DEV or1k.model
Installed 20210408.0 Imperas_DEV or1k.source.model
Installed 20210408.0 Imperas_DEV powerpc32.model
Installed 20210408.0 Imperas_DEV powerpc32.source.model
Installed 20210408.0 Imperas_DEV rh850.model
Installed 20210408.0 Imperas_DEV rh850.source.model
Installed 20210408.0 Imperas_DEV riscv-none-embed-gdb.gdb
Installed 20210408.0 Imperas_DEV riscv.model
Installed 20210408.0 Imperas_DEV riscv.source.model
Installed 20210408.0 Imperas_DEV rl78.model
Installed 20210408.0 Imperas_DEV rl78.source.model
Installed 20210408.0 Imperas_DEV sifive_riscv.model
Installed 20210408.0 Imperas_DEV sifive_riscv.source.model
Installed 20210408.0 Imperas_DEV updatecheck
Installed 20210408.0 Imperas_DEV v850.model
Installed 20210408.0 Imperas_DEV v850.source.model
Installed 20210408.0 Imperas.FlexLM Imperas.FlexLM
Installed 20210408.0 Imperas_intercept_instruction_profiling_Linux_MipsMalta Imperas_intercept_instruction_profiling_Linux_MipsMalta
Installed 20210408.0 Imperas_intercept_instruction_profiling_Linux_MipsMalta imp-mips.gdb
Installed 20210408.0 Imperas_RenesasUPD70F3441 Imperas_RenesasUPD70F3441
Installed 20210408.0 Imperas_RenesasUPD70F3441 imp-v850.gdb
Installed 20210408.0 Imperas_SDK CpuManager.Base
Installed 20210408.0 Imperas_SDK Demo_Processors
Installed 20210408.0 Imperas_SDK Imperas.Examples.DS-5
Installed 20210408.0 Imperas_SDK Imperas.ISL
Installed 20210408.0 Imperas_SDK Imperas.Library.Visualization
Installed 20210408.0 Imperas_SDK Imperas.RDDI
Installed 20210408.0 Imperas_SDK Imperas.RemoteDebugger
Installed 20210408.0 Imperas_SDK Imperas.RunTime
Installed 20210408.0 Imperas_SDK Imperas.Timing
Installed 20210408.0 Imperas_SDK Imperas.UserInterface
Installed 20210408.0 Imperas_SDK Imperas.VAP
Installed 20210408.0 Imperas_SDK Imperas.harness
Installed 20210408.0 Imperas_SDK Imperas.iGen
Installed 20210408.0 Imperas_SDK Imperas.iss
Installed 20210408.0 Imperas_SDK Imperas.texgen
Installed 20210408.0 Imperas_SDK Imperas_SDK
Installed 20210408.0 Imperas_SDK Nios_II.model
Installed 20210408.0 Imperas_SDK Nios_II.source.model
Installed 20210408.0 Imperas_SDK OVP.httpvis
Installed 20210408.0 Imperas_SDK OVPsim.Examples.httpvis
Installed 20210408.0 Imperas_SDK OVPsim.ISL
Installed 20210408.0 Imperas_SDK OVPsim.RunTime
Installed 20210408.0 Imperas_SDK OVPsim.iss
Installed 20210408.0 Imperas_SDK SDL
Installed 20210408.0 Imperas_SDK andes_riscv.model
Installed 20210408.0 Imperas_SDK andes_riscv.source.model
Installed 20210408.0 Imperas_SDK arc.model
Installed 20210408.0 Imperas_SDK arm-aarch64-none-elf.gdb
Installed 20210408.0 Imperas_SDK arm-arm-none-eabi.gdb
Installed 20210408.0 Imperas_SDK arm.model
Installed 20210408.0 Imperas_SDK armm.model
Installed 20210408.0 Imperas_SDK imp-arc.gdb
Installed 20210408.0 Imperas_SDK imp-m32c.gdb
Installed 20210408.0 Imperas_SDK imp-microblaze.gdb
Installed 20210408.0 Imperas_SDK imp-mips.gdb
Installed 20210408.0 Imperas_SDK imp-nios2.gdb
Installed 20210408.0 Imperas_SDK imp-powerpc.gdb
Installed 20210408.0 Imperas_SDK imp-pse.gdb
Installed 20210408.0 Imperas_SDK imp-rl78.gdb
Installed 20210408.0 Imperas_SDK imp-v850.gdb
Installed 20210408.0 Imperas_SDK lowrisc_riscv.model
Installed 20210408.0 Imperas_SDK lowrisc_riscv.source.model
Installed 20210408.0 Imperas_SDK m16c.model
Installed 20210408.0 Imperas_SDK m16c.source.model
Installed 20210408.0 Imperas_SDK microblaze.model
Installed 20210408.0 Imperas_SDK microblaze.source.model
Installed 20210408.0 Imperas_SDK microsemi_riscv.model
Installed 20210408.0 Imperas_SDK microsemi_riscv.source.model
Installed 20210408.0 Imperas_SDK mips32.model
Installed 20210408.0 Imperas_SDK mips64.model
Installed 20210408.0 Imperas_SDK openhwgroup_riscv.model
Installed 20210408.0 Imperas_SDK openhwgroup_riscv.source.model
Installed 20210408.0 Imperas_SDK or1k.gdb
Installed 20210408.0 Imperas_SDK or1k.model
Installed 20210408.0 Imperas_SDK or1k.source.model
Installed 20210408.0 Imperas_SDK powerpc32.model
Installed 20210408.0 Imperas_SDK powerpc32.source.model
Installed 20210408.0 Imperas_SDK rh850.model
Installed 20210408.0 Imperas_SDK rh850.source.model
Installed 20210408.0 Imperas_SDK riscv-none-embed-gdb.gdb
Installed 20210408.0 Imperas_SDK riscv-none-embed-gdb.gdb.WoW
Installed 20210408.0 Imperas_SDK riscv.model
Installed 20210408.0 Imperas_SDK riscv.source.model
Installed 20210408.0 Imperas_SDK rl78.model
Installed 20210408.0 Imperas_SDK rl78.source.model
Installed 20210408.0 Imperas_SDK sifive_riscv.model
Installed 20210408.0 Imperas_SDK sifive_riscv.source.model
Installed 20210408.0 Imperas_SDK updatecheck
Installed 20210408.0 Imperas_SDK v850.model
Installed 20210408.0 Imperas_SDK v850.source.model
Installed 20210408.0 OVPpse.toolchain OVPpse.toolchain
Installed 20210408.0 OVPpse.toolchain imp-pse.gdb
Installed 20210408.0 OVPpse.toolchain riscv-none-embed-gdb.gdb
Installed 20210408.0 OVPpse.toolchain riscv-none-embed-gdb.gdb.WoW
Installed 20210408.0 riscv.toolchain riscv.toolchain
Installed 20210408.0 UserLabs.TrainingMaterial UserLabs.TrainingMaterial
Installed 20210408.0 Imperas_DEV CpuManager.Base
Installed 20210408.0 Imperas_DEV Demo_Processors
Installed 20210408.0 Imperas_DEV Imperas.Examples.DS-5
Installed 20210408.0 Imperas_DEV Imperas.ISL
Installed 20210408.0 Imperas_DEV Imperas.Library.Visualization
Installed 20210408.0 Imperas_DEV Imperas.RDDI
Installed 20210408.0 Imperas_DEV Imperas.RunTime
Installed 20210408.0 Imperas_DEV Imperas.Timing
Installed 20210408.0 Imperas_DEV Imperas.harness
Installed 20210408.0 Imperas_DEV Imperas.iGen
Installed 20210408.0 Imperas_DEV Imperas.iss
Installed 20210408.0 Imperas_DEV Imperas.texgen
Installed 20210408.0 Imperas_DEV Imperas_DEV
Installed 20210408.0 Imperas_DEV Nios_II.model
Installed 20210408.0 Imperas_DEV Nios_II.source.model
Installed 20210408.0 Imperas_DEV OVP.httpvis
Installed 20210408.0 Imperas_DEV OVPsim.Examples.httpvis
Installed 20210408.0 Imperas_DEV OVPsim.ISL
Installed 20210408.0 Imperas_DEV OVPsim.RunTime
Installed 20210408.0 Imperas_DEV OVPsim.iss
Installed 20210408.0 Imperas_DEV SDL
Installed 20210408.0 Imperas_DEV andes_riscv.model
Installed 20210408.0 Imperas_DEV andes_riscv.source.model
Installed 20210408.0 Imperas_DEV arc.model
Installed 20210408.0 Imperas_DEV arm-aarch64-none-elf.gdb
Installed 20210408.0 Imperas_DEV arm-arm-none-eabi.gdb
Installed 20210408.0 Imperas_DEV arm.model
Installed 20210408.0 Imperas_DEV armm.model
Installed 20210408.0 Imperas_DEV imp-arc.gdb
Installed 20210408.0 Imperas_DEV imp-m32c.gdb
Installed 20210408.0 Imperas_DEV imp-microblaze.gdb
Installed 20210408.0 Imperas_DEV imp-mips.gdb
Installed 20210408.0 Imperas_DEV imp-nios2.gdb
Installed 20210408.0 Imperas_DEV imp-powerpc.gdb
Installed 20210408.0 Imperas_DEV imp-pse.gdb
Installed 20210408.0 Imperas_DEV imp-rl78.gdb
Installed 20210408.0 Imperas_DEV imp-v850.gdb
Installed 20210408.0 Imperas_DEV lowrisc_riscv.model
Installed 20210408.0 Imperas_DEV lowrisc_riscv.source.model
Installed 20210408.0 Imperas_DEV m16c.model
Installed 20210408.0 Imperas_DEV m16c.source.model
Installed 20210408.0 Imperas_DEV microblaze.model
Installed 20210408.0 Imperas_DEV microblaze.source.model
Installed 20210408.0 Imperas_DEV microsemi_riscv.model
Installed 20210408.0 Imperas_DEV microsemi_riscv.source.model
Installed 20210408.0 Imperas_DEV mips32.model
Installed 20210408.0 Imperas_DEV mips64.model
Installed 20210408.0 Imperas_DEV openhwgroup_riscv.model
Installed 20210408.0 Imperas_DEV openhwgroup_riscv.source.model
Installed 20210408.0 Imperas_DEV or1k.gdb
Installed 20210408.0 Imperas_DEV or1k.model
Installed 20210408.0 Imperas_DEV or1k.source.model
Installed 20210408.0 Imperas_DEV powerpc32.model
Installed 20210408.0 Imperas_DEV powerpc32.source.model
Installed 20210408.0 Imperas_DEV rh850.model
Installed 20210408.0 Imperas_DEV rh850.source.model
Installed 20210408.0 Imperas_DEV riscv-none-embed-gdb.gdb
Installed 20210408.0 Imperas_DEV riscv.model
Installed 20210408.0 Imperas_DEV riscv.source.model
Installed 20210408.0 Imperas_DEV rl78.model
Installed 20210408.0 Imperas_DEV rl78.source.model
Installed 20210408.0 Imperas_DEV sifive_riscv.model
Installed 20210408.0 Imperas_DEV sifive_riscv.source.model
Installed 20210408.0 Imperas_DEV updatecheck
Installed 20210408.0 Imperas_DEV v850.model
Installed 20210408.0 Imperas_DEV v850.source.model
Installed 20210408.0 Imperas_RenesasUPD70F3441 Imperas_RenesasUPD70F3441
Installed 20210408.0 Imperas_RenesasUPD70F3441 imp-v850.gdb
Installed 20210408.0 riscv.toolchain riscv.toolchain
Installed 20210408.0 Imperas.FlexLM Imperas.FlexLM
Installed 20210408.0 Imperas_SDK CpuManager.Base
Installed 20210408.0 Imperas_SDK Demo_Processors
Installed 20210408.0 Imperas_SDK Imperas.Examples.DS-5
Installed 20210408.0 Imperas_SDK Imperas.ISL
Installed 20210408.0 Imperas_SDK Imperas.Library.Visualization
Installed 20210408.0 Imperas_SDK Imperas.RDDI
Installed 20210408.0 Imperas_SDK Imperas.RemoteDebugger
Installed 20210408.0 Imperas_SDK Imperas.RunTime
Installed 20210408.0 Imperas_SDK Imperas.Timing
Installed 20210408.0 Imperas_SDK Imperas.UserInterface
Installed 20210408.0 Imperas_SDK Imperas.VAP
Installed 20210408.0 Imperas_SDK Imperas.harness
Installed 20210408.0 Imperas_SDK Imperas.iGen
Installed 20210408.0 Imperas_SDK Imperas.iss
Installed 20210408.0 Imperas_SDK Imperas.texgen
Installed 20210408.0 Imperas_SDK Imperas_SDK
Installed 20210408.0 Imperas_SDK Nios_II.model
Installed 20210408.0 Imperas_SDK Nios_II.source.model
Installed 20210408.0 Imperas_SDK OVP.httpvis
Installed 20210408.0 Imperas_SDK OVPsim.Examples.httpvis
Installed 20210408.0 Imperas_SDK OVPsim.ISL
Installed 20210408.0 Imperas_SDK OVPsim.RunTime
Installed 20210408.0 Imperas_SDK OVPsim.iss
Installed 20210408.0 Imperas_SDK SDL
Installed 20210408.0 Imperas_SDK andes_riscv.model
Installed 20210408.0 Imperas_SDK andes_riscv.source.model
Installed 20210408.0 Imperas_SDK arc.model
Installed 20210408.0 Imperas_SDK arm-aarch64-none-elf.gdb
Installed 20210408.0 Imperas_SDK arm-arm-none-eabi.gdb
Installed 20210408.0 Imperas_SDK arm.model
Installed 20210408.0 Imperas_SDK armm.model
Installed 20210408.0 Imperas_SDK imp-arc.gdb
Installed 20210408.0 Imperas_SDK imp-m32c.gdb
Installed 20210408.0 Imperas_SDK imp-microblaze.gdb
Installed 20210408.0 Imperas_SDK imp-mips.gdb
Installed 20210408.0 Imperas_SDK imp-nios2.gdb
Installed 20210408.0 Imperas_SDK imp-powerpc.gdb
Installed 20210408.0 Imperas_SDK imp-pse.gdb
Installed 20210408.0 Imperas_SDK imp-rl78.gdb
Installed 20210408.0 Imperas_SDK imp-v850.gdb
Installed 20210408.0 Imperas_SDK lowrisc_riscv.model
Installed 20210408.0 Imperas_SDK lowrisc_riscv.source.model
Installed 20210408.0 Imperas_SDK m16c.model
Installed 20210408.0 Imperas_SDK m16c.source.model
Installed 20210408.0 Imperas_SDK microblaze.model
Installed 20210408.0 Imperas_SDK microblaze.source.model
Installed 20210408.0 Imperas_SDK microsemi_riscv.model
Installed 20210408.0 Imperas_SDK microsemi_riscv.source.model
Installed 20210408.0 Imperas_SDK mips32.model
Installed 20210408.0 Imperas_SDK mips64.model
Installed 20210408.0 Imperas_SDK openhwgroup_riscv.model
Installed 20210408.0 Imperas_SDK openhwgroup_riscv.source.model
Installed 20210408.0 Imperas_SDK or1k.gdb
Installed 20210408.0 Imperas_SDK or1k.model
Installed 20210408.0 Imperas_SDK or1k.source.model
Installed 20210408.0 Imperas_SDK powerpc32.model
Installed 20210408.0 Imperas_SDK powerpc32.source.model
Installed 20210408.0 Imperas_SDK rh850.model
Installed 20210408.0 Imperas_SDK rh850.source.model
Installed 20210408.0 Imperas_SDK riscv-none-embed-gdb.gdb
Installed 20210408.0 Imperas_SDK riscv-none-embed-gdb.gdb.WoW
Installed 20210408.0 Imperas_SDK riscv.model
Installed 20210408.0 Imperas_SDK riscv.source.model
Installed 20210408.0 Imperas_SDK rl78.model
Installed 20210408.0 Imperas_SDK rl78.source.model
Installed 20210408.0 Imperas_SDK sifive_riscv.model
Installed 20210408.0 Imperas_SDK sifive_riscv.source.model
Installed 20210408.0 Imperas_SDK updatecheck
Installed 20210408.0 Imperas_SDK v850.model
Installed 20210408.0 Imperas_SDK v850.source.model
Installed 20210408.0 UserLabs.TrainingMaterial UserLabs.TrainingMaterial
Installed 20210408.0 Imperas_intercept_instruction_profiling_Linux_MipsMalta Imperas_intercept_instruction_profiling_Linux_MipsMalta
Installed 20210408.0 Imperas_intercept_instruction_profiling_Linux_MipsMalta imp-mips.gdb
Installed 20210408.0 OVPpse.toolchain OVPpse.toolchain
Installed 20210408.0 OVPpse.toolchain imp-pse.gdb
Installed 20210408.0 OVPpse.toolchain riscv-none-embed-gdb.gdb
Installed 20210408.0 OVPpse.toolchain riscv-none-embed-gdb.gdb.WoW
Installed 20210408.0 riscv.toolchain riscv.toolchain

#
# Test make
#
GNU Make 3.82
Built for x86_64-redhat-linux-gnu
Copyright (C) 2010  Free Software Foundation, Inc.
License GPLv3+: GNU GPL version 3 or later <http://gnu.org/licenses/gpl.html>
This is free software: you are free to change and redistribute it.
There is NO WARRANTY, to the extent permitted by law.

#
# Test gcc
#
gcc (GCC) 4.8.5 20150623 (Red Hat 4.8.5-44)
Copyright (C) 2015 Free Software Foundation, Inc.
This is free software; see the source for copying conditions.  There is NO
warranty; not even for MERCHANTABILITY or FITNESS FOR A PARTICULAR PURPOSE.

