
divider.elf:     file format elf32-littleriscv


Disassembly of section .text:

80000000 <__internal_syscall>:
80000000:	fd010113 	addi	sp,sp,-48
80000004:	02812623 	sw	s0,44(sp)
80000008:	03010413 	addi	s0,sp,48
8000000c:	fea42623 	sw	a0,-20(s0)
80000010:	feb42423 	sw	a1,-24(s0)
80000014:	fec42223 	sw	a2,-28(s0)
80000018:	fed42023 	sw	a3,-32(s0)
8000001c:	fce42e23 	sw	a4,-36(s0)
80000020:	fcf42c23 	sw	a5,-40(s0)
80000024:	fd042a23 	sw	a6,-44(s0)
80000028:	fe842503 	lw	a0,-24(s0)
8000002c:	fe442583 	lw	a1,-28(s0)
80000030:	fe042603 	lw	a2,-32(s0)
80000034:	fdc42683 	lw	a3,-36(s0)
80000038:	fd842703 	lw	a4,-40(s0)
8000003c:	fd442783 	lw	a5,-44(s0)
80000040:	fec42883 	lw	a7,-20(s0)
80000044:	00000073 	ecall
80000048:	00000013 	nop
8000004c:	02c12403 	lw	s0,44(sp)
80000050:	03010113 	addi	sp,sp,48
80000054:	00008067 	ret

80000058 <sys_Receive>:
80000058:	fe010113 	addi	sp,sp,-32
8000005c:	00112e23 	sw	ra,28(sp)
80000060:	00812c23 	sw	s0,24(sp)
80000064:	02010413 	addi	s0,sp,32
80000068:	fea42623 	sw	a0,-20(s0)
8000006c:	feb42423 	sw	a1,-24(s0)
80000070:	fec42583 	lw	a1,-20(s0)
80000074:	fe842603 	lw	a2,-24(s0)
80000078:	00000813 	li	a6,0
8000007c:	00000793 	li	a5,0
80000080:	00000713 	li	a4,0
80000084:	00000693 	li	a3,0
80000088:	01e00513 	li	a0,30
8000008c:	f75ff0ef 	jal	ra,80000000 <__internal_syscall>
80000090:	00100793 	li	a5,1
80000094:	00078513 	mv	a0,a5
80000098:	01c12083 	lw	ra,28(sp)
8000009c:	01812403 	lw	s0,24(sp)
800000a0:	02010113 	addi	sp,sp,32
800000a4:	00008067 	ret

800000a8 <sys_Send>:
800000a8:	fe010113 	addi	sp,sp,-32
800000ac:	00112e23 	sw	ra,28(sp)
800000b0:	00812c23 	sw	s0,24(sp)
800000b4:	02010413 	addi	s0,sp,32
800000b8:	fea42623 	sw	a0,-20(s0)
800000bc:	feb42423 	sw	a1,-24(s0)
800000c0:	fec42583 	lw	a1,-20(s0)
800000c4:	fe842603 	lw	a2,-24(s0)
800000c8:	00000813 	li	a6,0
800000cc:	00000793 	li	a5,0
800000d0:	00000713 	li	a4,0
800000d4:	00000693 	li	a3,0
800000d8:	01400513 	li	a0,20
800000dc:	f25ff0ef 	jal	ra,80000000 <__internal_syscall>
800000e0:	00100793 	li	a5,1
800000e4:	00078513 	mv	a0,a5
800000e8:	01c12083 	lw	ra,28(sp)
800000ec:	01812403 	lw	s0,24(sp)
800000f0:	02010113 	addi	sp,sp,32
800000f4:	00008067 	ret

800000f8 <sys_Printi>:
800000f8:	fe010113 	addi	sp,sp,-32
800000fc:	00112e23 	sw	ra,28(sp)
80000100:	00812c23 	sw	s0,24(sp)
80000104:	02010413 	addi	s0,sp,32
80000108:	fea42623 	sw	a0,-20(s0)
8000010c:	fec42583 	lw	a1,-20(s0)
80000110:	00000813 	li	a6,0
80000114:	00000793 	li	a5,0
80000118:	00000713 	li	a4,0
8000011c:	00000693 	li	a3,0
80000120:	00000613 	li	a2,0
80000124:	02800513 	li	a0,40
80000128:	ed9ff0ef 	jal	ra,80000000 <__internal_syscall>
8000012c:	00100793 	li	a5,1
80000130:	00078513 	mv	a0,a5
80000134:	01c12083 	lw	ra,28(sp)
80000138:	01812403 	lw	s0,24(sp)
8000013c:	02010113 	addi	sp,sp,32
80000140:	00008067 	ret

80000144 <sys_Prints>:
80000144:	fe010113 	addi	sp,sp,-32
80000148:	00112e23 	sw	ra,28(sp)
8000014c:	00812c23 	sw	s0,24(sp)
80000150:	02010413 	addi	s0,sp,32
80000154:	fea42623 	sw	a0,-20(s0)
80000158:	fec42583 	lw	a1,-20(s0)
8000015c:	00000813 	li	a6,0
80000160:	00000793 	li	a5,0
80000164:	00000713 	li	a4,0
80000168:	00000693 	li	a3,0
8000016c:	00000613 	li	a2,0
80000170:	03200513 	li	a0,50
80000174:	e8dff0ef 	jal	ra,80000000 <__internal_syscall>
80000178:	00100793 	li	a5,1
8000017c:	00078513 	mv	a0,a5
80000180:	01c12083 	lw	ra,28(sp)
80000184:	01812403 	lw	s0,24(sp)
80000188:	02010113 	addi	sp,sp,32
8000018c:	00008067 	ret

80000190 <sys_Finish>:
80000190:	ff010113 	addi	sp,sp,-16
80000194:	00112623 	sw	ra,12(sp)
80000198:	00812423 	sw	s0,8(sp)
8000019c:	01010413 	addi	s0,sp,16
800001a0:	00000813 	li	a6,0
800001a4:	00000793 	li	a5,0
800001a8:	00000713 	li	a4,0
800001ac:	00000693 	li	a3,0
800001b0:	00000613 	li	a2,0
800001b4:	00000593 	li	a1,0
800001b8:	00a00513 	li	a0,10
800001bc:	e45ff0ef 	jal	ra,80000000 <__internal_syscall>
800001c0:	00100793 	li	a5,1
800001c4:	00078513 	mv	a0,a5
800001c8:	00c12083 	lw	ra,12(sp)
800001cc:	00812403 	lw	s0,8(sp)
800001d0:	01010113 	addi	sp,sp,16
800001d4:	00008067 	ret

800001d8 <sys_Testing>:
800001d8:	fd010113 	addi	sp,sp,-48
800001dc:	02112623 	sw	ra,44(sp)
800001e0:	02812423 	sw	s0,40(sp)
800001e4:	03010413 	addi	s0,sp,48
800001e8:	fea42623 	sw	a0,-20(s0)
800001ec:	feb42423 	sw	a1,-24(s0)
800001f0:	fec42223 	sw	a2,-28(s0)
800001f4:	fed42023 	sw	a3,-32(s0)
800001f8:	fce42e23 	sw	a4,-36(s0)
800001fc:	fcf42c23 	sw	a5,-40(s0)
80000200:	fec42583 	lw	a1,-20(s0)
80000204:	fe842603 	lw	a2,-24(s0)
80000208:	fe442683 	lw	a3,-28(s0)
8000020c:	fe042703 	lw	a4,-32(s0)
80000210:	fdc42783 	lw	a5,-36(s0)
80000214:	fd842503 	lw	a0,-40(s0)
80000218:	00050813 	mv	a6,a0
8000021c:	04200513 	li	a0,66
80000220:	de1ff0ef 	jal	ra,80000000 <__internal_syscall>
80000224:	00100793 	li	a5,1
80000228:	00078513 	mv	a0,a5
8000022c:	02c12083 	lw	ra,44(sp)
80000230:	02812403 	lw	s0,40(sp)
80000234:	03010113 	addi	sp,sp,48
80000238:	00008067 	ret

8000023c <memcpy>:
8000023c:	fd010113 	addi	sp,sp,-48
80000240:	02812623 	sw	s0,44(sp)
80000244:	03010413 	addi	s0,sp,48
80000248:	fca42e23 	sw	a0,-36(s0)
8000024c:	fcb42c23 	sw	a1,-40(s0)
80000250:	fcc42a23 	sw	a2,-44(s0)
80000254:	fd842783 	lw	a5,-40(s0)
80000258:	fef42423 	sw	a5,-24(s0)
8000025c:	fdc42783 	lw	a5,-36(s0)
80000260:	fef42223 	sw	a5,-28(s0)
80000264:	fe042623 	sw	zero,-20(s0)
80000268:	0300006f 	j	80000298 <memcpy+0x5c>
8000026c:	fec42783 	lw	a5,-20(s0)
80000270:	fe842703 	lw	a4,-24(s0)
80000274:	00f70733 	add	a4,a4,a5
80000278:	fec42783 	lw	a5,-20(s0)
8000027c:	fe442683 	lw	a3,-28(s0)
80000280:	00f687b3 	add	a5,a3,a5
80000284:	00074703 	lbu	a4,0(a4)
80000288:	00e78023 	sb	a4,0(a5)
8000028c:	fec42783 	lw	a5,-20(s0)
80000290:	00178793 	addi	a5,a5,1
80000294:	fef42623 	sw	a5,-20(s0)
80000298:	fec42783 	lw	a5,-20(s0)
8000029c:	fd442703 	lw	a4,-44(s0)
800002a0:	fce7e6e3 	bltu	a5,a4,8000026c <memcpy+0x30>
800002a4:	00000013 	nop
800002a8:	02c12403 	lw	s0,44(sp)
800002ac:	03010113 	addi	sp,sp,48
800002b0:	00008067 	ret

800002b4 <main>:
800002b4:	be010113 	addi	sp,sp,-1056
800002b8:	40112e23 	sw	ra,1052(sp)
800002bc:	40812c23 	sw	s0,1048(sp)
800002c0:	42010413 	addi	s0,sp,1056
800002c4:	00000797 	auipc	a5,0x0
800002c8:	71878793 	addi	a5,a5,1816 # 800009dc <start_print>
800002cc:	00078513 	mv	a0,a5
800002d0:	e75ff0ef 	jal	ra,80000144 <sys_Prints>
800002d4:	fe042223 	sw	zero,-28(s0)
800002d8:	fe042623 	sw	zero,-20(s0)
800002dc:	0740006f 	j	80000350 <main+0x9c>
800002e0:	fe042423 	sw	zero,-24(s0)
800002e4:	0540006f 	j	80000338 <main+0x84>
800002e8:	00000717 	auipc	a4,0x0
800002ec:	2f470713 	addi	a4,a4,756 # 800005dc <fpTrix.1021>
800002f0:	fe442783 	lw	a5,-28(s0)
800002f4:	00279793 	slli	a5,a5,0x2
800002f8:	00f707b3 	add	a5,a4,a5
800002fc:	0007a703 	lw	a4,0(a5)
80000300:	fec42783 	lw	a5,-20(s0)
80000304:	00479693 	slli	a3,a5,0x4
80000308:	fe842783 	lw	a5,-24(s0)
8000030c:	00f687b3 	add	a5,a3,a5
80000310:	00279793 	slli	a5,a5,0x2
80000314:	ff040693 	addi	a3,s0,-16
80000318:	00f687b3 	add	a5,a3,a5
8000031c:	bee7a823 	sw	a4,-1040(a5)
80000320:	fe442783 	lw	a5,-28(s0)
80000324:	00178793 	addi	a5,a5,1
80000328:	fef42223 	sw	a5,-28(s0)
8000032c:	fe842783 	lw	a5,-24(s0)
80000330:	00178793 	addi	a5,a5,1
80000334:	fef42423 	sw	a5,-24(s0)
80000338:	fe842703 	lw	a4,-24(s0)
8000033c:	00f00793 	li	a5,15
80000340:	fae7d4e3 	ble	a4,a5,800002e8 <main+0x34>
80000344:	fec42783 	lw	a5,-20(s0)
80000348:	00178793 	addi	a5,a5,1
8000034c:	fef42623 	sw	a5,-20(s0)
80000350:	fec42703 	lw	a4,-20(s0)
80000354:	00f00793 	li	a5,15
80000358:	f8e7d4e3 	ble	a4,a5,800002e0 <main+0x2c>
8000035c:	00000797 	auipc	a5,0x0
80000360:	70478793 	addi	a5,a5,1796 # 80000a60 <msg>
80000364:	01000713 	li	a4,16
80000368:	00e7a023 	sw	a4,0(a5)
8000036c:	fe042223 	sw	zero,-28(s0)
80000370:	00000797 	auipc	a5,0x0
80000374:	68878793 	addi	a5,a5,1672 # 800009f8 <calculations>
80000378:	00078513 	mv	a0,a5
8000037c:	dc9ff0ef 	jal	ra,80000144 <sys_Prints>
80000380:	fe042023 	sw	zero,-32(s0)
80000384:	1180006f 	j	8000049c <main+0x1e8>
80000388:	fe042623 	sw	zero,-20(s0)
8000038c:	0f80006f 	j	80000484 <main+0x1d0>
80000390:	fe042423 	sw	zero,-24(s0)
80000394:	04c0006f 	j	800003e0 <main+0x12c>
80000398:	fec42783 	lw	a5,-20(s0)
8000039c:	00479713 	slli	a4,a5,0x4
800003a0:	fe842783 	lw	a5,-24(s0)
800003a4:	00f707b3 	add	a5,a4,a5
800003a8:	00279793 	slli	a5,a5,0x2
800003ac:	ff040713 	addi	a4,s0,-16
800003b0:	00f707b3 	add	a5,a4,a5
800003b4:	bf07a783 	lw	a5,-1040(a5)
800003b8:	00078693 	mv	a3,a5
800003bc:	00000717 	auipc	a4,0x0
800003c0:	6a470713 	addi	a4,a4,1700 # 80000a60 <msg>
800003c4:	fe842783 	lw	a5,-24(s0)
800003c8:	00279793 	slli	a5,a5,0x2
800003cc:	00f707b3 	add	a5,a4,a5
800003d0:	00d7a223 	sw	a3,4(a5)
800003d4:	fe842783 	lw	a5,-24(s0)
800003d8:	00178793 	addi	a5,a5,1
800003dc:	fef42423 	sw	a5,-24(s0)
800003e0:	fe842703 	lw	a4,-24(s0)
800003e4:	00f00793 	li	a5,15
800003e8:	fae7d8e3 	ble	a4,a5,80000398 <main+0xe4>
800003ec:	fe442783 	lw	a5,-28(s0)
800003f0:	00078513 	mv	a0,a5
800003f4:	d05ff0ef 	jal	ra,800000f8 <sys_Printi>
800003f8:	00000797 	auipc	a5,0x0
800003fc:	64478793 	addi	a5,a5,1604 # 80000a3c <barraene>
80000400:	00078513 	mv	a0,a5
80000404:	d41ff0ef 	jal	ra,80000144 <sys_Prints>
80000408:	00000797 	auipc	a5,0x0
8000040c:	65878793 	addi	a5,a5,1624 # 80000a60 <msg>
80000410:	00000593 	li	a1,0
80000414:	00078513 	mv	a0,a5
80000418:	c91ff0ef 	jal	ra,800000a8 <sys_Send>
8000041c:	00000797 	auipc	a5,0x0
80000420:	64478793 	addi	a5,a5,1604 # 80000a60 <msg>
80000424:	00100593 	li	a1,1
80000428:	00078513 	mv	a0,a5
8000042c:	c7dff0ef 	jal	ra,800000a8 <sys_Send>
80000430:	00000797 	auipc	a5,0x0
80000434:	63078793 	addi	a5,a5,1584 # 80000a60 <msg>
80000438:	00200593 	li	a1,2
8000043c:	00078513 	mv	a0,a5
80000440:	c69ff0ef 	jal	ra,800000a8 <sys_Send>
80000444:	00000797 	auipc	a5,0x0
80000448:	61c78793 	addi	a5,a5,1564 # 80000a60 <msg>
8000044c:	00300593 	li	a1,3
80000450:	00078513 	mv	a0,a5
80000454:	c55ff0ef 	jal	ra,800000a8 <sys_Send>
80000458:	00000797 	auipc	a5,0x0
8000045c:	60878793 	addi	a5,a5,1544 # 80000a60 <msg>
80000460:	00400593 	li	a1,4
80000464:	00078513 	mv	a0,a5
80000468:	c41ff0ef 	jal	ra,800000a8 <sys_Send>
8000046c:	fe442783 	lw	a5,-28(s0)
80000470:	00578793 	addi	a5,a5,5
80000474:	fef42223 	sw	a5,-28(s0)
80000478:	fec42783 	lw	a5,-20(s0)
8000047c:	00178793 	addi	a5,a5,1
80000480:	fef42623 	sw	a5,-20(s0)
80000484:	fec42703 	lw	a4,-20(s0)
80000488:	00f00793 	li	a5,15
8000048c:	f0e7d2e3 	ble	a4,a5,80000390 <main+0xdc>
80000490:	fe042783 	lw	a5,-32(s0)
80000494:	00178793 	addi	a5,a5,1
80000498:	fef42023 	sw	a5,-32(s0)
8000049c:	fe042703 	lw	a4,-32(s0)
800004a0:	06300793 	li	a5,99
800004a4:	eee7d2e3 	ble	a4,a5,80000388 <main+0xd4>
800004a8:	000187b7 	lui	a5,0x18
800004ac:	69f78793 	addi	a5,a5,1695 # 1869f <__internal_syscall-0x7ffe7961>
800004b0:	bef42023 	sw	a5,-1056(s0)
800004b4:	fe042623 	sw	zero,-20(s0)
800004b8:	0ec0006f 	j	800005a4 <main+0x2f0>
800004bc:	00000797 	auipc	a5,0x0
800004c0:	56078793 	addi	a5,a5,1376 # 80000a1c <kill>
800004c4:	00078513 	mv	a0,a5
800004c8:	c7dff0ef 	jal	ra,80000144 <sys_Prints>
800004cc:	fec42783 	lw	a5,-20(s0)
800004d0:	00078513 	mv	a0,a5
800004d4:	c25ff0ef 	jal	ra,800000f8 <sys_Printi>
800004d8:	fe042423 	sw	zero,-24(s0)
800004dc:	04c0006f 	j	80000528 <main+0x274>
800004e0:	fec42783 	lw	a5,-20(s0)
800004e4:	00479713 	slli	a4,a5,0x4
800004e8:	fe842783 	lw	a5,-24(s0)
800004ec:	00f707b3 	add	a5,a4,a5
800004f0:	00279793 	slli	a5,a5,0x2
800004f4:	ff040713 	addi	a4,s0,-16
800004f8:	00f707b3 	add	a5,a4,a5
800004fc:	bf07a783 	lw	a5,-1040(a5)
80000500:	00078693 	mv	a3,a5
80000504:	00000717 	auipc	a4,0x0
80000508:	55c70713 	addi	a4,a4,1372 # 80000a60 <msg>
8000050c:	fe842783 	lw	a5,-24(s0)
80000510:	00279793 	slli	a5,a5,0x2
80000514:	00f707b3 	add	a5,a4,a5
80000518:	00d7a223 	sw	a3,4(a5)
8000051c:	fe842783 	lw	a5,-24(s0)
80000520:	00178793 	addi	a5,a5,1
80000524:	fef42423 	sw	a5,-24(s0)
80000528:	fe842703 	lw	a4,-24(s0)
8000052c:	00f00793 	li	a5,15
80000530:	fae7d8e3 	ble	a4,a5,800004e0 <main+0x22c>
80000534:	00000797 	auipc	a5,0x0
80000538:	52c78793 	addi	a5,a5,1324 # 80000a60 <msg>
8000053c:	00000593 	li	a1,0
80000540:	00078513 	mv	a0,a5
80000544:	b65ff0ef 	jal	ra,800000a8 <sys_Send>
80000548:	00000797 	auipc	a5,0x0
8000054c:	51878793 	addi	a5,a5,1304 # 80000a60 <msg>
80000550:	00100593 	li	a1,1
80000554:	00078513 	mv	a0,a5
80000558:	b51ff0ef 	jal	ra,800000a8 <sys_Send>
8000055c:	00000797 	auipc	a5,0x0
80000560:	50478793 	addi	a5,a5,1284 # 80000a60 <msg>
80000564:	00200593 	li	a1,2
80000568:	00078513 	mv	a0,a5
8000056c:	b3dff0ef 	jal	ra,800000a8 <sys_Send>
80000570:	00000797 	auipc	a5,0x0
80000574:	4f078793 	addi	a5,a5,1264 # 80000a60 <msg>
80000578:	00300593 	li	a1,3
8000057c:	00078513 	mv	a0,a5
80000580:	b29ff0ef 	jal	ra,800000a8 <sys_Send>
80000584:	00000797 	auipc	a5,0x0
80000588:	4dc78793 	addi	a5,a5,1244 # 80000a60 <msg>
8000058c:	00400593 	li	a1,4
80000590:	00078513 	mv	a0,a5
80000594:	b15ff0ef 	jal	ra,800000a8 <sys_Send>
80000598:	fec42783 	lw	a5,-20(s0)
8000059c:	00178793 	addi	a5,a5,1
800005a0:	fef42623 	sw	a5,-20(s0)
800005a4:	fec42703 	lw	a4,-20(s0)
800005a8:	00f00793 	li	a5,15
800005ac:	f0e7d8e3 	ble	a4,a5,800004bc <main+0x208>
800005b0:	00000797 	auipc	a5,0x0
800005b4:	49078793 	addi	a5,a5,1168 # 80000a40 <finish_print>
800005b8:	00078513 	mv	a0,a5
800005bc:	b89ff0ef 	jal	ra,80000144 <sys_Prints>
800005c0:	bd1ff0ef 	jal	ra,80000190 <sys_Finish>
800005c4:	00000793 	li	a5,0
800005c8:	00078513 	mv	a0,a5
800005cc:	41c12083 	lw	ra,1052(sp)
800005d0:	41812403 	lw	s0,1048(sp)
800005d4:	42010113 	addi	sp,sp,1056
800005d8:	00008067 	ret

Disassembly of section .rodata:

800005dc <fpTrix.1021>:
800005dc:	00000001     ....
800005e0:	00000006     ....
800005e4:	00000003     ....
800005e8:	0000270f     .'..
800005ec:	0000270f     .'..
800005f0:	0000270f     .'..
800005f4:	0000270f     .'..
800005f8:	0000270f     .'..
800005fc:	0000270f     .'..
80000600:	0000270f     .'..
80000604:	0000270f     .'..
80000608:	0000270f     .'..
8000060c:	0000270f     .'..
80000610:	0000270f     .'..
80000614:	0000270f     .'..
80000618:	0000270f     .'..
8000061c:	00000006     ....
80000620:	00000001     ....
80000624:	00000002     ....
80000628:	00000005     ....
8000062c:	0000270f     .'..
80000630:	0000270f     .'..
80000634:	00000001     ....
80000638:	0000270f     .'..
8000063c:	0000270f     .'..
80000640:	0000270f     .'..
80000644:	0000270f     .'..
80000648:	0000270f     .'..
8000064c:	0000270f     .'..
80000650:	0000270f     .'..
80000654:	0000270f     .'..
80000658:	0000270f     .'..
8000065c:	00000003     ....
80000660:	00000002     ....
80000664:	00000001     ....
80000668:	00000003     ....
8000066c:	00000004     ....
80000670:	0000270f     .'..
80000674:	0000270f     .'..
80000678:	0000270f     .'..
8000067c:	0000270f     .'..
80000680:	0000270f     .'..
80000684:	0000270f     .'..
80000688:	0000270f     .'..
8000068c:	0000270f     .'..
80000690:	0000270f     .'..
80000694:	0000270f     .'..
80000698:	0000270f     .'..
8000069c:	0000270f     .'..
800006a0:	00000005     ....
800006a4:	00000003     ....
800006a8:	00000001     ....
800006ac:	00000002     ....
800006b0:	00000003     ....
800006b4:	0000270f     .'..
800006b8:	0000270f     .'..
800006bc:	0000270f     .'..
800006c0:	0000270f     .'..
800006c4:	0000270f     .'..
800006c8:	0000270f     .'..
800006cc:	0000270f     .'..
800006d0:	0000270f     .'..
800006d4:	0000270f     .'..
800006d8:	0000270f     .'..
800006dc:	0000270f     .'..
800006e0:	0000270f     .'..
800006e4:	00000004     ....
800006e8:	00000002     ....
800006ec:	00000001     ....
800006f0:	00000005     ....
800006f4:	0000270f     .'..
800006f8:	0000270f     .'..
800006fc:	0000270f     .'..
80000700:	0000270f     .'..
80000704:	0000270f     .'..
80000708:	0000270f     .'..
8000070c:	0000270f     .'..
80000710:	0000270f     .'..
80000714:	0000270f     .'..
80000718:	0000270f     .'..
8000071c:	0000270f     .'..
80000720:	0000270f     .'..
80000724:	0000270f     .'..
80000728:	00000003     ....
8000072c:	00000005     ....
80000730:	00000001     ....
80000734:	00000003     ....
80000738:	00000002     ....
8000073c:	0000270f     .'..
80000740:	0000270f     .'..
80000744:	0000270f     .'..
80000748:	0000270f     .'..
8000074c:	0000270f     .'..
80000750:	0000270f     .'..
80000754:	0000270f     .'..
80000758:	0000270f     .'..
8000075c:	0000270f     .'..
80000760:	00000001     ....
80000764:	0000270f     .'..
80000768:	0000270f     .'..
8000076c:	0000270f     .'..
80000770:	00000003     ....
80000774:	00000001     ....
80000778:	00000004     ....
8000077c:	0000270f     .'..
80000780:	0000270f     .'..
80000784:	0000270f     .'..
80000788:	0000270f     .'..
8000078c:	0000270f     .'..
80000790:	0000270f     .'..
80000794:	0000270f     .'..
80000798:	0000270f     .'..
8000079c:	0000270f     .'..
800007a0:	0000270f     .'..
800007a4:	0000270f     .'..
800007a8:	0000270f     .'..
800007ac:	0000270f     .'..
800007b0:	00000002     ....
800007b4:	00000004     ....
800007b8:	00000001     ....
800007bc:	00000007     ....
800007c0:	0000270f     .'..
800007c4:	0000270f     .'..
800007c8:	0000270f     .'..
800007cc:	0000270f     .'..
800007d0:	0000270f     .'..
800007d4:	0000270f     .'..
800007d8:	0000270f     .'..
800007dc:	0000270f     .'..
800007e0:	0000270f     .'..
800007e4:	0000270f     .'..
800007e8:	0000270f     .'..
800007ec:	0000270f     .'..
800007f0:	0000270f     .'..
800007f4:	0000270f     .'..
800007f8:	00000007     ....
800007fc:	00000001     ....
80000800:	00000005     ....
80000804:	00000001     ....
80000808:	0000270f     .'..
8000080c:	0000270f     .'..
80000810:	0000270f     .'..
80000814:	0000270f     .'..
80000818:	0000270f     .'..
8000081c:	0000270f     .'..
80000820:	0000270f     .'..
80000824:	0000270f     .'..
80000828:	0000270f     .'..
8000082c:	0000270f     .'..
80000830:	0000270f     .'..
80000834:	0000270f     .'..
80000838:	0000270f     .'..
8000083c:	00000005     ....
80000840:	00000001     ....
80000844:	0000270f     .'..
80000848:	00000003     ....
8000084c:	0000270f     .'..
80000850:	0000270f     .'..
80000854:	0000270f     .'..
80000858:	0000270f     .'..
8000085c:	0000270f     .'..
80000860:	0000270f     .'..
80000864:	0000270f     .'..
80000868:	0000270f     .'..
8000086c:	0000270f     .'..
80000870:	0000270f     .'..
80000874:	0000270f     .'..
80000878:	0000270f     .'..
8000087c:	00000001     ....
80000880:	0000270f     .'..
80000884:	00000001     ....
80000888:	0000270f     .'..
8000088c:	00000004     ....
80000890:	0000270f     .'..
80000894:	0000270f     .'..
80000898:	00000008     ....
8000089c:	0000270f     .'..
800008a0:	0000270f     .'..
800008a4:	0000270f     .'..
800008a8:	0000270f     .'..
800008ac:	0000270f     .'..
800008b0:	0000270f     .'..
800008b4:	0000270f     .'..
800008b8:	0000270f     .'..
800008bc:	0000270f     .'..
800008c0:	00000003     ....
800008c4:	0000270f     .'..
800008c8:	00000001     ....
800008cc:	0000270f     .'..
800008d0:	00000002     ....
800008d4:	0000270f     .'..
800008d8:	0000270f     .'..
800008dc:	0000270f     .'..
800008e0:	0000270f     .'..
800008e4:	0000270f     .'..
800008e8:	0000270f     .'..
800008ec:	0000270f     .'..
800008f0:	0000270f     .'..
800008f4:	0000270f     .'..
800008f8:	0000270f     .'..
800008fc:	0000270f     .'..
80000900:	0000270f     .'..
80000904:	00000004     ....
80000908:	0000270f     .'..
8000090c:	00000001     ....
80000910:	00000001     ....
80000914:	0000270f     .'..
80000918:	00000002     ....
8000091c:	0000270f     .'..
80000920:	0000270f     .'..
80000924:	0000270f     .'..
80000928:	0000270f     .'..
8000092c:	0000270f     .'..
80000930:	0000270f     .'..
80000934:	0000270f     .'..
80000938:	0000270f     .'..
8000093c:	0000270f     .'..
80000940:	0000270f     .'..
80000944:	0000270f     .'..
80000948:	00000002     ....
8000094c:	00000001     ....
80000950:	00000001     ....
80000954:	00000006     ....
80000958:	0000270f     .'..
8000095c:	0000270f     .'..
80000960:	0000270f     .'..
80000964:	0000270f     .'..
80000968:	0000270f     .'..
8000096c:	0000270f     .'..
80000970:	0000270f     .'..
80000974:	0000270f     .'..
80000978:	0000270f     .'..
8000097c:	0000270f     .'..
80000980:	0000270f     .'..
80000984:	0000270f     .'..
80000988:	0000270f     .'..
8000098c:	0000270f     .'..
80000990:	00000006     ....
80000994:	00000001     ....
80000998:	00000003     ....
8000099c:	0000270f     .'..
800009a0:	0000270f     .'..
800009a4:	0000270f     .'..
800009a8:	0000270f     .'..
800009ac:	0000270f     .'..
800009b0:	0000270f     .'..
800009b4:	0000270f     .'..
800009b8:	0000270f     .'..
800009bc:	0000270f     .'..
800009c0:	0000270f     .'..
800009c4:	00000008     ....
800009c8:	0000270f     .'..
800009cc:	00000002     ....
800009d0:	0000270f     .'..
800009d4:	00000003     ....
800009d8:	00000001     ....

Disassembly of section .data:

800009dc <start_print>:
800009dc:	72617453     Star
800009e0:	676e6974     ting
800009e4:	6a694420      Dij
800009e8:	7274736b     kstr
800009ec:	69442061     a Di
800009f0:	65646976     vide
800009f4:	000a2e72     r...

800009f8 <calculations>:
800009f8:	72617453     Star
800009fc:	676e6974     ting
80000a00:	6c614320      Cal
80000a04:	616c7563     cula
80000a08:	6e6f6974     tion
80000a0c:	73696420      dis
80000a10:	62697274     trib
80000a14:	6f697475     utio
80000a18:	000a2e6e     n...

80000a1c <kill>:
80000a1c:	72617453     Star
80000a20:	676e6974     ting
80000a24:	6c694b20      Kil
80000a28:	6964206c     l di
80000a2c:	69727473     stri
80000a30:	69747562     buti
80000a34:	0a2e6e6f     on..
80000a38:	00000000     ....

80000a3c <barraene>:
80000a3c:	000a2020       ..

80000a40 <finish_print>:
80000a40:	696e6946     Fini
80000a44:	6e696873     shin
80000a48:	69442067     g Di
80000a4c:	74736b6a     jkst
80000a50:	44206172     ra D
80000a54:	64697669     ivid
80000a58:	0a2e7265     er..
80000a5c:	              .

Disassembly of section .bss:

80000a60 <msg>:
80000a60:	00000000     ....
80000a64:	00000000     ....
80000a68:	00000000     ....
80000a6c:	00000000     ....
80000a70:	00000000     ....
80000a74:	00000000     ....
80000a78:	00000000     ....
80000a7c:	00000000     ....
80000a80:	00000000     ....
80000a84:	00000000     ....
80000a88:	00000000     ....
80000a8c:	00000000     ....
80000a90:	00000000     ....
80000a94:	00000000     ....
80000a98:	00000000     ....
80000a9c:	00000000     ....
80000aa0:	00000000     ....
80000aa4:	00000000     ....
80000aa8:	00000000     ....
80000aac:	00000000     ....
80000ab0:	00000000     ....
80000ab4:	00000000     ....
80000ab8:	00000000     ....
80000abc:	00000000     ....
80000ac0:	00000000     ....
80000ac4:	00000000     ....
80000ac8:	00000000     ....
80000acc:	00000000     ....
80000ad0:	00000000     ....
80000ad4:	00000000     ....
80000ad8:	00000000     ....
80000adc:	00000000     ....
80000ae0:	00000000     ....
80000ae4:	00000000     ....
80000ae8:	00000000     ....
80000aec:	00000000     ....
80000af0:	00000000     ....
80000af4:	00000000     ....
80000af8:	00000000     ....
80000afc:	00000000     ....
80000b00:	00000000     ....
80000b04:	00000000     ....
80000b08:	00000000     ....
80000b0c:	00000000     ....
80000b10:	00000000     ....
80000b14:	00000000     ....
80000b18:	00000000     ....
80000b1c:	00000000     ....
80000b20:	00000000     ....
80000b24:	00000000     ....
80000b28:	00000000     ....
80000b2c:	00000000     ....
80000b30:	00000000     ....
80000b34:	00000000     ....
80000b38:	00000000     ....
80000b3c:	00000000     ....
80000b40:	00000000     ....
80000b44:	00000000     ....
80000b48:	00000000     ....
80000b4c:	00000000     ....
80000b50:	00000000     ....
80000b54:	00000000     ....
80000b58:	00000000     ....
80000b5c:	00000000     ....
80000b60:	00000000     ....
80000b64:	00000000     ....
80000b68:	00000000     ....
80000b6c:	00000000     ....
80000b70:	00000000     ....
80000b74:	00000000     ....
80000b78:	00000000     ....
80000b7c:	00000000     ....
80000b80:	00000000     ....
80000b84:	00000000     ....
80000b88:	00000000     ....
80000b8c:	00000000     ....
80000b90:	00000000     ....
80000b94:	00000000     ....
80000b98:	00000000     ....
80000b9c:	00000000     ....
80000ba0:	00000000     ....
80000ba4:	00000000     ....
80000ba8:	00000000     ....
80000bac:	00000000     ....
80000bb0:	00000000     ....
80000bb4:	00000000     ....
80000bb8:	00000000     ....
80000bbc:	00000000     ....
80000bc0:	00000000     ....
80000bc4:	00000000     ....
80000bc8:	00000000     ....
80000bcc:	00000000     ....
80000bd0:	00000000     ....
80000bd4:	00000000     ....
80000bd8:	00000000     ....
80000bdc:	00000000     ....
80000be0:	00000000     ....
80000be4:	00000000     ....
80000be8:	00000000     ....
80000bec:	00000000     ....
80000bf0:	00000000     ....
80000bf4:	00000000     ....
80000bf8:	00000000     ....
80000bfc:	00000000     ....
80000c00:	00000000     ....
80000c04:	00000000     ....
80000c08:	00000000     ....
80000c0c:	00000000     ....
80000c10:	00000000     ....
80000c14:	00000000     ....
80000c18:	00000000     ....
80000c1c:	00000000     ....
80000c20:	00000000     ....
80000c24:	00000000     ....
80000c28:	00000000     ....
80000c2c:	00000000     ....
80000c30:	00000000     ....
80000c34:	00000000     ....
80000c38:	00000000     ....
80000c3c:	00000000     ....
80000c40:	00000000     ....
80000c44:	00000000     ....
80000c48:	00000000     ....
80000c4c:	00000000     ....
80000c50:	00000000     ....
80000c54:	00000000     ....
80000c58:	00000000     ....
80000c5c:	00000000     ....
80000c60:	00000000     ....
