
print_dij.elf:     file format elf32-littleriscv


Disassembly of section .text:

80000000 <__internal_syscall>:
80000000:	fd010113 	addi	sp,sp,-48
80000004:	02812623 	sw	s0,44(sp)
80000008:	03010413 	addi	s0,sp,48
8000000c:	fea42623 	sw	a0,-20(s0)
80000010:	feb42423 	sw	a1,-24(s0)
80000014:	fec42223 	sw	a2,-28(s0)
80000018:	fed42023 	sw	a3,-32(s0)
8000001c:	fce42e23 	sw	a4,-36(s0)
80000020:	fcf42c23 	sw	a5,-40(s0)
80000024:	fd042a23 	sw	a6,-44(s0)
80000028:	fe842503 	lw	a0,-24(s0)
8000002c:	fe442583 	lw	a1,-28(s0)
80000030:	fe042603 	lw	a2,-32(s0)
80000034:	fdc42683 	lw	a3,-36(s0)
80000038:	fd842703 	lw	a4,-40(s0)
8000003c:	fd442783 	lw	a5,-44(s0)
80000040:	fec42883 	lw	a7,-20(s0)
80000044:	00000073 	ecall
80000048:	00000013 	nop
8000004c:	02c12403 	lw	s0,44(sp)
80000050:	03010113 	addi	sp,sp,48
80000054:	00008067 	ret

80000058 <sys_Receive>:
80000058:	fe010113 	addi	sp,sp,-32
8000005c:	00112e23 	sw	ra,28(sp)
80000060:	00812c23 	sw	s0,24(sp)
80000064:	02010413 	addi	s0,sp,32
80000068:	fea42623 	sw	a0,-20(s0)
8000006c:	feb42423 	sw	a1,-24(s0)
80000070:	fec42583 	lw	a1,-20(s0)
80000074:	fe842603 	lw	a2,-24(s0)
80000078:	00000813 	li	a6,0
8000007c:	00000793 	li	a5,0
80000080:	00000713 	li	a4,0
80000084:	00000693 	li	a3,0
80000088:	01e00513 	li	a0,30
8000008c:	f75ff0ef 	jal	ra,80000000 <__internal_syscall>
80000090:	00100793 	li	a5,1
80000094:	00078513 	mv	a0,a5
80000098:	01c12083 	lw	ra,28(sp)
8000009c:	01812403 	lw	s0,24(sp)
800000a0:	02010113 	addi	sp,sp,32
800000a4:	00008067 	ret

800000a8 <sys_Send>:
800000a8:	fe010113 	addi	sp,sp,-32
800000ac:	00112e23 	sw	ra,28(sp)
800000b0:	00812c23 	sw	s0,24(sp)
800000b4:	02010413 	addi	s0,sp,32
800000b8:	fea42623 	sw	a0,-20(s0)
800000bc:	feb42423 	sw	a1,-24(s0)
800000c0:	fec42583 	lw	a1,-20(s0)
800000c4:	fe842603 	lw	a2,-24(s0)
800000c8:	00000813 	li	a6,0
800000cc:	00000793 	li	a5,0
800000d0:	00000713 	li	a4,0
800000d4:	00000693 	li	a3,0
800000d8:	01400513 	li	a0,20
800000dc:	f25ff0ef 	jal	ra,80000000 <__internal_syscall>
800000e0:	00100793 	li	a5,1
800000e4:	00078513 	mv	a0,a5
800000e8:	01c12083 	lw	ra,28(sp)
800000ec:	01812403 	lw	s0,24(sp)
800000f0:	02010113 	addi	sp,sp,32
800000f4:	00008067 	ret

800000f8 <sys_Printi>:
800000f8:	fe010113 	addi	sp,sp,-32
800000fc:	00112e23 	sw	ra,28(sp)
80000100:	00812c23 	sw	s0,24(sp)
80000104:	02010413 	addi	s0,sp,32
80000108:	fea42623 	sw	a0,-20(s0)
8000010c:	fec42583 	lw	a1,-20(s0)
80000110:	00000813 	li	a6,0
80000114:	00000793 	li	a5,0
80000118:	00000713 	li	a4,0
8000011c:	00000693 	li	a3,0
80000120:	00000613 	li	a2,0
80000124:	02800513 	li	a0,40
80000128:	ed9ff0ef 	jal	ra,80000000 <__internal_syscall>
8000012c:	00100793 	li	a5,1
80000130:	00078513 	mv	a0,a5
80000134:	01c12083 	lw	ra,28(sp)
80000138:	01812403 	lw	s0,24(sp)
8000013c:	02010113 	addi	sp,sp,32
80000140:	00008067 	ret

80000144 <sys_Prints>:
80000144:	fe010113 	addi	sp,sp,-32
80000148:	00112e23 	sw	ra,28(sp)
8000014c:	00812c23 	sw	s0,24(sp)
80000150:	02010413 	addi	s0,sp,32
80000154:	fea42623 	sw	a0,-20(s0)
80000158:	fec42583 	lw	a1,-20(s0)
8000015c:	00000813 	li	a6,0
80000160:	00000793 	li	a5,0
80000164:	00000713 	li	a4,0
80000168:	00000693 	li	a3,0
8000016c:	00000613 	li	a2,0
80000170:	03200513 	li	a0,50
80000174:	e8dff0ef 	jal	ra,80000000 <__internal_syscall>
80000178:	00100793 	li	a5,1
8000017c:	00078513 	mv	a0,a5
80000180:	01c12083 	lw	ra,28(sp)
80000184:	01812403 	lw	s0,24(sp)
80000188:	02010113 	addi	sp,sp,32
8000018c:	00008067 	ret

80000190 <sys_Finish>:
80000190:	ff010113 	addi	sp,sp,-16
80000194:	00112623 	sw	ra,12(sp)
80000198:	00812423 	sw	s0,8(sp)
8000019c:	01010413 	addi	s0,sp,16
800001a0:	00000813 	li	a6,0
800001a4:	00000793 	li	a5,0
800001a8:	00000713 	li	a4,0
800001ac:	00000693 	li	a3,0
800001b0:	00000613 	li	a2,0
800001b4:	00000593 	li	a1,0
800001b8:	00a00513 	li	a0,10
800001bc:	e45ff0ef 	jal	ra,80000000 <__internal_syscall>
800001c0:	00100793 	li	a5,1
800001c4:	00078513 	mv	a0,a5
800001c8:	00c12083 	lw	ra,12(sp)
800001cc:	00812403 	lw	s0,8(sp)
800001d0:	01010113 	addi	sp,sp,16
800001d4:	00008067 	ret

800001d8 <sys_Testing>:
800001d8:	fd010113 	addi	sp,sp,-48
800001dc:	02112623 	sw	ra,44(sp)
800001e0:	02812423 	sw	s0,40(sp)
800001e4:	03010413 	addi	s0,sp,48
800001e8:	fea42623 	sw	a0,-20(s0)
800001ec:	feb42423 	sw	a1,-24(s0)
800001f0:	fec42223 	sw	a2,-28(s0)
800001f4:	fed42023 	sw	a3,-32(s0)
800001f8:	fce42e23 	sw	a4,-36(s0)
800001fc:	fcf42c23 	sw	a5,-40(s0)
80000200:	fec42583 	lw	a1,-20(s0)
80000204:	fe842603 	lw	a2,-24(s0)
80000208:	fe442683 	lw	a3,-28(s0)
8000020c:	fe042703 	lw	a4,-32(s0)
80000210:	fdc42783 	lw	a5,-36(s0)
80000214:	fd842503 	lw	a0,-40(s0)
80000218:	00050813 	mv	a6,a0
8000021c:	04200513 	li	a0,66
80000220:	de1ff0ef 	jal	ra,80000000 <__internal_syscall>
80000224:	00100793 	li	a5,1
80000228:	00078513 	mv	a0,a5
8000022c:	02c12083 	lw	ra,44(sp)
80000230:	02812403 	lw	s0,40(sp)
80000234:	03010113 	addi	sp,sp,48
80000238:	00008067 	ret

8000023c <memcpy>:
8000023c:	fd010113 	addi	sp,sp,-48
80000240:	02812623 	sw	s0,44(sp)
80000244:	03010413 	addi	s0,sp,48
80000248:	fca42e23 	sw	a0,-36(s0)
8000024c:	fcb42c23 	sw	a1,-40(s0)
80000250:	fcc42a23 	sw	a2,-44(s0)
80000254:	fd842783 	lw	a5,-40(s0)
80000258:	fef42423 	sw	a5,-24(s0)
8000025c:	fdc42783 	lw	a5,-36(s0)
80000260:	fef42223 	sw	a5,-28(s0)
80000264:	fe042623 	sw	zero,-20(s0)
80000268:	0300006f 	j	80000298 <memcpy+0x5c>
8000026c:	fec42783 	lw	a5,-20(s0)
80000270:	fe842703 	lw	a4,-24(s0)
80000274:	00f70733 	add	a4,a4,a5
80000278:	fec42783 	lw	a5,-20(s0)
8000027c:	fe442683 	lw	a3,-28(s0)
80000280:	00f687b3 	add	a5,a3,a5
80000284:	00074703 	lbu	a4,0(a4)
80000288:	00e78023 	sb	a4,0(a5)
8000028c:	fec42783 	lw	a5,-20(s0)
80000290:	00178793 	addi	a5,a5,1
80000294:	fef42623 	sw	a5,-20(s0)
80000298:	fec42783 	lw	a5,-20(s0)
8000029c:	fd442703 	lw	a4,-44(s0)
800002a0:	fce7e6e3 	bltu	a5,a4,8000026c <memcpy+0x30>
800002a4:	00000013 	nop
800002a8:	02c12403 	lw	s0,44(sp)
800002ac:	03010113 	addi	sp,sp,48
800002b0:	00008067 	ret

800002b4 <main>:
800002b4:	f6010113 	addi	sp,sp,-160
800002b8:	08112e23 	sw	ra,156(sp)
800002bc:	08812c23 	sw	s0,152(sp)
800002c0:	0a010413 	addi	s0,sp,160
800002c4:	00000797 	auipc	a5,0x0
800002c8:	2d078793 	addi	a5,a5,720 # 80000594 <start_print>
800002cc:	00078513 	mv	a0,a5
800002d0:	e75ff0ef 	jal	ra,80000144 <sys_Prints>
800002d4:	00000797 	auipc	a5,0x0
800002d8:	2dc78793 	addi	a5,a5,732 # 800005b0 <msg>
800002dc:	00000593 	li	a1,0
800002e0:	00078513 	mv	a0,a5
800002e4:	d75ff0ef 	jal	ra,80000058 <sys_Receive>
800002e8:	fe042623 	sw	zero,-20(s0)
800002ec:	05c0006f 	j	80000348 <main+0x94>
800002f0:	00000717 	auipc	a4,0x0
800002f4:	2c070713 	addi	a4,a4,704 # 800005b0 <msg>
800002f8:	fec42783 	lw	a5,-20(s0)
800002fc:	00279793 	slli	a5,a5,0x2
80000300:	00f707b3 	add	a5,a4,a5
80000304:	0047a783 	lw	a5,4(a5)
80000308:	00078713 	mv	a4,a5
8000030c:	fec42783 	lw	a5,-20(s0)
80000310:	00279793 	slli	a5,a5,0x2
80000314:	ff040693 	addi	a3,s0,-16
80000318:	00f687b3 	add	a5,a3,a5
8000031c:	f6e7ae23 	sw	a4,-132(a5)
80000320:	fec42783 	lw	a5,-20(s0)
80000324:	00279793 	slli	a5,a5,0x2
80000328:	ff040713 	addi	a4,s0,-16
8000032c:	00f707b3 	add	a5,a4,a5
80000330:	f7c7a783 	lw	a5,-132(a5)
80000334:	00078513 	mv	a0,a5
80000338:	dc1ff0ef 	jal	ra,800000f8 <sys_Printi>
8000033c:	fec42783 	lw	a5,-20(s0)
80000340:	00178793 	addi	a5,a5,1
80000344:	fef42623 	sw	a5,-20(s0)
80000348:	fec42703 	lw	a4,-20(s0)
8000034c:	01f00793 	li	a5,31
80000350:	fae7d0e3 	ble	a4,a5,800002f0 <main+0x3c>
80000354:	00000797 	auipc	a5,0x0
80000358:	25c78793 	addi	a5,a5,604 # 800005b0 <msg>
8000035c:	00100593 	li	a1,1
80000360:	00078513 	mv	a0,a5
80000364:	cf5ff0ef 	jal	ra,80000058 <sys_Receive>
80000368:	fe042623 	sw	zero,-20(s0)
8000036c:	05c0006f 	j	800003c8 <main+0x114>
80000370:	00000717 	auipc	a4,0x0
80000374:	24070713 	addi	a4,a4,576 # 800005b0 <msg>
80000378:	fec42783 	lw	a5,-20(s0)
8000037c:	00279793 	slli	a5,a5,0x2
80000380:	00f707b3 	add	a5,a4,a5
80000384:	0047a783 	lw	a5,4(a5)
80000388:	00078713 	mv	a4,a5
8000038c:	fec42783 	lw	a5,-20(s0)
80000390:	00279793 	slli	a5,a5,0x2
80000394:	ff040693 	addi	a3,s0,-16
80000398:	00f687b3 	add	a5,a3,a5
8000039c:	f6e7ae23 	sw	a4,-132(a5)
800003a0:	fec42783 	lw	a5,-20(s0)
800003a4:	00279793 	slli	a5,a5,0x2
800003a8:	ff040713 	addi	a4,s0,-16
800003ac:	00f707b3 	add	a5,a4,a5
800003b0:	f7c7a783 	lw	a5,-132(a5)
800003b4:	00078513 	mv	a0,a5
800003b8:	d41ff0ef 	jal	ra,800000f8 <sys_Printi>
800003bc:	fec42783 	lw	a5,-20(s0)
800003c0:	00178793 	addi	a5,a5,1
800003c4:	fef42623 	sw	a5,-20(s0)
800003c8:	fec42703 	lw	a4,-20(s0)
800003cc:	01f00793 	li	a5,31
800003d0:	fae7d0e3 	ble	a4,a5,80000370 <main+0xbc>
800003d4:	00000797 	auipc	a5,0x0
800003d8:	1dc78793 	addi	a5,a5,476 # 800005b0 <msg>
800003dc:	00200593 	li	a1,2
800003e0:	00078513 	mv	a0,a5
800003e4:	c75ff0ef 	jal	ra,80000058 <sys_Receive>
800003e8:	fe042623 	sw	zero,-20(s0)
800003ec:	05c0006f 	j	80000448 <main+0x194>
800003f0:	00000717 	auipc	a4,0x0
800003f4:	1c070713 	addi	a4,a4,448 # 800005b0 <msg>
800003f8:	fec42783 	lw	a5,-20(s0)
800003fc:	00279793 	slli	a5,a5,0x2
80000400:	00f707b3 	add	a5,a4,a5
80000404:	0047a783 	lw	a5,4(a5)
80000408:	00078713 	mv	a4,a5
8000040c:	fec42783 	lw	a5,-20(s0)
80000410:	00279793 	slli	a5,a5,0x2
80000414:	ff040693 	addi	a3,s0,-16
80000418:	00f687b3 	add	a5,a3,a5
8000041c:	f6e7ae23 	sw	a4,-132(a5)
80000420:	fec42783 	lw	a5,-20(s0)
80000424:	00279793 	slli	a5,a5,0x2
80000428:	ff040713 	addi	a4,s0,-16
8000042c:	00f707b3 	add	a5,a4,a5
80000430:	f7c7a783 	lw	a5,-132(a5)
80000434:	00078513 	mv	a0,a5
80000438:	cc1ff0ef 	jal	ra,800000f8 <sys_Printi>
8000043c:	fec42783 	lw	a5,-20(s0)
80000440:	00178793 	addi	a5,a5,1
80000444:	fef42623 	sw	a5,-20(s0)
80000448:	fec42703 	lw	a4,-20(s0)
8000044c:	01f00793 	li	a5,31
80000450:	fae7d0e3 	ble	a4,a5,800003f0 <main+0x13c>
80000454:	00000797 	auipc	a5,0x0
80000458:	15c78793 	addi	a5,a5,348 # 800005b0 <msg>
8000045c:	00300593 	li	a1,3
80000460:	00078513 	mv	a0,a5
80000464:	bf5ff0ef 	jal	ra,80000058 <sys_Receive>
80000468:	fe042623 	sw	zero,-20(s0)
8000046c:	05c0006f 	j	800004c8 <main+0x214>
80000470:	00000717 	auipc	a4,0x0
80000474:	14070713 	addi	a4,a4,320 # 800005b0 <msg>
80000478:	fec42783 	lw	a5,-20(s0)
8000047c:	00279793 	slli	a5,a5,0x2
80000480:	00f707b3 	add	a5,a4,a5
80000484:	0047a783 	lw	a5,4(a5)
80000488:	00078713 	mv	a4,a5
8000048c:	fec42783 	lw	a5,-20(s0)
80000490:	00279793 	slli	a5,a5,0x2
80000494:	ff040693 	addi	a3,s0,-16
80000498:	00f687b3 	add	a5,a3,a5
8000049c:	f6e7ae23 	sw	a4,-132(a5)
800004a0:	fec42783 	lw	a5,-20(s0)
800004a4:	00279793 	slli	a5,a5,0x2
800004a8:	ff040713 	addi	a4,s0,-16
800004ac:	00f707b3 	add	a5,a4,a5
800004b0:	f7c7a783 	lw	a5,-132(a5)
800004b4:	00078513 	mv	a0,a5
800004b8:	c41ff0ef 	jal	ra,800000f8 <sys_Printi>
800004bc:	fec42783 	lw	a5,-20(s0)
800004c0:	00178793 	addi	a5,a5,1
800004c4:	fef42623 	sw	a5,-20(s0)
800004c8:	fec42703 	lw	a4,-20(s0)
800004cc:	01f00793 	li	a5,31
800004d0:	fae7d0e3 	ble	a4,a5,80000470 <main+0x1bc>
800004d4:	00000797 	auipc	a5,0x0
800004d8:	0dc78793 	addi	a5,a5,220 # 800005b0 <msg>
800004dc:	00400593 	li	a1,4
800004e0:	00078513 	mv	a0,a5
800004e4:	b75ff0ef 	jal	ra,80000058 <sys_Receive>
800004e8:	fe042623 	sw	zero,-20(s0)
800004ec:	05c0006f 	j	80000548 <main+0x294>
800004f0:	00000717 	auipc	a4,0x0
800004f4:	0c070713 	addi	a4,a4,192 # 800005b0 <msg>
800004f8:	fec42783 	lw	a5,-20(s0)
800004fc:	00279793 	slli	a5,a5,0x2
80000500:	00f707b3 	add	a5,a4,a5
80000504:	0047a783 	lw	a5,4(a5)
80000508:	00078713 	mv	a4,a5
8000050c:	fec42783 	lw	a5,-20(s0)
80000510:	00279793 	slli	a5,a5,0x2
80000514:	ff040693 	addi	a3,s0,-16
80000518:	00f687b3 	add	a5,a3,a5
8000051c:	f6e7ae23 	sw	a4,-132(a5)
80000520:	fec42783 	lw	a5,-20(s0)
80000524:	00279793 	slli	a5,a5,0x2
80000528:	ff040713 	addi	a4,s0,-16
8000052c:	00f707b3 	add	a5,a4,a5
80000530:	f7c7a783 	lw	a5,-132(a5)
80000534:	00078513 	mv	a0,a5
80000538:	bc1ff0ef 	jal	ra,800000f8 <sys_Printi>
8000053c:	fec42783 	lw	a5,-20(s0)
80000540:	00178793 	addi	a5,a5,1
80000544:	fef42623 	sw	a5,-20(s0)
80000548:	fec42703 	lw	a4,-20(s0)
8000054c:	01f00793 	li	a5,31
80000550:	fae7d0e3 	ble	a4,a5,800004f0 <main+0x23c>
80000554:	00000797 	auipc	a5,0x0
80000558:	02c78793 	addi	a5,a5,44 # 80000580 <finish_print>
8000055c:	00078513 	mv	a0,a5
80000560:	be5ff0ef 	jal	ra,80000144 <sys_Prints>
80000564:	c2dff0ef 	jal	ra,80000190 <sys_Finish>
80000568:	00000793 	li	a5,0
8000056c:	00078513 	mv	a0,a5
80000570:	09c12083 	lw	ra,156(sp)
80000574:	09812403 	lw	s0,152(sp)
80000578:	0a010113 	addi	sp,sp,160
8000057c:	00008067 	ret

Disassembly of section .data:

80000580 <finish_print>:
80000580:	4b4a4944     DIJK
80000584:	41525453     STRA
80000588:	4e494620      FIN
8000058c:	45485349     ISHE
80000590:	00000044     D...

80000594 <start_print>:
80000594:	72617453     Star
80000598:	676e6974     ting
8000059c:	69725020      Pri
800005a0:	4420746e     nt D
800005a4:	736b6a69     ijks
800005a8:	2e617274     tra.
800005ac:	              ..

Disassembly of section .bss:

800005b0 <msg>:
800005b0:	00000000     ....
800005b4:	00000000     ....
800005b8:	00000000     ....
800005bc:	00000000     ....
800005c0:	00000000     ....
800005c4:	00000000     ....
800005c8:	00000000     ....
800005cc:	00000000     ....
800005d0:	00000000     ....
800005d4:	00000000     ....
800005d8:	00000000     ....
800005dc:	00000000     ....
800005e0:	00000000     ....
800005e4:	00000000     ....
800005e8:	00000000     ....
800005ec:	00000000     ....
800005f0:	00000000     ....
800005f4:	00000000     ....
800005f8:	00000000     ....
800005fc:	00000000     ....
80000600:	00000000     ....
80000604:	00000000     ....
80000608:	00000000     ....
8000060c:	00000000     ....
80000610:	00000000     ....
80000614:	00000000     ....
80000618:	00000000     ....
8000061c:	00000000     ....
80000620:	00000000     ....
80000624:	00000000     ....
80000628:	00000000     ....
8000062c:	00000000     ....
80000630:	00000000     ....
80000634:	00000000     ....
80000638:	00000000     ....
8000063c:	00000000     ....
80000640:	00000000     ....
80000644:	00000000     ....
80000648:	00000000     ....
8000064c:	00000000     ....
80000650:	00000000     ....
80000654:	00000000     ....
80000658:	00000000     ....
8000065c:	00000000     ....
80000660:	00000000     ....
80000664:	00000000     ....
80000668:	00000000     ....
8000066c:	00000000     ....
80000670:	00000000     ....
80000674:	00000000     ....
80000678:	00000000     ....
8000067c:	00000000     ....
80000680:	00000000     ....
80000684:	00000000     ....
80000688:	00000000     ....
8000068c:	00000000     ....
80000690:	00000000     ....
80000694:	00000000     ....
80000698:	00000000     ....
8000069c:	00000000     ....
800006a0:	00000000     ....
800006a4:	00000000     ....
800006a8:	00000000     ....
800006ac:	00000000     ....
800006b0:	00000000     ....
800006b4:	00000000     ....
800006b8:	00000000     ....
800006bc:	00000000     ....
800006c0:	00000000     ....
800006c4:	00000000     ....
800006c8:	00000000     ....
800006cc:	00000000     ....
800006d0:	00000000     ....
800006d4:	00000000     ....
800006d8:	00000000     ....
800006dc:	00000000     ....
800006e0:	00000000     ....
800006e4:	00000000     ....
800006e8:	00000000     ....
800006ec:	00000000     ....
800006f0:	00000000     ....
800006f4:	00000000     ....
800006f8:	00000000     ....
800006fc:	00000000     ....
80000700:	00000000     ....
80000704:	00000000     ....
80000708:	00000000     ....
8000070c:	00000000     ....
80000710:	00000000     ....
80000714:	00000000     ....
80000718:	00000000     ....
8000071c:	00000000     ....
80000720:	00000000     ....
80000724:	00000000     ....
80000728:	00000000     ....
8000072c:	00000000     ....
80000730:	00000000     ....
80000734:	00000000     ....
80000738:	00000000     ....
8000073c:	00000000     ....
80000740:	00000000     ....
80000744:	00000000     ....
80000748:	00000000     ....
8000074c:	00000000     ....
80000750:	00000000     ....
80000754:	00000000     ....
80000758:	00000000     ....
8000075c:	00000000     ....
80000760:	00000000     ....
80000764:	00000000     ....
80000768:	00000000     ....
8000076c:	00000000     ....
80000770:	00000000     ....
80000774:	00000000     ....
80000778:	00000000     ....
8000077c:	00000000     ....
80000780:	00000000     ....
80000784:	00000000     ....
80000788:	00000000     ....
8000078c:	00000000     ....
80000790:	00000000     ....
80000794:	00000000     ....
80000798:	00000000     ....
8000079c:	00000000     ....
800007a0:	00000000     ....
800007a4:	00000000     ....
800007a8:	00000000     ....
800007ac:	00000000     ....
800007b0:	00000000     ....
