Info Session started: Thu Oct  7 21:37:54 2021

Info ------------- ENVIRONMENT -------------
Info IMPERAS_ARCH                             = Linux64
Info IMPERASD_LICENSE_FILE                    = 2700@kriti.inf.pucrs.br
Info IMPERAS_BACKTRACE                        = 1
Info IMPERAS_HOME                             = /soft64/imperas/ferramentas/Imperas.20210408
Info IMPERAS_ISS                              = /soft64/imperas/ferramentas/Imperas.20210408/bin/Linux64/iss.exe
Info IMPERAS_M32                              = 0
Info IMPERAS_OP_TRACE                         = 1
Info IMPERAS_PERSONALITY                      = CPUMAN_MULTI
Info IMPERAS_RUNTIME                          = CpuManager
Info IMPERAS_SHRSUF                           = so
Info IMPERAS_UNAME                            = Linux
Info IMPERAS_VLNV                             = /soft64/imperas/ferramentas/Imperas.20210408/lib/Linux64/ImperasLib
Info LD_LIBRARY_PATH                          = /soft64/util/accelera/systemc/2.3.1/lib-linux64:/soft64/tcltk/lib:/soft64/tcltk/lib/:/soft64/tcltk/lib/tclx8.4/:/soft64/imperas/ferramentas/Imperas.20210408/bin/Linux64:/soft64/imperas/ferramentas/Imperas.20210408/lib/Linux64/External/lib:/soft64/imperas/ferramentas/Imperas.20210408/bin/Linux64
Info LM_LICENSE_FILE                          = 2700@kriti.inf.pucrs.br
Info SYSTEMC_HOME                             = /soft64/util/accelera/systemc/2.3.1
Info SYSTEMC                                  = /soft64/util/accelera/systemc/2.3.1
Info --------------------------------------
Info -------- FLAGS (from harness/harness.Linux64.exe)
Info --program  cpu0=FreeRTOS/Debug/miv-rv32im-freertos-port-test.elf
Info --override  uart0/console=T
Info --override  uart0/finishOnDisconnect=T
Info --override  uart0/outfile=simulation/uart0.log
Info --program  cpu1=FreeRTOS/Debug/miv-rv32im-freertos-port-test.elf
Info --override  uart1/console=T
Info --override  uart1/finishOnDisconnect=T
Info --override  uart1/outfile=simulation/uart1.log
Info --program  cpu2=FreeRTOS/Debug/miv-rv32im-freertos-port-test.elf
Info --override  uart2/console=T
Info --override  uart2/finishOnDisconnect=T
Info --override  uart2/outfile=simulation/uart2.log
Info --program  cpu3=FreeRTOS/Debug/miv-rv32im-freertos-port-test.elf
Info --override  uart3/console=T
Info --override  uart3/finishOnDisconnect=T
Info --override  uart3/outfile=simulation/uart3.log
Info --program  cpu4=FreeRTOS/Debug/miv-rv32im-freertos-port-test.elf
Info --override  uart4/console=T
Info --override  uart4/finishOnDisconnect=T
Info --override  uart4/outfile=simulation/uart4.log
Info --program  cpu5=FreeRTOS/Debug/miv-rv32im-freertos-port-test.elf
Info --override  uart5/console=T
Info --override  uart5/finishOnDisconnect=T
Info --override  uart5/outfile=simulation/uart5.log
Info --program  cpu6=FreeRTOS/Debug/miv-rv32im-freertos-port-test.elf
Info --override  uart6/console=T
Info --override  uart6/finishOnDisconnect=T
Info --override  uart6/outfile=simulation/uart6.log
Info --program  cpu7=FreeRTOS/Debug/miv-rv32im-freertos-port-test.elf
Info --override  uart7/console=T
Info --override  uart7/finishOnDisconnect=T
Info --override  uart7/outfile=simulation/uart7.log
Info --program  cpu8=FreeRTOS/Debug/miv-rv32im-freertos-port-test.elf
Info --override  uart8/console=T
Info --override  uart8/finishOnDisconnect=T
Info --override  uart8/outfile=simulation/uart8.log
Info --verbose
Info --output  simulation/imperas.log
Info --------------------------------------
Return: opCmdParseArgs = (Bool)1
Enter : opCmdParseArgs( parser=0x7fe3cf683020, argc=76,)
    argc: harness/harness.Linux64.exe --program cpu0=FreeRTOS/Debug/miv-rv32im-freertos-port-test.elf --override uart0/console=T --override uart0/finishOnDisconnect=T --override uart0/outfile=simulation/uart0.log --program cpu1=FreeRTOS/Debug/miv-rv32im-freertos-port-test.elf --override uart1/console=T --override uart1/finishOnDisconnect=T --override uart1/outfile=simulation/uart1.log --program cpu2=FreeRTOS/Debug/miv-rv32im-freertos-port-test.elf --override uart2/console=T --override uart2/finishOnDisconnect=T --override uart2/outfile=simulation/uart2.log --program cpu3=FreeRTOS/Debug/miv-rv32im-freertos-port-test.elf --override uart3/console=T --override uart3/finishOnDisconnect=T --override uart3/outfile=simulation/uart3.log --program cpu4=FreeRTOS/Debug/miv-rv32im-freertos-port-test.elf --override uart4/console=T --override uart4/finishOnDisconnect=T --override uart4/outfile=simulation/uart4.log --program cpu5=FreeRTOS/Debug/miv-rv32im-freertos-port-test.elf --override uart5/console=T --override uart5/finishOnDisconnect=T --override uart5/outfile=simulation/uart5.log --program cpu6=FreeRTOS/Debug/miv-rv32im-freertos-port-test.elf --override uart6/console=T --override uart6/finishOnDisconnect=T --override uart6/outfile=simulation/uart6.log --program cpu7=FreeRTOS/Debug/miv-rv32im-freertos-port-test.elf --override uart7/console=T --override uart7/finishOnDisconnect=T --override uart7/outfile=simulation/uart7.log --program cpu8=FreeRTOS/Debug/miv-rv32im-freertos-port-test.elf --override uart8/console=T --override uart8/finishOnDisconnect=T --override uart8/outfile=simulation/uart8.log --verbose --output simulation/imperas.log
Warning (CM_MF) flag 'output' specified more than once (last value accepted).
Info -------- FLAGS (from harness/harness.Linux64.exe)
Info --program  cpu0=FreeRTOS/Debug/miv-rv32im-freertos-port-test.elf
Info --override  uart0/console=T
Info --override  uart0/finishOnDisconnect=T
Info --override  uart0/outfile=simulation/uart0.log
Info --program  cpu1=FreeRTOS/Debug/miv-rv32im-freertos-port-test.elf
Info --override  uart1/console=T
Info --override  uart1/finishOnDisconnect=T
Info --override  uart1/outfile=simulation/uart1.log
Info --program  cpu2=FreeRTOS/Debug/miv-rv32im-freertos-port-test.elf
Info --override  uart2/console=T
Info --override  uart2/finishOnDisconnect=T
Info --override  uart2/outfile=simulation/uart2.log
Info --program  cpu3=FreeRTOS/Debug/miv-rv32im-freertos-port-test.elf
Info --override  uart3/console=T
Info --override  uart3/finishOnDisconnect=T
Info --override  uart3/outfile=simulation/uart3.log
Info --program  cpu4=FreeRTOS/Debug/miv-rv32im-freertos-port-test.elf
Info --override  uart4/console=T
Info --override  uart4/finishOnDisconnect=T
Info --override  uart4/outfile=simulation/uart4.log
Info --program  cpu5=FreeRTOS/Debug/miv-rv32im-freertos-port-test.elf
Info --override  uart5/console=T
Info --override  uart5/finishOnDisconnect=T
Info --override  uart5/outfile=simulation/uart5.log
Info --program  cpu6=FreeRTOS/Debug/miv-rv32im-freertos-port-test.elf
Info --override  uart6/console=T
Info --override  uart6/finishOnDisconnect=T
Info --override  uart6/outfile=simulation/uart6.log
Info --program  cpu7=FreeRTOS/Debug/miv-rv32im-freertos-port-test.elf
Info --override  uart7/console=T
Info --override  uart7/finishOnDisconnect=T
Info --override  uart7/outfile=simulation/uart7.log
Info --program  cpu8=FreeRTOS/Debug/miv-rv32im-freertos-port-test.elf
Info --override  uart8/console=T
Info --override  uart8/finishOnDisconnect=T
Info --override  uart8/outfile=simulation/uart8.log
Info --verbose
Info --output  simulation/imperas.log
Info --------------------------------------
Return: opCmdParseArgs = (Bool)1
Enter : opRootModuleNew( attrs=0x5646a835a020, name="top", params=0x7fe3cf687020)


CpuManagerMulti (64-Bit) v20210408.0 Open Virtual Platform simulator from www.IMPERAS.com.
Copyright (c) 2005-2021 Imperas Software Ltd.  Contains Imperas Proprietary Information.
Licensed Software, All Rights Reserved.
Visit www.IMPERAS.com for multicore debug, verification and analysis solutions.

CpuManagerMulti started: Thu Oct  7 21:37:54 2021


Return: opRootModuleNew = (nlModuleP)0x7fe3cf6851c8
Enter : opModuleNew( module=0x7fe3cf6851c8, path="module", name="u2", connections=(nil), params=(nil))
Enter : opBusNew( module=0x7fe3cf670a20, name="cpu0Bus", addrBits=32, portName="(null)", params=(nil))
Return: opBusNew = (nlBusP)0x7fe3cf689f28
Enter : opBusNew( module=0x7fe3cf670a20, name="cpu1Bus", addrBits=32, portName="(null)", params=(nil))
Return: opBusNew = (nlBusP)0x7fe3cf670ed0
Enter : opBusNew( module=0x7fe3cf670a20, name="cpu2Bus", addrBits=32, portName="(null)", params=(nil))
Return: opBusNew = (nlBusP)0x7fe3cf66f0f8
Enter : opBusNew( module=0x7fe3cf670a20, name="cpu3Bus", addrBits=32, portName="(null)", params=(nil))
Return: opBusNew = (nlBusP)0x7fe3cf66f2c8
Enter : opBusNew( module=0x7fe3cf670a20, name="cpu4Bus", addrBits=32, portName="(null)", params=(nil))
Return: opBusNew = (nlBusP)0x7fe3cf66f498
Enter : opBusNew( module=0x7fe3cf670a20, name="cpu5Bus", addrBits=32, portName="(null)", params=(nil))
Return: opBusNew = (nlBusP)0x7fe3cf66f668
Enter : opBusNew( module=0x7fe3cf670a20, name="cpu6Bus", addrBits=32, portName="(null)", params=(nil))
Return: opBusNew = (nlBusP)0x7fe3cf66f838
Enter : opBusNew( module=0x7fe3cf670a20, name="cpu7Bus", addrBits=32, portName="(null)", params=(nil))
Return: opBusNew = (nlBusP)0x7fe3cf66fa08
Enter : opBusNew( module=0x7fe3cf670a20, name="cpu8Bus", addrBits=32, portName="(null)", params=(nil))
Return: opBusNew = (nlBusP)0x7fe3cf66fbd8
Enter : opNetNew( module=0x7fe3cf670a20, name="eip0", portName="(null)", params=(nil))
Return: opNetNew = (nlNetP)0x7fe3cf66fda8
Enter : opNetNew( module=0x7fe3cf670a20, name="eip1", portName="(null)", params=(nil))
Return: opNetNew = (nlNetP)0x7fe3cf66fef0
Enter : opNetNew( module=0x7fe3cf670a20, name="eip2", portName="(null)", params=(nil))
Return: opNetNew = (nlNetP)0x7fe3cf66d058
Enter : opNetNew( module=0x7fe3cf670a20, name="eip3", portName="(null)", params=(nil))
Return: opNetNew = (nlNetP)0x7fe3cf66d1a0
Enter : opNetNew( module=0x7fe3cf670a20, name="eip4", portName="(null)", params=(nil))
Return: opNetNew = (nlNetP)0x7fe3cf66d2e8
Enter : opNetNew( module=0x7fe3cf670a20, name="eip5", portName="(null)", params=(nil))
Return: opNetNew = (nlNetP)0x7fe3cf66d430
Enter : opNetNew( module=0x7fe3cf670a20, name="eip6", portName="(null)", params=(nil))
Return: opNetNew = (nlNetP)0x7fe3cf66d578
Enter : opNetNew( module=0x7fe3cf670a20, name="eip7", portName="(null)", params=(nil))
Return: opNetNew = (nlNetP)0x7fe3cf66d6c0
Enter : opNetNew( module=0x7fe3cf670a20, name="eip8", portName="(null)", params=(nil))
Return: opNetNew = (nlNetP)0x7fe3cf66d808
Enter : opNetNew( module=0x7fe3cf670a20, name="MTimerInterrupt0", portName="(null)", params=(nil))
Return: opNetNew = (nlNetP)0x7fe3cf66d950
Enter : opNetNew( module=0x7fe3cf670a20, name="MSWInterrupt0", portName="(null)", params=(nil))
Return: opNetNew = (nlNetP)0x7fe3cf66dac8
Enter : opNetNew( module=0x7fe3cf670a20, name="intNI_TX0", portName="(null)", params=(nil))
Return: opNetNew = (nlNetP)0x7fe3cf66dc28
Enter : opNetNew( module=0x7fe3cf670a20, name="intNI_RX0", portName="(null)", params=(nil))
Return: opNetNew = (nlNetP)0x7fe3cf66dd88
Enter : opNetNew( module=0x7fe3cf670a20, name="MTimerInterrupt1", portName="(null)", params=(nil))
Return: opNetNew = (nlNetP)0x7fe3cf66dee8
Enter : opNetNew( module=0x7fe3cf670a20, name="MSWInterrupt1", portName="(null)", params=(nil))
Return: opNetNew = (nlNetP)0x7fe3cf66c090
Enter : opNetNew( module=0x7fe3cf670a20, name="intNI_TX1", portName="(null)", params=(nil))
Return: opNetNew = (nlNetP)0x7fe3cf66c1f0
Enter : opNetNew( module=0x7fe3cf670a20, name="intNI_RX1", portName="(null)", params=(nil))
Return: opNetNew = (nlNetP)0x7fe3cf66c350
Enter : opNetNew( module=0x7fe3cf670a20, name="MTimerInterrupt2", portName="(null)", params=(nil))
Return: opNetNew = (nlNetP)0x7fe3cf66c4b0
Enter : opNetNew( module=0x7fe3cf670a20, name="MSWInterrupt2", portName="(null)", params=(nil))
Return: opNetNew = (nlNetP)0x7fe3cf66c628
Enter : opNetNew( module=0x7fe3cf670a20, name="intNI_TX2", portName="(null)", params=(nil))
Return: opNetNew = (nlNetP)0x7fe3cf66c788
Enter : opNetNew( module=0x7fe3cf670a20, name="intNI_RX2", portName="(null)", params=(nil))
Return: opNetNew = (nlNetP)0x7fe3cf66c8e8
Enter : opNetNew( module=0x7fe3cf670a20, name="MTimerInterrupt3", portName="(null)", params=(nil))
Return: opNetNew = (nlNetP)0x7fe3cf66ca48
Enter : opNetNew( module=0x7fe3cf670a20, name="MSWInterrupt3", portName="(null)", params=(nil))
Return: opNetNew = (nlNetP)0x7fe3cf66cbc0
Enter : opNetNew( module=0x7fe3cf670a20, name="intNI_TX3", portName="(null)", params=(nil))
Return: opNetNew = (nlNetP)0x7fe3cf66cd20
Enter : opNetNew( module=0x7fe3cf670a20, name="intNI_RX3", portName="(null)", params=(nil))
Return: opNetNew = (nlNetP)0x7fe3cf66ce80
Enter : opNetNew( module=0x7fe3cf670a20, name="MTimerInterrupt4", portName="(null)", params=(nil))
Return: opNetNew = (nlNetP)0x7fe3cf66b020
Enter : opNetNew( module=0x7fe3cf670a20, name="MSWInterrupt4", portName="(null)", params=(nil))
Return: opNetNew = (nlNetP)0x7fe3cf66b198
Enter : opNetNew( module=0x7fe3cf670a20, name="intNI_TX4", portName="(null)", params=(nil))
Return: opNetNew = (nlNetP)0x7fe3cf66b2f8
Enter : opNetNew( module=0x7fe3cf670a20, name="intNI_RX4", portName="(null)", params=(nil))
Return: opNetNew = (nlNetP)0x7fe3cf66b458
Enter : opNetNew( module=0x7fe3cf670a20, name="MTimerInterrupt5", portName="(null)", params=(nil))
Return: opNetNew = (nlNetP)0x7fe3cf66b5b8
Enter : opNetNew( module=0x7fe3cf670a20, name="MSWInterrupt5", portName="(null)", params=(nil))
Return: opNetNew = (nlNetP)0x7fe3cf66b730
Enter : opNetNew( module=0x7fe3cf670a20, name="intNI_TX5", portName="(null)", params=(nil))
Return: opNetNew = (nlNetP)0x7fe3cf66b890
Enter : opNetNew( module=0x7fe3cf670a20, name="intNI_RX5", portName="(null)", params=(nil))
Return: opNetNew = (nlNetP)0x7fe3cf66b9f0
Enter : opNetNew( module=0x7fe3cf670a20, name="MTimerInterrupt6", portName="(null)", params=(nil))
Return: opNetNew = (nlNetP)0x7fe3cf66bb50
Enter : opNetNew( module=0x7fe3cf670a20, name="MSWInterrupt6", portName="(null)", params=(nil))
Return: opNetNew = (nlNetP)0x7fe3cf66bcc8
Enter : opNetNew( module=0x7fe3cf670a20, name="intNI_TX6", portName="(null)", params=(nil))
Return: opNetNew = (nlNetP)0x7fe3cf66be28
Enter : opNetNew( module=0x7fe3cf670a20, name="intNI_RX6", portName="(null)", params=(nil))
Return: opNetNew = (nlNetP)0x7fe3cf66bf88
Enter : opNetNew( module=0x7fe3cf670a20, name="MTimerInterrupt7", portName="(null)", params=(nil))
Return: opNetNew = (nlNetP)0x7fe3cf66a118
Enter : opNetNew( module=0x7fe3cf670a20, name="MSWInterrupt7", portName="(null)", params=(nil))
Return: opNetNew = (nlNetP)0x7fe3cf66a290
Enter : opNetNew( module=0x7fe3cf670a20, name="intNI_TX7", portName="(null)", params=(nil))
Return: opNetNew = (nlNetP)0x7fe3cf66a3f0
Enter : opNetNew( module=0x7fe3cf670a20, name="intNI_RX7", portName="(null)", params=(nil))
Return: opNetNew = (nlNetP)0x7fe3cf66a550
Enter : opNetNew( module=0x7fe3cf670a20, name="MTimerInterrupt8", portName="(null)", params=(nil))
Return: opNetNew = (nlNetP)0x7fe3cf66a6b0
Enter : opNetNew( module=0x7fe3cf670a20, name="MSWInterrupt8", portName="(null)", params=(nil))
Return: opNetNew = (nlNetP)0x7fe3cf66a828
Enter : opNetNew( module=0x7fe3cf670a20, name="intNI_TX8", portName="(null)", params=(nil))
Return: opNetNew = (nlNetP)0x7fe3cf66a988
Enter : opNetNew( module=0x7fe3cf670a20, name="intNI_RX8", portName="(null)", params=(nil))
Return: opNetNew = (nlNetP)0x7fe3cf66aae8
Enter : opPacketnetNew( module=0x7fe3cf670a20, name="data_0_0_TEA", portName="(null)", params=(nil))
Return: opPacketnetNew = (nlPacketnetP)0x7fe3cf66ac48
Enter : opPacketnetNew( module=0x7fe3cf670a20, name="ctrl_0_0_TEA", portName="(null)", params=(nil))
Return: opPacketnetNew = (nlPacketnetP)0x7fe3cf669020
Enter : opPacketnetNew( module=0x7fe3cf670a20, name="data_0_0_REPOSITORY", portName="(null)", params=(nil))
Return: opPacketnetNew = (nlPacketnetP)0x7fe3cf669368
Enter : opPacketnetNew( module=0x7fe3cf670a20, name="ctrl_0_0_REPOSITORY", portName="(null)", params=(nil))
Return: opPacketnetNew = (nlPacketnetP)0x7fe3cf6696c0
Enter : opPacketnetNew( module=0x7fe3cf670a20, name="data_0_0_L", portName="(null)", params=(nil))
Return: opPacketnetNew = (nlPacketnetP)0x7fe3cf669a18
Enter : opPacketnetNew( module=0x7fe3cf670a20, name="ctrl_0_0_L", portName="(null)", params=(nil))
Return: opPacketnetNew = (nlPacketnetP)0x7fe3cf669d60
Enter : opPacketnetNew( module=0x7fe3cf670a20, name="data_0_0_E", portName="(null)", params=(nil))
Return: opPacketnetNew = (nlPacketnetP)0x7fe3cf668110
Enter : opPacketnetNew( module=0x7fe3cf670a20, name="data_0_0_W", portName="(null)", params=(nil))
Return: opPacketnetNew = (nlPacketnetP)0x7fe3cf668458
Enter : opPacketnetNew( module=0x7fe3cf670a20, name="data_0_0_N", portName="(null)", params=(nil))
Return: opPacketnetNew = (nlPacketnetP)0x7fe3cf6687a0
Enter : opPacketnetNew( module=0x7fe3cf670a20, name="data_0_0_S", portName="(null)", params=(nil))
Return: opPacketnetNew = (nlPacketnetP)0x7fe3cf668ae8
Enter : opPacketnetNew( module=0x7fe3cf670a20, name="ctrl_0_0_E", portName="(null)", params=(nil))
Return: opPacketnetNew = (nlPacketnetP)0x7fe3cf668e30
Enter : opPacketnetNew( module=0x7fe3cf670a20, name="ctrl_0_0_W", portName="(null)", params=(nil))
Return: opPacketnetNew = (nlPacketnetP)0x7fe3cf667198
Enter : opPacketnetNew( module=0x7fe3cf670a20, name="ctrl_0_0_N", portName="(null)", params=(nil))
Return: opPacketnetNew = (nlPacketnetP)0x7fe3cf6674e0
Enter : opPacketnetNew( module=0x7fe3cf670a20, name="ctrl_0_0_S", portName="(null)", params=(nil))
Return: opPacketnetNew = (nlPacketnetP)0x7fe3cf667828
Enter : opPacketnetNew( module=0x7fe3cf670a20, name="data_0_1_L", portName="(null)", params=(nil))
Return: opPacketnetNew = (nlPacketnetP)0x7fe3cf667b70
Enter : opPacketnetNew( module=0x7fe3cf670a20, name="ctrl_0_1_L", portName="(null)", params=(nil))
Return: opPacketnetNew = (nlPacketnetP)0x7fe3cf667eb8
Enter : opPacketnetNew( module=0x7fe3cf670a20, name="data_0_2_L", portName="(null)", params=(nil))
Return: opPacketnetNew = (nlPacketnetP)0x7fe3cf662260
Enter : opPacketnetNew( module=0x7fe3cf670a20, name="ctrl_0_2_L", portName="(null)", params=(nil))
Return: opPacketnetNew = (nlPacketnetP)0x7fe3cf6625a8
Enter : opPacketnetNew( module=0x7fe3cf670a20, name="data_0_2_E", portName="(null)", params=(nil))
Return: opPacketnetNew = (nlPacketnetP)0x7fe3cf6628f0
Enter : opPacketnetNew( module=0x7fe3cf670a20, name="data_0_2_W", portName="(null)", params=(nil))
Return: opPacketnetNew = (nlPacketnetP)0x7fe3cf662c38
Enter : opPacketnetNew( module=0x7fe3cf670a20, name="data_0_2_N", portName="(null)", params=(nil))
Return: opPacketnetNew = (nlPacketnetP)0x7fe3cf662f80
Enter : opPacketnetNew( module=0x7fe3cf670a20, name="data_0_2_S", portName="(null)", params=(nil))
Return: opPacketnetNew = (nlPacketnetP)0x7fe3cf6612f0
Enter : opPacketnetNew( module=0x7fe3cf670a20, name="ctrl_0_2_E", portName="(null)", params=(nil))
Return: opPacketnetNew = (nlPacketnetP)0x7fe3cf661638
Enter : opPacketnetNew( module=0x7fe3cf670a20, name="ctrl_0_2_W", portName="(null)", params=(nil))
Return: opPacketnetNew = (nlPacketnetP)0x7fe3cf661980
Enter : opPacketnetNew( module=0x7fe3cf670a20, name="ctrl_0_2_N", portName="(null)", params=(nil))
Return: opPacketnetNew = (nlPacketnetP)0x7fe3cf661cc8
Enter : opPacketnetNew( module=0x7fe3cf670a20, name="ctrl_0_2_S", portName="(null)", params=(nil))
Return: opPacketnetNew = (nlPacketnetP)0x7fe3cf660038
Enter : opPacketnetNew( module=0x7fe3cf670a20, name="data_1_0_L", portName="(null)", params=(nil))
Return: opPacketnetNew = (nlPacketnetP)0x7fe3cf660380
Enter : opPacketnetNew( module=0x7fe3cf670a20, name="ctrl_1_0_L", portName="(null)", params=(nil))
Return: opPacketnetNew = (nlPacketnetP)0x7fe3cf6606c8
Enter : opPacketnetNew( module=0x7fe3cf670a20, name="data_1_1_L", portName="(null)", params=(nil))
Return: opPacketnetNew = (nlPacketnetP)0x7fe3cf660a10
Enter : opPacketnetNew( module=0x7fe3cf670a20, name="ctrl_1_1_L", portName="(null)", params=(nil))
Return: opPacketnetNew = (nlPacketnetP)0x7fe3cf660d58
Enter : opPacketnetNew( module=0x7fe3cf670a20, name="data_1_1_E", portName="(null)", params=(nil))
Return: opPacketnetNew = (nlPacketnetP)0x7fe3cf65f110
Enter : opPacketnetNew( module=0x7fe3cf670a20, name="data_1_1_W", portName="(null)", params=(nil))
Return: opPacketnetNew = (nlPacketnetP)0x7fe3cf65f458
Enter : opPacketnetNew( module=0x7fe3cf670a20, name="data_1_1_N", portName="(null)", params=(nil))
Return: opPacketnetNew = (nlPacketnetP)0x7fe3cf65f7a0
Enter : opPacketnetNew( module=0x7fe3cf670a20, name="data_1_1_S", portName="(null)", params=(nil))
Return: opPacketnetNew = (nlPacketnetP)0x7fe3cf65fae8
Enter : opPacketnetNew( module=0x7fe3cf670a20, name="ctrl_1_1_E", portName="(null)", params=(nil))
Return: opPacketnetNew = (nlPacketnetP)0x7fe3cf65fe30
Enter : opPacketnetNew( module=0x7fe3cf670a20, name="ctrl_1_1_W", portName="(null)", params=(nil))
Return: opPacketnetNew = (nlPacketnetP)0x7fe3cf65e198
Enter : opPacketnetNew( module=0x7fe3cf670a20, name="ctrl_1_1_N", portName="(null)", params=(nil))
Return: opPacketnetNew = (nlPacketnetP)0x7fe3cf65e4e0
Enter : opPacketnetNew( module=0x7fe3cf670a20, name="ctrl_1_1_S", portName="(null)", params=(nil))
Return: opPacketnetNew = (nlPacketnetP)0x7fe3cf65e828
Enter : opPacketnetNew( module=0x7fe3cf670a20, name="data_1_2_L", portName="(null)", params=(nil))
Return: opPacketnetNew = (nlPacketnetP)0x7fe3cf65eb70
Enter : opPacketnetNew( module=0x7fe3cf670a20, name="ctrl_1_2_L", portName="(null)", params=(nil))
Return: opPacketnetNew = (nlPacketnetP)0x7fe3cf65eeb8
Enter : opPacketnetNew( module=0x7fe3cf670a20, name="data_2_0_L", portName="(null)", params=(nil))
Return: opPacketnetNew = (nlPacketnetP)0x7fe3cf65d260
Enter : opPacketnetNew( module=0x7fe3cf670a20, name="ctrl_2_0_L", portName="(null)", params=(nil))
Return: opPacketnetNew = (nlPacketnetP)0x7fe3cf65d5a8
Enter : opPacketnetNew( module=0x7fe3cf670a20, name="data_2_0_E", portName="(null)", params=(nil))
Return: opPacketnetNew = (nlPacketnetP)0x7fe3cf65d8f0
Enter : opPacketnetNew( module=0x7fe3cf670a20, name="data_2_0_W", portName="(null)", params=(nil))
Return: opPacketnetNew = (nlPacketnetP)0x7fe3cf65dc38
Enter : opPacketnetNew( module=0x7fe3cf670a20, name="data_2_0_N", portName="(null)", params=(nil))
Return: opPacketnetNew = (nlPacketnetP)0x7fe3cf65df80
Enter : opPacketnetNew( module=0x7fe3cf670a20, name="data_2_0_S", portName="(null)", params=(nil))
Return: opPacketnetNew = (nlPacketnetP)0x7fe3cf65c2f0
Enter : opPacketnetNew( module=0x7fe3cf670a20, name="ctrl_2_0_E", portName="(null)", params=(nil))
Return: opPacketnetNew = (nlPacketnetP)0x7fe3cf65c638
Enter : opPacketnetNew( module=0x7fe3cf670a20, name="ctrl_2_0_W", portName="(null)", params=(nil))
Return: opPacketnetNew = (nlPacketnetP)0x7fe3cf65c980
Enter : opPacketnetNew( module=0x7fe3cf670a20, name="ctrl_2_0_N", portName="(null)", params=(nil))
Return: opPacketnetNew = (nlPacketnetP)0x7fe3cf65ccc8
Enter : opPacketnetNew( module=0x7fe3cf670a20, name="ctrl_2_0_S", portName="(null)", params=(nil))
Return: opPacketnetNew = (nlPacketnetP)0x7fe3cf65b038
Enter : opPacketnetNew( module=0x7fe3cf670a20, name="data_2_1_L", portName="(null)", params=(nil))
Return: opPacketnetNew = (nlPacketnetP)0x7fe3cf65b380
Enter : opPacketnetNew( module=0x7fe3cf670a20, name="ctrl_2_1_L", portName="(null)", params=(nil))
Return: opPacketnetNew = (nlPacketnetP)0x7fe3cf65b6c8
Enter : opPacketnetNew( module=0x7fe3cf670a20, name="data_2_2_L", portName="(null)", params=(nil))
Return: opPacketnetNew = (nlPacketnetP)0x7fe3cf65ba10
Enter : opPacketnetNew( module=0x7fe3cf670a20, name="ctrl_2_2_L", portName="(null)", params=(nil))
Return: opPacketnetNew = (nlPacketnetP)0x7fe3cf65bd58
Enter : opPacketnetNew( module=0x7fe3cf670a20, name="data_2_2_E", portName="(null)", params=(nil))
Return: opPacketnetNew = (nlPacketnetP)0x7fe3cf65a110
Enter : opPacketnetNew( module=0x7fe3cf670a20, name="data_2_2_W", portName="(null)", params=(nil))
Return: opPacketnetNew = (nlPacketnetP)0x7fe3cf65a458
Enter : opPacketnetNew( module=0x7fe3cf670a20, name="data_2_2_N", portName="(null)", params=(nil))
Return: opPacketnetNew = (nlPacketnetP)0x7fe3cf65a7a0
Enter : opPacketnetNew( module=0x7fe3cf670a20, name="data_2_2_S", portName="(null)", params=(nil))
Return: opPacketnetNew = (nlPacketnetP)0x7fe3cf65aae8
Enter : opPacketnetNew( module=0x7fe3cf670a20, name="ctrl_2_2_E", portName="(null)", params=(nil))
Return: opPacketnetNew = (nlPacketnetP)0x7fe3cf65ae30
Enter : opPacketnetNew( module=0x7fe3cf670a20, name="ctrl_2_2_W", portName="(null)", params=(nil))
Return: opPacketnetNew = (nlPacketnetP)0x7fe3cf659198
Enter : opPacketnetNew( module=0x7fe3cf670a20, name="ctrl_2_2_N", portName="(null)", params=(nil))
Return: opPacketnetNew = (nlPacketnetP)0x7fe3cf6594e0
Enter : opPacketnetNew( module=0x7fe3cf670a20, name="ctrl_2_2_S", portName="(null)", params=(nil))
Return: opPacketnetNew = (nlPacketnetP)0x7fe3cf659828
Enter : opPacketnetNew( module=0x7fe3cf670a20, name="iteration_0", portName="(null)", params=(nil))
Return: opPacketnetNew = (nlPacketnetP)0x7fe3cf659b70
Enter : opPacketnetNew( module=0x7fe3cf670a20, name="iteration_1", portName="(null)", params=(nil))
Return: opPacketnetNew = (nlPacketnetP)0x7fe3cf659eb8
Enter : opPacketnetNew( module=0x7fe3cf670a20, name="iteration_2", portName="(null)", params=(nil))
Return: opPacketnetNew = (nlPacketnetP)0x7fe3cf658260
Enter : opPacketnetNew( module=0x7fe3cf670a20, name="iteration_3", portName="(null)", params=(nil))
Return: opPacketnetNew = (nlPacketnetP)0x7fe3cf6585a8
Enter : opPacketnetNew( module=0x7fe3cf670a20, name="iteration_4", portName="(null)", params=(nil))
Return: opPacketnetNew = (nlPacketnetP)0x7fe3cf6588f0
Enter : opPacketnetNew( module=0x7fe3cf670a20, name="iteration_5", portName="(null)", params=(nil))
Return: opPacketnetNew = (nlPacketnetP)0x7fe3cf658c38
Enter : opPacketnetNew( module=0x7fe3cf670a20, name="iteration_6", portName="(null)", params=(nil))
Return: opPacketnetNew = (nlPacketnetP)0x7fe3cf658f80
Enter : opPacketnetNew( module=0x7fe3cf670a20, name="iteration_7", portName="(null)", params=(nil))
Return: opPacketnetNew = (nlPacketnetP)0x7fe3cf6572f0
Enter : opPacketnetNew( module=0x7fe3cf670a20, name="iteration_8", portName="(null)", params=(nil))
Return: opPacketnetNew = (nlPacketnetP)0x7fe3cf657638
Enter : opVLNVString( vlnvroot="(null)", vendor="riscv.ovpworld.org", library="processor", name="riscv", version="1.0", type=0, reportErrors=1)
Return: opVLNVString = (const char*)"/soft64/imperas/ferramentas/Imperas.20210408/lib/Linux64/ImperasLib/riscv.ovpworld.org/processor/riscv/1.0/model.so"
Enter : opParamListFromArray( array=0x7ffd0d64a1c0)
Return: opParamListFromArray = (nlParamP)0x7fe3cf657980
Enter : opProcessorNew( module=0x7fe3cf670a20, path="/soft64/imperas/ferramentas/Imperas.20210408/lib/Linux64/ImperasLib/riscv.ovpworld.org/processor/riscv/1.0/model.so", name="cpu0", connections=0x7ffd0d64a250, params=0x7fe3cf657980)
  connections:
    busPortConns:
        master: INSTRUCTION     0x7fe3cf689f28 [0x0-0x0]
        master: DATA            0x7fe3cf689f28 [0x0-0x0]
    netPortConns:
        MExternalInterrupt 0x7fe3cf66fda8
        MTimerInterrupt 0x7fe3cf66d950
        MSWInterrupt    0x7fe3cf66dac8
Return: opProcessorNew = (nlProcessorP)0x7fe3cf654790
Enter : opVLNVString( vlnvroot="(null)", vendor="riscv.ovpworld.org", library="processor", name="riscv", version="1.0", type=0, reportErrors=1)
Return: opVLNVString = (const char*)"/soft64/imperas/ferramentas/Imperas.20210408/lib/Linux64/ImperasLib/riscv.ovpworld.org/processor/riscv/1.0/model.so"
Enter : opParamListFromArray( array=0x7ffd0d64a330)
Return: opParamListFromArray = (nlParamP)0x7fe3cf62e838
Enter : opProcessorNew( module=0x7fe3cf670a20, path="/soft64/imperas/ferramentas/Imperas.20210408/lib/Linux64/ImperasLib/riscv.ovpworld.org/processor/riscv/1.0/model.so", name="cpu1", connections=0x7ffd0d64a3e0, params=0x7fe3cf62e838)
  connections:
    busPortConns:
        master: INSTRUCTION     0x7fe3cf670ed0 [0x0-0x0]
        master: DATA            0x7fe3cf670ed0 [0x0-0x0]
    netPortConns:
        MExternalInterrupt 0x7fe3cf66fef0
        MTimerInterrupt 0x7fe3cf66dee8
        MSWInterrupt    0x7fe3cf66c090
Return: opProcessorNew = (nlProcessorP)0x7fe3cf62c920
Enter : opVLNVString( vlnvroot="(null)", vendor="riscv.ovpworld.org", library="processor", name="riscv", version="1.0", type=0, reportErrors=1)
Return: opVLNVString = (const char*)"/soft64/imperas/ferramentas/Imperas.20210408/lib/Linux64/ImperasLib/riscv.ovpworld.org/processor/riscv/1.0/model.so"
Enter : opParamListFromArray( array=0x7ffd0d64a4c0)
Return: opParamListFromArray = (nlParamP)0x7fe3cf615190
Enter : opProcessorNew( module=0x7fe3cf670a20, path="/soft64/imperas/ferramentas/Imperas.20210408/lib/Linux64/ImperasLib/riscv.ovpworld.org/processor/riscv/1.0/model.so", name="cpu2", connections=0x7ffd0d64a570, params=0x7fe3cf615190)
  connections:
    busPortConns:
        master: INSTRUCTION     0x7fe3cf66f0f8 [0x0-0x0]
        master: DATA            0x7fe3cf66f0f8 [0x0-0x0]
    netPortConns:
        MExternalInterrupt 0x7fe3cf66d058
        MTimerInterrupt 0x7fe3cf66c4b0
        MSWInterrupt    0x7fe3cf66c628
Return: opProcessorNew = (nlProcessorP)0x7fe3cf6132b8
Enter : opVLNVString( vlnvroot="(null)", vendor="riscv.ovpworld.org", library="processor", name="riscv", version="1.0", type=0, reportErrors=1)
Return: opVLNVString = (const char*)"/soft64/imperas/ferramentas/Imperas.20210408/lib/Linux64/ImperasLib/riscv.ovpworld.org/processor/riscv/1.0/model.so"
Enter : opParamListFromArray( array=0x7ffd0d64a650)
Return: opParamListFromArray = (nlParamP)0x7fe3cf5fdb80
Enter : opProcessorNew( module=0x7fe3cf670a20, path="/soft64/imperas/ferramentas/Imperas.20210408/lib/Linux64/ImperasLib/riscv.ovpworld.org/processor/riscv/1.0/model.so", name="cpu3", connections=0x7ffd0d64a700, params=0x7fe3cf5fdb80)
  connections:
    busPortConns:
        master: INSTRUCTION     0x7fe3cf66f2c8 [0x0-0x0]
        master: DATA            0x7fe3cf66f2c8 [0x0-0x0]
    netPortConns:
        MExternalInterrupt 0x7fe3cf66d1a0
        MTimerInterrupt 0x7fe3cf66ca48
        MSWInterrupt    0x7fe3cf66cbc0
Return: opProcessorNew = (nlProcessorP)0x7fe3cf5fbc98
Enter : opVLNVString( vlnvroot="(null)", vendor="riscv.ovpworld.org", library="processor", name="riscv", version="1.0", type=0, reportErrors=1)
Return: opVLNVString = (const char*)"/soft64/imperas/ferramentas/Imperas.20210408/lib/Linux64/ImperasLib/riscv.ovpworld.org/processor/riscv/1.0/model.so"
Enter : opParamListFromArray( array=0x7ffd0d64a7e0)
Return: opParamListFromArray = (nlParamP)0x7fe3cf5e45e8
Enter : opProcessorNew( module=0x7fe3cf670a20, path="/soft64/imperas/ferramentas/Imperas.20210408/lib/Linux64/ImperasLib/riscv.ovpworld.org/processor/riscv/1.0/model.so", name="cpu4", connections=0x7ffd0d64a890, params=0x7fe3cf5e45e8)
  connections:
    busPortConns:
        master: INSTRUCTION     0x7fe3cf66f498 [0x0-0x0]
        master: DATA            0x7fe3cf66f498 [0x0-0x0]
    netPortConns:
        MExternalInterrupt 0x7fe3cf66d2e8
        MTimerInterrupt 0x7fe3cf66b020
        MSWInterrupt    0x7fe3cf66b198
Return: opProcessorNew = (nlProcessorP)0x7fe3cf5e26a0
Enter : opVLNVString( vlnvroot="(null)", vendor="riscv.ovpworld.org", library="processor", name="riscv", version="1.0", type=0, reportErrors=1)
Return: opVLNVString = (const char*)"/soft64/imperas/ferramentas/Imperas.20210408/lib/Linux64/ImperasLib/riscv.ovpworld.org/processor/riscv/1.0/model.so"
Enter : opParamListFromArray( array=0x7ffd0d64a970)
Return: opParamListFromArray = (nlParamP)0x7fe3cf5cb180
Enter : opProcessorNew( module=0x7fe3cf670a20, path="/soft64/imperas/ferramentas/Imperas.20210408/lib/Linux64/ImperasLib/riscv.ovpworld.org/processor/riscv/1.0/model.so", name="cpu5", connections=0x7ffd0d64aa20, params=0x7fe3cf5cb180)
  connections:
    busPortConns:
        master: INSTRUCTION     0x7fe3cf66f668 [0x0-0x0]
        master: DATA            0x7fe3cf66f668 [0x0-0x0]
    netPortConns:
        MExternalInterrupt 0x7fe3cf66d430
        MTimerInterrupt 0x7fe3cf66b5b8
        MSWInterrupt    0x7fe3cf66b730
Return: opProcessorNew = (nlProcessorP)0x7fe3cf5c92b8
Enter : opVLNVString( vlnvroot="(null)", vendor="riscv.ovpworld.org", library="processor", name="riscv", version="1.0", type=0, reportErrors=1)
Return: opVLNVString = (const char*)"/soft64/imperas/ferramentas/Imperas.20210408/lib/Linux64/ImperasLib/riscv.ovpworld.org/processor/riscv/1.0/model.so"
Enter : opParamListFromArray( array=0x7ffd0d64ab00)
Return: opParamListFromArray = (nlParamP)0x7fe3cf5b3b80
Enter : opProcessorNew( module=0x7fe3cf670a20, path="/soft64/imperas/ferramentas/Imperas.20210408/lib/Linux64/ImperasLib/riscv.ovpworld.org/processor/riscv/1.0/model.so", name="cpu6", connections=0x7ffd0d64abb0, params=0x7fe3cf5b3b80)
  connections:
    busPortConns:
        master: INSTRUCTION     0x7fe3cf66f838 [0x0-0x0]
        master: DATA            0x7fe3cf66f838 [0x0-0x0]
    netPortConns:
        MExternalInterrupt 0x7fe3cf66d578
        MTimerInterrupt 0x7fe3cf66bb50
        MSWInterrupt    0x7fe3cf66bcc8
Return: opProcessorNew = (nlProcessorP)0x7fe3cf5b1c98
Enter : opVLNVString( vlnvroot="(null)", vendor="riscv.ovpworld.org", library="processor", name="riscv", version="1.0", type=0, reportErrors=1)
Return: opVLNVString = (const char*)"/soft64/imperas/ferramentas/Imperas.20210408/lib/Linux64/ImperasLib/riscv.ovpworld.org/processor/riscv/1.0/model.so"
Enter : opParamListFromArray( array=0x7ffd0d64ac90)
Return: opParamListFromArray = (nlParamP)0x7fe3cf59a5e8
Enter : opProcessorNew( module=0x7fe3cf670a20, path="/soft64/imperas/ferramentas/Imperas.20210408/lib/Linux64/ImperasLib/riscv.ovpworld.org/processor/riscv/1.0/model.so", name="cpu7", connections=0x7ffd0d64ad40, params=0x7fe3cf59a5e8)
  connections:
    busPortConns:
        master: INSTRUCTION     0x7fe3cf66fa08 [0x0-0x0]
        master: DATA            0x7fe3cf66fa08 [0x0-0x0]
    netPortConns:
        MExternalInterrupt 0x7fe3cf66d6c0
        MTimerInterrupt 0x7fe3cf66a118
        MSWInterrupt    0x7fe3cf66a290
Return: opProcessorNew = (nlProcessorP)0x7fe3cf5986a0
Enter : opVLNVString( vlnvroot="(null)", vendor="riscv.ovpworld.org", library="processor", name="riscv", version="1.0", type=0, reportErrors=1)
Return: opVLNVString = (const char*)"/soft64/imperas/ferramentas/Imperas.20210408/lib/Linux64/ImperasLib/riscv.ovpworld.org/processor/riscv/1.0/model.so"
Enter : opParamListFromArray( array=0x7ffd0d64ae20)
Return: opParamListFromArray = (nlParamP)0x7fe3cf581180
Enter : opProcessorNew( module=0x7fe3cf670a20, path="/soft64/imperas/ferramentas/Imperas.20210408/lib/Linux64/ImperasLib/riscv.ovpworld.org/processor/riscv/1.0/model.so", name="cpu8", connections=0x7ffd0d64aed0, params=0x7fe3cf581180)
  connections:
    busPortConns:
        master: INSTRUCTION     0x7fe3cf66fbd8 [0x0-0x0]
        master: DATA            0x7fe3cf66fbd8 [0x0-0x0]
    netPortConns:
        MExternalInterrupt 0x7fe3cf66d808
        MTimerInterrupt 0x7fe3cf66a6b0
        MSWInterrupt    0x7fe3cf66a828
Return: opProcessorNew = (nlProcessorP)0x7fe3cf57f2b8
Enter : opMemoryNew( module=0x7fe3cf670a20, name="nvram0", priv=7, maxAddress=0x3ffff, connections=0x7ffd0d64afb0, params=(nil))
  connections:
    busPortConns:
        slave : sp1             0x7fe3cf689f28 [0x60000000-0x6003ffff]
Return: opMemoryNew = (nlMemoryP)0x7fe3cf569b80
Enter : opMemoryNew( module=0x7fe3cf670a20, name="ddr0", priv=7, maxAddress=0xfffffff, connections=0x7ffd0d64b020, params=(nil))
  connections:
    busPortConns:
        slave : sp1             0x7fe3cf689f28 [0x80000000-0x8fffffff]
Return: opMemoryNew = (nlMemoryP)0x7fe3cf569d20
Enter : opMemoryNew( module=0x7fe3cf670a20, name="stk0", priv=7, maxAddress=0xfffff, connections=0x7ffd0d64b090, params=(nil))
  connections:
    busPortConns:
        slave : sp1             0x7fe3cf689f28 [0xfff00000-0xffffffff]
Return: opMemoryNew = (nlMemoryP)0x7fe3cf569ec0
Enter : opMemoryNew( module=0x7fe3cf670a20, name="nvram1", priv=7, maxAddress=0x3ffff, connections=0x7ffd0d64b100, params=(nil))
  connections:
    busPortConns:
        slave : sp1             0x7fe3cf670ed0 [0x60000000-0x6003ffff]
Return: opMemoryNew = (nlMemoryP)0x7fe3cf5660b8
Enter : opMemoryNew( module=0x7fe3cf670a20, name="ddr1", priv=7, maxAddress=0xfffffff, connections=0x7ffd0d64b170, params=(nil))
  connections:
    busPortConns:
        slave : sp1             0x7fe3cf670ed0 [0x80000000-0x8fffffff]
Return: opMemoryNew = (nlMemoryP)0x7fe3cf566258
Enter : opMemoryNew( module=0x7fe3cf670a20, name="stk1", priv=7, maxAddress=0xfffff, connections=0x7ffd0d64b1e0, params=(nil))
  connections:
    busPortConns:
        slave : sp1             0x7fe3cf670ed0 [0xfff00000-0xffffffff]
Return: opMemoryNew = (nlMemoryP)0x7fe3cf5663f8
Enter : opMemoryNew( module=0x7fe3cf670a20, name="nvram2", priv=7, maxAddress=0x3ffff, connections=0x7ffd0d64b250, params=(nil))
  connections:
    busPortConns:
        slave : sp1             0x7fe3cf66f0f8 [0x60000000-0x6003ffff]
Return: opMemoryNew = (nlMemoryP)0x7fe3cf566598
Enter : opMemoryNew( module=0x7fe3cf670a20, name="ddr2", priv=7, maxAddress=0xfffffff, connections=0x7ffd0d64b2c0, params=(nil))
  connections:
    busPortConns:
        slave : sp1             0x7fe3cf66f0f8 [0x80000000-0x8fffffff]
Return: opMemoryNew = (nlMemoryP)0x7fe3cf566738
Enter : opMemoryNew( module=0x7fe3cf670a20, name="stk2", priv=7, maxAddress=0xfffff, connections=0x7ffd0d64b330, params=(nil))
  connections:
    busPortConns:
        slave : sp1             0x7fe3cf66f0f8 [0xfff00000-0xffffffff]
Return: opMemoryNew = (nlMemoryP)0x7fe3cf5668d8
Enter : opMemoryNew( module=0x7fe3cf670a20, name="nvram3", priv=7, maxAddress=0x3ffff, connections=0x7ffd0d64b3a0, params=(nil))
  connections:
    busPortConns:
        slave : sp1             0x7fe3cf66f2c8 [0x60000000-0x6003ffff]
Return: opMemoryNew = (nlMemoryP)0x7fe3cf566a78
Enter : opMemoryNew( module=0x7fe3cf670a20, name="ddr3", priv=7, maxAddress=0xfffffff, connections=0x7ffd0d64b410, params=(nil))
  connections:
    busPortConns:
        slave : sp1             0x7fe3cf66f2c8 [0x80000000-0x8fffffff]
Return: opMemoryNew = (nlMemoryP)0x7fe3cf566c18
Enter : opMemoryNew( module=0x7fe3cf670a20, name="stk3", priv=7, maxAddress=0xfffff, connections=0x7ffd0d64b480, params=(nil))
  connections:
    busPortConns:
        slave : sp1             0x7fe3cf66f2c8 [0xfff00000-0xffffffff]
Return: opMemoryNew = (nlMemoryP)0x7fe3cf566db8
Enter : opMemoryNew( module=0x7fe3cf670a20, name="nvram4", priv=7, maxAddress=0x3ffff, connections=0x7ffd0d64b4f0, params=(nil))
  connections:
    busPortConns:
        slave : sp1             0x7fe3cf66f498 [0x60000000-0x6003ffff]
Return: opMemoryNew = (nlMemoryP)0x7fe3cf566f58
Enter : opMemoryNew( module=0x7fe3cf670a20, name="ddr4", priv=7, maxAddress=0xfffffff, connections=0x7ffd0d64b560, params=(nil))
  connections:
    busPortConns:
        slave : sp1             0x7fe3cf66f498 [0x80000000-0x8fffffff]
Return: opMemoryNew = (nlMemoryP)0x7fe3cf55d138
Enter : opMemoryNew( module=0x7fe3cf670a20, name="stk4", priv=7, maxAddress=0xfffff, connections=0x7ffd0d64b5d0, params=(nil))
  connections:
    busPortConns:
        slave : sp1             0x7fe3cf66f498 [0xfff00000-0xffffffff]
Return: opMemoryNew = (nlMemoryP)0x7fe3cf55d2d8
Enter : opMemoryNew( module=0x7fe3cf670a20, name="nvram5", priv=7, maxAddress=0x3ffff, connections=0x7ffd0d64b640, params=(nil))
  connections:
    busPortConns:
        slave : sp1             0x7fe3cf66f668 [0x60000000-0x6003ffff]
Return: opMemoryNew = (nlMemoryP)0x7fe3cf55d478
Enter : opMemoryNew( module=0x7fe3cf670a20, name="ddr5", priv=7, maxAddress=0xfffffff, connections=0x7ffd0d64b6b0, params=(nil))
  connections:
    busPortConns:
        slave : sp1             0x7fe3cf66f668 [0x80000000-0x8fffffff]
Return: opMemoryNew = (nlMemoryP)0x7fe3cf55d618
Enter : opMemoryNew( module=0x7fe3cf670a20, name="stk5", priv=7, maxAddress=0xfffff, connections=0x7ffd0d64b720, params=(nil))
  connections:
    busPortConns:
        slave : sp1             0x7fe3cf66f668 [0xfff00000-0xffffffff]
Return: opMemoryNew = (nlMemoryP)0x7fe3cf55d7b8
Enter : opMemoryNew( module=0x7fe3cf670a20, name="nvram6", priv=7, maxAddress=0x3ffff, connections=0x7ffd0d64b790, params=(nil))
  connections:
    busPortConns:
        slave : sp1             0x7fe3cf66f838 [0x60000000-0x6003ffff]
Return: opMemoryNew = (nlMemoryP)0x7fe3cf55d958
Enter : opMemoryNew( module=0x7fe3cf670a20, name="ddr6", priv=7, maxAddress=0xfffffff, connections=0x7ffd0d64b800, params=(nil))
  connections:
    busPortConns:
        slave : sp1             0x7fe3cf66f838 [0x80000000-0x8fffffff]
Return: opMemoryNew = (nlMemoryP)0x7fe3cf55daf8
Enter : opMemoryNew( module=0x7fe3cf670a20, name="stk6", priv=7, maxAddress=0xfffff, connections=0x7ffd0d64b870, params=(nil))
  connections:
    busPortConns:
        slave : sp1             0x7fe3cf66f838 [0xfff00000-0xffffffff]
Return: opMemoryNew = (nlMemoryP)0x7fe3cf55dc98
Enter : opMemoryNew( module=0x7fe3cf670a20, name="nvram7", priv=7, maxAddress=0x3ffff, connections=0x7ffd0d64b8e0, params=(nil))
  connections:
    busPortConns:
        slave : sp1             0x7fe3cf66fa08 [0x60000000-0x6003ffff]
Return: opMemoryNew = (nlMemoryP)0x7fe3cf55de38
Enter : opMemoryNew( module=0x7fe3cf670a20, name="ddr7", priv=7, maxAddress=0xfffffff, connections=0x7ffd0d64b950, params=(nil))
  connections:
    busPortConns:
        slave : sp1             0x7fe3cf66fa08 [0x80000000-0x8fffffff]
Return: opMemoryNew = (nlMemoryP)0x7fe3cf553020
Enter : opMemoryNew( module=0x7fe3cf670a20, name="stk7", priv=7, maxAddress=0xfffff, connections=0x7ffd0d64b9c0, params=(nil))
  connections:
    busPortConns:
        slave : sp1             0x7fe3cf66fa08 [0xfff00000-0xffffffff]
Return: opMemoryNew = (nlMemoryP)0x7fe3cf5531c0
Enter : opMemoryNew( module=0x7fe3cf670a20, name="nvram8", priv=7, maxAddress=0x3ffff, connections=0x7ffd0d64ba30, params=(nil))
  connections:
    busPortConns:
        slave : sp1             0x7fe3cf66fbd8 [0x60000000-0x6003ffff]
Return: opMemoryNew = (nlMemoryP)0x7fe3cf553360
Enter : opMemoryNew( module=0x7fe3cf670a20, name="ddr8", priv=7, maxAddress=0xfffffff, connections=0x7ffd0d64baa0, params=(nil))
  connections:
    busPortConns:
        slave : sp1             0x7fe3cf66fbd8 [0x80000000-0x8fffffff]
Return: opMemoryNew = (nlMemoryP)0x7fe3cf553500
Enter : opMemoryNew( module=0x7fe3cf670a20, name="stk8", priv=7, maxAddress=0xfffff, connections=0x7ffd0d64bb10, params=(nil))
  connections:
    busPortConns:
        slave : sp1             0x7fe3cf66fbd8 [0xfff00000-0xffffffff]
Return: opMemoryNew = (nlMemoryP)0x7fe3cf5536a0
Enter : opPeripheralNew( module=0x7fe3cf670a20, path="peripheral/tea/pse.pse", name="tea", connections=0x7ffd0d64bb80, params=(nil))
  connections:
    packetnetPortConns:
        portData        0x7fe3cf66ac48
        portControl     0x7fe3cf669020
Return: opPeripheralNew = (nlPeripheralP)0x7fe3cf553840
Enter : opPeripheralNew( module=0x7fe3cf670a20, path="peripheral/repository/pse.pse", name="repository", connections=0x7ffd0d64bbd0, params=(nil))
  connections:
    packetnetPortConns:
        portData        0x7fe3cf669368
        portControl     0x7fe3cf6696c0
Return: opPeripheralNew = (nlPeripheralP)0x7fe3cf52a020
Enter : opVLNVString( vlnvroot="(null)", vendor="microsemi.ovpworld.org", library="peripheral", name="CoreUARTapb", version="1.0", type=4, reportErrors=1)
Return: opVLNVString = (const char*)"/soft64/imperas/ferramentas/Imperas.20210408/lib/Linux64/ImperasLib/microsemi.ovpworld.org/peripheral/CoreUARTapb/1.0/pse.pse"
Enter : opPeripheralNew( module=0x7fe3cf670a20, path="/soft64/imperas/ferramentas/Imperas.20210408/lib/Linux64/ImperasLib/microsemi.ovpworld.org/peripheral/CoreUARTapb/1.0/pse.pse", name="uart0", connections=0x7ffd0d64bc20, params=(nil))
  connections:
    busPortConns:
        slave : port0           0x7fe3cf689f28 [0x70001000-0x70001017]
Return: opPeripheralNew = (nlPeripheralP)0x7fe3cf52abd0
Enter : opParamListFromArray( array=0x7ffd0d64bc90)
Return: opParamListFromArray = (nlParamP)0x7fe3c74e06e8
Enter : opPeripheralNew( module=0x7fe3cf670a20, path="peripheral/plic/pse.pse", name="plic0", connections=0x7ffd0d64bce0, params=0x7fe3c74e06e8)
  connections:
    busPortConns:
        slave : port0           0x7fe3cf689f28 [0x40000000-0x43ffffff]
    netPortConns:
        irqT0           0x7fe3cf66fda8
        irqS1           0x7fe3cf66dc28
        irqS2           0x7fe3cf66dd88
Return: opPeripheralNew = (nlPeripheralP)0x7fe3c74e07e0
Enter : opVLNVString( vlnvroot="(null)", vendor="riscv.ovpworld.org", library="peripheral", name="CLINT", version="1.0", type=4, reportErrors=1)
Return: opVLNVString = (const char*)"/soft64/imperas/ferramentas/Imperas.20210408/lib/Linux64/ImperasLib/riscv.ovpworld.org/peripheral/CLINT/1.0/pse.pse"
Enter : opParamListFromArray( array=0x7ffd0d64bd90)
Return: opParamListFromArray = (nlParamP)0x7fe3c74130e8
Enter : opPeripheralNew( module=0x7fe3cf670a20, path="/soft64/imperas/ferramentas/Imperas.20210408/lib/Linux64/ImperasLib/riscv.ovpworld.org/peripheral/CLINT/1.0/pse.pse", name="prci0", connections=0x7ffd0d64bdc0, params=0x7fe3c74130e8)
  connections:
    busPortConns:
        slave : port0           0x7fe3cf689f28 [0x44000000-0x4400bfff]
    netPortConns:
        MTimerInterrupt0 0x7fe3cf66d950
        MSWInterrupt0   0x7fe3cf66dac8
Return: opPeripheralNew = (nlPeripheralP)0x7fe3c7413188
Enter : opPeripheralNew( module=0x7fe3cf670a20, path="peripheral/whnoc_dma/pse.pse", name="router0", connections=0x7ffd0d64be60, params=(nil))
  connections:
    busPortConns:
        master: RREAD           0x7fe3cf689f28 [0x0-0x0]
        master: RWRITE          0x7fe3cf689f28 [0x0-0x0]
        slave : localPort       0x7fe3cf689f28 [0x50000000-0x50000003]
    packetnetPortConns:
        portDataWest    0x7fe3cf66ac48
        portControlWest 0x7fe3cf669020
        portDataSouth   0x7fe3cf669368
        portControlSouth 0x7fe3cf6696c0
        portDataLocal   0x7fe3cf669a18
        portControlLocal 0x7fe3cf669d60
        portDataEast    0x7fe3cf668110
        portControlEast 0x7fe3cf668e30
        portDataNorth   0x7fe3cf6687a0
        portControlNorth 0x7fe3cf6674e0
        iterationsPort  0x7fe3cf659b70
Return: opPeripheralNew = (nlPeripheralP)0x7fe3c740ae50
Enter : opPeripheralNew( module=0x7fe3cf670a20, path="peripheral/networkInterface/pse.pse", name="ni0", connections=0x7ffd0d64bfe0, params=(nil))
  connections:
    busPortConns:
        master: MREAD           0x7fe3cf689f28 [0x0-0x0]
        master: MWRITE          0x7fe3cf689f28 [0x0-0x0]
        slave : DMAC            0x7fe3cf689f28 [0x50000004-0x5000000f]
    netPortConns:
        INT_NI_TX       0x7fe3cf66dc28
        INT_NI_RX       0x7fe3cf66dd88
    packetnetPortConns:
        dataPort        0x7fe3cf669a18
        controlPort     0x7fe3cf669d60
Return: opPeripheralNew = (nlPeripheralP)0x7fe3c71b08a0
Enter : opPeripheralNew( module=0x7fe3cf670a20, path="peripheral/printer/pse.pse", name="printer0", connections=0x7ffd0d64c100, params=(nil))
  connections:
    busPortConns:
        slave : PRINTREGS       0x7fe3cf689f28 [0x50000020-0x50000027]
Return: opPeripheralNew = (nlPeripheralP)0x7fe3c7095dd0
Enter : opVLNVString( vlnvroot="(null)", vendor="microsemi.ovpworld.org", library="peripheral", name="CoreUARTapb", version="1.0", type=4, reportErrors=1)
Return: opVLNVString = (const char*)"/soft64/imperas/ferramentas/Imperas.20210408/lib/Linux64/ImperasLib/microsemi.ovpworld.org/peripheral/CoreUARTapb/1.0/pse.pse"
Enter : opPeripheralNew( module=0x7fe3cf670a20, path="/soft64/imperas/ferramentas/Imperas.20210408/lib/Linux64/ImperasLib/microsemi.ovpworld.org/peripheral/CoreUARTapb/1.0/pse.pse", name="uart1", connections=0x7ffd0d64c170, params=(nil))
  connections:
    busPortConns:
        slave : port0           0x7fe3cf670ed0 [0x70001000-0x70001017]
Return: opPeripheralNew = (nlPeripheralP)0x7fe3c7092890
Enter : opParamListFromArray( array=0x7ffd0d64c1e0)
Return: opParamListFromArray = (nlParamP)0x7fe3c6ff5a08
Enter : opPeripheralNew( module=0x7fe3cf670a20, path="peripheral/plic/pse.pse", name="plic1", connections=0x7ffd0d64c230, params=0x7fe3c6ff5a08)
  connections:
    busPortConns:
        slave : port0           0x7fe3cf670ed0 [0x40000000-0x43ffffff]
    netPortConns:
        irqT0           0x7fe3cf66fef0
        irqS1           0x7fe3cf66c1f0
        irqS2           0x7fe3cf66c350
Return: opPeripheralNew = (nlPeripheralP)0x7fe3c6ff5b00
Enter : opVLNVString( vlnvroot="(null)", vendor="riscv.ovpworld.org", library="peripheral", name="CLINT", version="1.0", type=4, reportErrors=1)
Return: opVLNVString = (const char*)"/soft64/imperas/ferramentas/Imperas.20210408/lib/Linux64/ImperasLib/riscv.ovpworld.org/peripheral/CLINT/1.0/pse.pse"
Enter : opParamListFromArray( array=0x7ffd0d64c2e0)
Return: opParamListFromArray = (nlParamP)0x7fe3c6f2c328
Enter : opPeripheralNew( module=0x7fe3cf670a20, path="/soft64/imperas/ferramentas/Imperas.20210408/lib/Linux64/ImperasLib/riscv.ovpworld.org/peripheral/CLINT/1.0/pse.pse", name="prci1", connections=0x7ffd0d64c310, params=0x7fe3c6f2c328)
  connections:
    busPortConns:
        slave : port0           0x7fe3cf670ed0 [0x44000000-0x4400bfff]
    netPortConns:
        MTimerInterrupt0 0x7fe3cf66dee8
        MSWInterrupt0   0x7fe3cf66c090
Return: opPeripheralNew = (nlPeripheralP)0x7fe3c6f2c3c8
Enter : opPeripheralNew( module=0x7fe3cf670a20, path="peripheral/whnoc_dma/pse.pse", name="router1", connections=0x7ffd0d64c3b0, params=(nil))
  connections:
    busPortConns:
        master: RREAD           0x7fe3cf670ed0 [0x0-0x0]
        master: RWRITE          0x7fe3cf670ed0 [0x0-0x0]
        slave : localPort       0x7fe3cf670ed0 [0x50000000-0x50000003]
    packetnetPortConns:
        portDataWest    0x7fe3cf668110
        portControlWest 0x7fe3cf668e30
        portDataLocal   0x7fe3cf667b70
        portControlLocal 0x7fe3cf667eb8
        portDataEast    0x7fe3cf662c38
        portControlEast 0x7fe3cf661980
        portDataNorth   0x7fe3cf65fae8
        portControlNorth 0x7fe3cf65e828
        iterationsPort  0x7fe3cf659eb8
Return: opPeripheralNew = (nlPeripheralP)0x7fe3c6dc30c8
Enter : opPeripheralNew( module=0x7fe3cf670a20, path="peripheral/networkInterface/pse.pse", name="ni1", connections=0x7ffd0d64c510, params=(nil))
  connections:
    busPortConns:
        master: MREAD           0x7fe3cf670ed0 [0x0-0x0]
        master: MWRITE          0x7fe3cf670ed0 [0x0-0x0]
        slave : DMAC            0x7fe3cf670ed0 [0x50000004-0x5000000f]
    netPortConns:
        INT_NI_TX       0x7fe3cf66c1f0
        INT_NI_RX       0x7fe3cf66c350
    packetnetPortConns:
        dataPort        0x7fe3cf667b70
        controlPort     0x7fe3cf667eb8
Return: opPeripheralNew = (nlPeripheralP)0x7fe3c6c77960
Enter : opPeripheralNew( module=0x7fe3cf670a20, path="peripheral/printer/pse.pse", name="printer1", connections=0x7ffd0d64c630, params=(nil))
  connections:
    busPortConns:
        slave : PRINTREGS       0x7fe3cf670ed0 [0x50000020-0x50000027]
Return: opPeripheralNew = (nlPeripheralP)0x7fe3c6c34ec8
Enter : opVLNVString( vlnvroot="(null)", vendor="microsemi.ovpworld.org", library="peripheral", name="CoreUARTapb", version="1.0", type=4, reportErrors=1)
Return: opVLNVString = (const char*)"/soft64/imperas/ferramentas/Imperas.20210408/lib/Linux64/ImperasLib/microsemi.ovpworld.org/peripheral/CoreUARTapb/1.0/pse.pse"
Enter : opPeripheralNew( module=0x7fe3cf670a20, path="/soft64/imperas/ferramentas/Imperas.20210408/lib/Linux64/ImperasLib/microsemi.ovpworld.org/peripheral/CoreUARTapb/1.0/pse.pse", name="uart2", connections=0x7ffd0d64c6a0, params=(nil))
  connections:
    busPortConns:
        slave : port0           0x7fe3cf66f0f8 [0x70001000-0x70001017]
Return: opPeripheralNew = (nlPeripheralP)0x7fe3c6bab940
Enter : opParamListFromArray( array=0x7ffd0d64c710)
Return: opParamListFromArray = (nlParamP)0x7fe3c6b11a78
Enter : opPeripheralNew( module=0x7fe3cf670a20, path="peripheral/plic/pse.pse", name="plic2", connections=0x7ffd0d64c760, params=0x7fe3c6b11a78)
  connections:
    busPortConns:
        slave : port0           0x7fe3cf66f0f8 [0x40000000-0x43ffffff]
    netPortConns:
        irqT0           0x7fe3cf66d058
        irqS1           0x7fe3cf66c788
        irqS2           0x7fe3cf66c8e8
Return: opPeripheralNew = (nlPeripheralP)0x7fe3c6b11b70
Enter : opVLNVString( vlnvroot="(null)", vendor="riscv.ovpworld.org", library="peripheral", name="CLINT", version="1.0", type=4, reportErrors=1)
Return: opVLNVString = (const char*)"/soft64/imperas/ferramentas/Imperas.20210408/lib/Linux64/ImperasLib/riscv.ovpworld.org/peripheral/CLINT/1.0/pse.pse"
Enter : opParamListFromArray( array=0x7ffd0d64c810)
Return: opParamListFromArray = (nlParamP)0x7fe3c6a44328
Enter : opPeripheralNew( module=0x7fe3cf670a20, path="/soft64/imperas/ferramentas/Imperas.20210408/lib/Linux64/ImperasLib/riscv.ovpworld.org/peripheral/CLINT/1.0/pse.pse", name="prci2", connections=0x7ffd0d64c840, params=0x7fe3c6a44328)
  connections:
    busPortConns:
        slave : port0           0x7fe3cf66f0f8 [0x44000000-0x4400bfff]
    netPortConns:
        MTimerInterrupt0 0x7fe3cf66c4b0
        MSWInterrupt0   0x7fe3cf66c628
Return: opPeripheralNew = (nlPeripheralP)0x7fe3c6a443c8
Enter : opPeripheralNew( module=0x7fe3cf670a20, path="peripheral/whnoc_dma/pse.pse", name="router2", connections=0x7ffd0d64c8e0, params=(nil))
  connections:
    busPortConns:
        master: RREAD           0x7fe3cf66f0f8 [0x0-0x0]
        master: RWRITE          0x7fe3cf66f0f8 [0x0-0x0]
        slave : localPort       0x7fe3cf66f0f8 [0x50000000-0x50000003]
    packetnetPortConns:
        portDataLocal   0x7fe3cf662260
        portControlLocal 0x7fe3cf6625a8
        portDataWest    0x7fe3cf662c38
        portControlWest 0x7fe3cf661980
        portDataNorth   0x7fe3cf662f80
        portControlNorth 0x7fe3cf661cc8
        iterationsPort  0x7fe3cf658260
Return: opPeripheralNew = (nlPeripheralP)0x7fe3c688d0c8
Enter : opPeripheralNew( module=0x7fe3cf670a20, path="peripheral/networkInterface/pse.pse", name="ni2", connections=0x7ffd0d64ca20, params=(nil))
  connections:
    busPortConns:
        master: MREAD           0x7fe3cf66f0f8 [0x0-0x0]
        master: MWRITE          0x7fe3cf66f0f8 [0x0-0x0]
        slave : DMAC            0x7fe3cf66f0f8 [0x50000004-0x5000000f]
    netPortConns:
        INT_NI_TX       0x7fe3cf66c788
        INT_NI_RX       0x7fe3cf66c8e8
    packetnetPortConns:
        dataPort        0x7fe3cf662260
        controlPort     0x7fe3cf6625a8
Return: opPeripheralNew = (nlPeripheralP)0x7fe3c67917f0
Enter : opPeripheralNew( module=0x7fe3cf670a20, path="peripheral/printer/pse.pse", name="printer2", connections=0x7ffd0d64cb40, params=(nil))
  connections:
    busPortConns:
        slave : PRINTREGS       0x7fe3cf66f0f8 [0x50000020-0x50000027]
Return: opPeripheralNew = (nlPeripheralP)0x7fe3c66c7dd0
Enter : opVLNVString( vlnvroot="(null)", vendor="microsemi.ovpworld.org", library="peripheral", name="CoreUARTapb", version="1.0", type=4, reportErrors=1)
Return: opVLNVString = (const char*)"/soft64/imperas/ferramentas/Imperas.20210408/lib/Linux64/ImperasLib/microsemi.ovpworld.org/peripheral/CoreUARTapb/1.0/pse.pse"
Enter : opPeripheralNew( module=0x7fe3cf670a20, path="/soft64/imperas/ferramentas/Imperas.20210408/lib/Linux64/ImperasLib/microsemi.ovpworld.org/peripheral/CoreUARTapb/1.0/pse.pse", name="uart3", connections=0x7ffd0d64cbb0, params=(nil))
  connections:
    busPortConns:
        slave : port0           0x7fe3cf66f2c8 [0x70001000-0x70001017]
Return: opPeripheralNew = (nlPeripheralP)0x7fe3c66c3890
Enter : opParamListFromArray( array=0x7ffd0d64cc20)
Return: opParamListFromArray = (nlParamP)0x7fe3c6628a08
Enter : opPeripheralNew( module=0x7fe3cf670a20, path="peripheral/plic/pse.pse", name="plic3", connections=0x7ffd0d64cc70, params=0x7fe3c6628a08)
  connections:
    busPortConns:
        slave : port0           0x7fe3cf66f2c8 [0x40000000-0x43ffffff]
    netPortConns:
        irqT0           0x7fe3cf66d1a0
        irqS1           0x7fe3cf66cd20
        irqS2           0x7fe3cf66ce80
Return: opPeripheralNew = (nlPeripheralP)0x7fe3c6628b00
Enter : opVLNVString( vlnvroot="(null)", vendor="riscv.ovpworld.org", library="peripheral", name="CLINT", version="1.0", type=4, reportErrors=1)
Return: opVLNVString = (const char*)"/soft64/imperas/ferramentas/Imperas.20210408/lib/Linux64/ImperasLib/riscv.ovpworld.org/peripheral/CLINT/1.0/pse.pse"
Enter : opParamListFromArray( array=0x7ffd0d64cd20)
Return: opParamListFromArray = (nlParamP)0x7fe3c654e328
Enter : opPeripheralNew( module=0x7fe3cf670a20, path="/soft64/imperas/ferramentas/Imperas.20210408/lib/Linux64/ImperasLib/riscv.ovpworld.org/peripheral/CLINT/1.0/pse.pse", name="prci3", connections=0x7ffd0d64cd50, params=0x7fe3c654e328)
  connections:
    busPortConns:
        slave : port0           0x7fe3cf66f2c8 [0x44000000-0x4400bfff]
    netPortConns:
        MTimerInterrupt0 0x7fe3cf66ca48
        MSWInterrupt0   0x7fe3cf66cbc0
Return: opPeripheralNew = (nlPeripheralP)0x7fe3c654e3c8
Enter : opPeripheralNew( module=0x7fe3cf670a20, path="peripheral/whnoc_dma/pse.pse", name="router3", connections=0x7ffd0d64cdf0, params=(nil))
  connections:
    busPortConns:
        master: RREAD           0x7fe3cf66f2c8 [0x0-0x0]
        master: RWRITE          0x7fe3cf66f2c8 [0x0-0x0]
        slave : localPort       0x7fe3cf66f2c8 [0x50000000-0x50000003]
    packetnetPortConns:
        portDataSouth   0x7fe3cf6687a0
        portControlSouth 0x7fe3cf6674e0
        portDataLocal   0x7fe3cf660380
        portControlLocal 0x7fe3cf6606c8
        portDataEast    0x7fe3cf65f458
        portControlEast 0x7fe3cf65e198
        portDataNorth   0x7fe3cf65c2f0
        portControlNorth 0x7fe3cf65b038
        iterationsPort  0x7fe3cf6585a8
Return: opPeripheralNew = (nlPeripheralP)0x7fe3c63e70c8
Enter : opPeripheralNew( module=0x7fe3cf670a20, path="peripheral/networkInterface/pse.pse", name="ni3", connections=0x7ffd0d64cf50, params=(nil))
  connections:
    busPortConns:
        master: MREAD           0x7fe3cf66f2c8 [0x0-0x0]
        master: MWRITE          0x7fe3cf66f2c8 [0x0-0x0]
        slave : DMAC            0x7fe3cf66f2c8 [0x50000004-0x5000000f]
    netPortConns:
        INT_NI_TX       0x7fe3cf66cd20
        INT_NI_RX       0x7fe3cf66ce80
    packetnetPortConns:
        dataPort        0x7fe3cf660380
        controlPort     0x7fe3cf6606c8
Return: opPeripheralNew = (nlPeripheralP)0x7fe3c62eb968
Enter : opPeripheralNew( module=0x7fe3cf670a20, path="peripheral/printer/pse.pse", name="printer3", connections=0x7ffd0d64d070, params=(nil))
  connections:
    busPortConns:
        slave : PRINTREGS       0x7fe3cf66f2c8 [0x50000020-0x50000027]
Return: opPeripheralNew = (nlPeripheralP)0x7fe3c62a9ec8
Enter : opVLNVString( vlnvroot="(null)", vendor="microsemi.ovpworld.org", library="peripheral", name="CoreUARTapb", version="1.0", type=4, reportErrors=1)
Return: opVLNVString = (const char*)"/soft64/imperas/ferramentas/Imperas.20210408/lib/Linux64/ImperasLib/microsemi.ovpworld.org/peripheral/CoreUARTapb/1.0/pse.pse"
Enter : opPeripheralNew( module=0x7fe3cf670a20, path="/soft64/imperas/ferramentas/Imperas.20210408/lib/Linux64/ImperasLib/microsemi.ovpworld.org/peripheral/CoreUARTapb/1.0/pse.pse", name="uart4", connections=0x7ffd0d64d0e0, params=(nil))
  connections:
    busPortConns:
        slave : port0           0x7fe3cf66f498 [0x70001000-0x70001017]
Return: opPeripheralNew = (nlPeripheralP)0x7fe3c61cd940
Enter : opParamListFromArray( array=0x7ffd0d64d150)
Return: opParamListFromArray = (nlParamP)0x7fe3c6135a78
Enter : opPeripheralNew( module=0x7fe3cf670a20, path="peripheral/plic/pse.pse", name="plic4", connections=0x7ffd0d64d1a0, params=0x7fe3c6135a78)
  connections:
    busPortConns:
        slave : port0           0x7fe3cf66f498 [0x40000000-0x43ffffff]
    netPortConns:
        irqT0           0x7fe3cf66d2e8
        irqS1           0x7fe3cf66b2f8
        irqS2           0x7fe3cf66b458
Return: opPeripheralNew = (nlPeripheralP)0x7fe3c6135b70
Enter : opVLNVString( vlnvroot="(null)", vendor="riscv.ovpworld.org", library="peripheral", name="CLINT", version="1.0", type=4, reportErrors=1)
Return: opVLNVString = (const char*)"/soft64/imperas/ferramentas/Imperas.20210408/lib/Linux64/ImperasLib/riscv.ovpworld.org/peripheral/CLINT/1.0/pse.pse"
Enter : opParamListFromArray( array=0x7ffd0d64d250)
Return: opParamListFromArray = (nlParamP)0x7fe3c6068328
Enter : opPeripheralNew( module=0x7fe3cf670a20, path="/soft64/imperas/ferramentas/Imperas.20210408/lib/Linux64/ImperasLib/riscv.ovpworld.org/peripheral/CLINT/1.0/pse.pse", name="prci4", connections=0x7ffd0d64d280, params=0x7fe3c6068328)
  connections:
    busPortConns:
        slave : port0           0x7fe3cf66f498 [0x44000000-0x4400bfff]
    netPortConns:
        MTimerInterrupt0 0x7fe3cf66b020
        MSWInterrupt0   0x7fe3cf66b198
Return: opPeripheralNew = (nlPeripheralP)0x7fe3c60683c8
Enter : opPeripheralNew( module=0x7fe3cf670a20, path="peripheral/whnoc_dma/pse.pse", name="router4", connections=0x7ffd0d64d320, params=(nil))
  connections:
    busPortConns:
        master: RREAD           0x7fe3cf66f498 [0x0-0x0]
        master: RWRITE          0x7fe3cf66f498 [0x0-0x0]
        slave : localPort       0x7fe3cf66f498 [0x50000000-0x50000003]
    packetnetPortConns:
        portDataLocal   0x7fe3cf660a10
        portControlLocal 0x7fe3cf660d58
        portDataEast    0x7fe3cf65f110
        portControlEast 0x7fe3cf65fe30
        portDataWest    0x7fe3cf65f458
        portControlWest 0x7fe3cf65e198
        portDataNorth   0x7fe3cf65f7a0
        portControlNorth 0x7fe3cf65e4e0
        portDataSouth   0x7fe3cf65fae8
        portControlSouth 0x7fe3cf65e828
        iterationsPort  0x7fe3cf6588f0
Return: opPeripheralNew = (nlPeripheralP)0x7fe3c5f010c8
Enter : opPeripheralNew( module=0x7fe3cf670a20, path="peripheral/networkInterface/pse.pse", name="ni4", connections=0x7ffd0d64d4a0, params=(nil))
  connections:
    busPortConns:
        master: MREAD           0x7fe3cf66f498 [0x0-0x0]
        master: MWRITE          0x7fe3cf66f498 [0x0-0x0]
        slave : DMAC            0x7fe3cf66f498 [0x50000004-0x5000000f]
    netPortConns:
        INT_NI_TX       0x7fe3cf66b2f8
        INT_NI_RX       0x7fe3cf66b458
    packetnetPortConns:
        dataPort        0x7fe3cf660a10
        controlPort     0x7fe3cf660d58
Return: opPeripheralNew = (nlPeripheralP)0x7fe3c5e05ac8
Enter : opPeripheralNew( module=0x7fe3cf670a20, path="peripheral/printer/pse.pse", name="printer4", connections=0x7ffd0d64d5c0, params=(nil))
  connections:
    busPortConns:
        slave : PRINTREGS       0x7fe3cf66f498 [0x50000020-0x50000027]
Return: opPeripheralNew = (nlPeripheralP)0x7fe3c5ce8078
Enter : opVLNVString( vlnvroot="(null)", vendor="microsemi.ovpworld.org", library="peripheral", name="CoreUARTapb", version="1.0", type=4, reportErrors=1)
Return: opVLNVString = (const char*)"/soft64/imperas/ferramentas/Imperas.20210408/lib/Linux64/ImperasLib/microsemi.ovpworld.org/peripheral/CoreUARTapb/1.0/pse.pse"
Enter : opPeripheralNew( module=0x7fe3cf670a20, path="/soft64/imperas/ferramentas/Imperas.20210408/lib/Linux64/ImperasLib/microsemi.ovpworld.org/peripheral/CoreUARTapb/1.0/pse.pse", name="uart5", connections=0x7ffd0d64d630, params=(nil))
  connections:
    busPortConns:
        slave : port0           0x7fe3cf66f668 [0x70001000-0x70001017]
Return: opPeripheralNew = (nlPeripheralP)0x7fe3c5ce8ad0
Enter : opParamListFromArray( array=0x7ffd0d64d6a0)
Return: opParamListFromArray = (nlParamP)0x7fe3c5c4dd48
Enter : opPeripheralNew( module=0x7fe3cf670a20, path="peripheral/plic/pse.pse", name="plic5", connections=0x7ffd0d64d6f0, params=0x7fe3c5c4dd48)
  connections:
    busPortConns:
        slave : port0           0x7fe3cf66f668 [0x40000000-0x43ffffff]
    netPortConns:
        irqT0           0x7fe3cf66d430
        irqS1           0x7fe3cf66b890
        irqS2           0x7fe3cf66b9f0
Return: opPeripheralNew = (nlPeripheralP)0x7fe3c5c4de40
Enter : opVLNVString( vlnvroot="(null)", vendor="riscv.ovpworld.org", library="peripheral", name="CLINT", version="1.0", type=4, reportErrors=1)
Return: opVLNVString = (const char*)"/soft64/imperas/ferramentas/Imperas.20210408/lib/Linux64/ImperasLib/riscv.ovpworld.org/peripheral/CLINT/1.0/pse.pse"
Enter : opParamListFromArray( array=0x7ffd0d64d7a0)
Return: opParamListFromArray = (nlParamP)0x7fe3c5b804d8
Enter : opPeripheralNew( module=0x7fe3cf670a20, path="/soft64/imperas/ferramentas/Imperas.20210408/lib/Linux64/ImperasLib/riscv.ovpworld.org/peripheral/CLINT/1.0/pse.pse", name="prci5", connections=0x7ffd0d64d7d0, params=0x7fe3c5b804d8)
  connections:
    busPortConns:
        slave : port0           0x7fe3cf66f668 [0x44000000-0x4400bfff]
    netPortConns:
        MTimerInterrupt0 0x7fe3cf66b5b8
        MSWInterrupt0   0x7fe3cf66b730
Return: opPeripheralNew = (nlPeripheralP)0x7fe3c5b80578
Enter : opPeripheralNew( module=0x7fe3cf670a20, path="peripheral/whnoc_dma/pse.pse", name="router5", connections=0x7ffd0d64d870, params=(nil))
  connections:
    busPortConns:
        master: RREAD           0x7fe3cf66f668 [0x0-0x0]
        master: RWRITE          0x7fe3cf66f668 [0x0-0x0]
        slave : localPort       0x7fe3cf66f668 [0x50000000-0x50000003]
    packetnetPortConns:
        portDataSouth   0x7fe3cf662f80
        portControlSouth 0x7fe3cf661cc8
        portDataWest    0x7fe3cf65f110
        portControlWest 0x7fe3cf65fe30
        portDataLocal   0x7fe3cf65eb70
        portControlLocal 0x7fe3cf65eeb8
        portDataNorth   0x7fe3cf65aae8
        portControlNorth 0x7fe3cf659828
        iterationsPort  0x7fe3cf658c38
Return: opPeripheralNew = (nlPeripheralP)0x7fe3c5a19270
Enter : opPeripheralNew( module=0x7fe3cf670a20, path="peripheral/networkInterface/pse.pse", name="ni5", connections=0x7ffd0d64d9d0, params=(nil))
  connections:
    busPortConns:
        master: MREAD           0x7fe3cf66f668 [0x0-0x0]
        master: MWRITE          0x7fe3cf66f668 [0x0-0x0]
        slave : DMAC            0x7fe3cf66f668 [0x50000004-0x5000000f]
    netPortConns:
        INT_NI_TX       0x7fe3cf66b890
        INT_NI_RX       0x7fe3cf66b9f0
    packetnetPortConns:
        dataPort        0x7fe3cf65eb70
        controlPort     0x7fe3cf65eeb8
Return: opPeripheralNew = (nlPeripheralP)0x7fe3c591db30
Enter : opPeripheralNew( module=0x7fe3cf670a20, path="peripheral/printer/pse.pse", name="printer5", connections=0x7ffd0d64daf0, params=(nil))
  connections:
    busPortConns:
        slave : PRINTREGS       0x7fe3cf66f668 [0x50000020-0x50000027]
Return: opPeripheralNew = (nlPeripheralP)0x7fe3c57fe078
Enter : opVLNVString( vlnvroot="(null)", vendor="microsemi.ovpworld.org", library="peripheral", name="CoreUARTapb", version="1.0", type=4, reportErrors=1)
Return: opVLNVString = (const char*)"/soft64/imperas/ferramentas/Imperas.20210408/lib/Linux64/ImperasLib/microsemi.ovpworld.org/peripheral/CoreUARTapb/1.0/pse.pse"
Enter : opPeripheralNew( module=0x7fe3cf670a20, path="/soft64/imperas/ferramentas/Imperas.20210408/lib/Linux64/ImperasLib/microsemi.ovpworld.org/peripheral/CoreUARTapb/1.0/pse.pse", name="uart6", connections=0x7ffd0d64db60, params=(nil))
  connections:
    busPortConns:
        slave : port0           0x7fe3cf66f838 [0x70001000-0x70001017]
Return: opPeripheralNew = (nlPeripheralP)0x7fe3c57fead0
Enter : opParamListFromArray( array=0x7ffd0d64dbd0)
Return: opParamListFromArray = (nlParamP)0x7fe3c5766d48
Enter : opPeripheralNew( module=0x7fe3cf670a20, path="peripheral/plic/pse.pse", name="plic6", connections=0x7ffd0d64dc20, params=0x7fe3c5766d48)
  connections:
    busPortConns:
        slave : port0           0x7fe3cf66f838 [0x40000000-0x43ffffff]
    netPortConns:
        irqT0           0x7fe3cf66d578
        irqS1           0x7fe3cf66be28
        irqS2           0x7fe3cf66bf88
Return: opPeripheralNew = (nlPeripheralP)0x7fe3c5766e40
Enter : opVLNVString( vlnvroot="(null)", vendor="riscv.ovpworld.org", library="peripheral", name="CLINT", version="1.0", type=4, reportErrors=1)
Return: opVLNVString = (const char*)"/soft64/imperas/ferramentas/Imperas.20210408/lib/Linux64/ImperasLib/riscv.ovpworld.org/peripheral/CLINT/1.0/pse.pse"
Enter : opParamListFromArray( array=0x7ffd0d64dcd0)
Return: opParamListFromArray = (nlParamP)0x7fe3c569a4d8
Enter : opPeripheralNew( module=0x7fe3cf670a20, path="/soft64/imperas/ferramentas/Imperas.20210408/lib/Linux64/ImperasLib/riscv.ovpworld.org/peripheral/CLINT/1.0/pse.pse", name="prci6", connections=0x7ffd0d64dd00, params=0x7fe3c569a4d8)
  connections:
    busPortConns:
        slave : port0           0x7fe3cf66f838 [0x44000000-0x4400bfff]
    netPortConns:
        MTimerInterrupt0 0x7fe3cf66bb50
        MSWInterrupt0   0x7fe3cf66bcc8
Return: opPeripheralNew = (nlPeripheralP)0x7fe3c569a578
Enter : opPeripheralNew( module=0x7fe3cf670a20, path="peripheral/whnoc_dma/pse.pse", name="router6", connections=0x7ffd0d64dda0, params=(nil))
  connections:
    busPortConns:
        master: RREAD           0x7fe3cf66f838 [0x0-0x0]
        master: RWRITE          0x7fe3cf66f838 [0x0-0x0]
        slave : localPort       0x7fe3cf66f838 [0x50000000-0x50000003]
    packetnetPortConns:
        portDataLocal   0x7fe3cf65d260
        portControlLocal 0x7fe3cf65d5a8
        portDataEast    0x7fe3cf65d8f0
        portControlEast 0x7fe3cf65c638
        portDataSouth   0x7fe3cf65c2f0
        portControlSouth 0x7fe3cf65b038
        iterationsPort  0x7fe3cf658f80
Return: opPeripheralNew = (nlPeripheralP)0x7fe3c5534270
Enter : opPeripheralNew( module=0x7fe3cf670a20, path="peripheral/networkInterface/pse.pse", name="ni6", connections=0x7ffd0d64dee0, params=(nil))
  connections:
    busPortConns:
        master: MREAD           0x7fe3cf66f838 [0x0-0x0]
        master: MWRITE          0x7fe3cf66f838 [0x0-0x0]
        slave : DMAC            0x7fe3cf66f838 [0x50000004-0x5000000f]
    netPortConns:
        INT_NI_TX       0x7fe3cf66be28
        INT_NI_RX       0x7fe3cf66bf88
    packetnetPortConns:
        dataPort        0x7fe3cf65d260
        controlPort     0x7fe3cf65d5a8
Return: opPeripheralNew = (nlPeripheralP)0x7fe3c53e69c8
Enter : opPeripheralNew( module=0x7fe3cf670a20, path="peripheral/printer/pse.pse", name="printer6", connections=0x7ffd0d64e000, params=(nil))
  connections:
    busPortConns:
        slave : PRINTREGS       0x7fe3cf66f838 [0x50000020-0x50000027]
Return: opPeripheralNew = (nlPeripheralP)0x7fe3c53e5ec8
Enter : opVLNVString( vlnvroot="(null)", vendor="microsemi.ovpworld.org", library="peripheral", name="CoreUARTapb", version="1.0", type=4, reportErrors=1)
Return: opVLNVString = (const char*)"/soft64/imperas/ferramentas/Imperas.20210408/lib/Linux64/ImperasLib/microsemi.ovpworld.org/peripheral/CoreUARTapb/1.0/pse.pse"
Enter : opPeripheralNew( module=0x7fe3cf670a20, path="/soft64/imperas/ferramentas/Imperas.20210408/lib/Linux64/ImperasLib/microsemi.ovpworld.org/peripheral/CoreUARTapb/1.0/pse.pse", name="uart7", connections=0x7ffd0d64e070, params=(nil))
  connections:
    busPortConns:
        slave : port0           0x7fe3cf66fa08 [0x70001000-0x70001017]
Return: opPeripheralNew = (nlPeripheralP)0x7fe3c5319940
Enter : opParamListFromArray( array=0x7ffd0d64e0e0)
Return: opParamListFromArray = (nlParamP)0x7fe3c5281a78
Enter : opPeripheralNew( module=0x7fe3cf670a20, path="peripheral/plic/pse.pse", name="plic7", connections=0x7ffd0d64e130, params=0x7fe3c5281a78)
  connections:
    busPortConns:
        slave : port0           0x7fe3cf66fa08 [0x40000000-0x43ffffff]
    netPortConns:
        irqT0           0x7fe3cf66d6c0
        irqS1           0x7fe3cf66a3f0
        irqS2           0x7fe3cf66a550
Return: opPeripheralNew = (nlPeripheralP)0x7fe3c5281b70
Enter : opVLNVString( vlnvroot="(null)", vendor="riscv.ovpworld.org", library="peripheral", name="CLINT", version="1.0", type=4, reportErrors=1)
Return: opVLNVString = (const char*)"/soft64/imperas/ferramentas/Imperas.20210408/lib/Linux64/ImperasLib/riscv.ovpworld.org/peripheral/CLINT/1.0/pse.pse"
Enter : opParamListFromArray( array=0x7ffd0d64e1e0)
Return: opParamListFromArray = (nlParamP)0x7fe3c51b4328
Enter : opPeripheralNew( module=0x7fe3cf670a20, path="/soft64/imperas/ferramentas/Imperas.20210408/lib/Linux64/ImperasLib/riscv.ovpworld.org/peripheral/CLINT/1.0/pse.pse", name="prci7", connections=0x7ffd0d64e210, params=0x7fe3c51b4328)
  connections:
    busPortConns:
        slave : port0           0x7fe3cf66fa08 [0x44000000-0x4400bfff]
    netPortConns:
        MTimerInterrupt0 0x7fe3cf66a118
        MSWInterrupt0   0x7fe3cf66a290
Return: opPeripheralNew = (nlPeripheralP)0x7fe3c51b43c8
Enter : opPeripheralNew( module=0x7fe3cf670a20, path="peripheral/whnoc_dma/pse.pse", name="router7", connections=0x7ffd0d64e2b0, params=(nil))
  connections:
    busPortConns:
        master: RREAD           0x7fe3cf66fa08 [0x0-0x0]
        master: RWRITE          0x7fe3cf66fa08 [0x0-0x0]
        slave : localPort       0x7fe3cf66fa08 [0x50000000-0x50000003]
    packetnetPortConns:
        portDataSouth   0x7fe3cf65f7a0
        portControlSouth 0x7fe3cf65e4e0
        portDataWest    0x7fe3cf65d8f0
        portControlWest 0x7fe3cf65c638
        portDataLocal   0x7fe3cf65b380
        portControlLocal 0x7fe3cf65b6c8
        portDataEast    0x7fe3cf65a458
        portControlEast 0x7fe3cf659198
        iterationsPort  0x7fe3cf6572f0
Return: opPeripheralNew = (nlPeripheralP)0x7fe3c4ffd0c8
Enter : opPeripheralNew( module=0x7fe3cf670a20, path="peripheral/networkInterface/pse.pse", name="ni7", connections=0x7ffd0d64e410, params=(nil))
  connections:
    busPortConns:
        master: MREAD           0x7fe3cf66fa08 [0x0-0x0]
        master: MWRITE          0x7fe3cf66fa08 [0x0-0x0]
        slave : DMAC            0x7fe3cf66fa08 [0x50000004-0x5000000f]
    netPortConns:
        INT_NI_TX       0x7fe3cf66a3f0
        INT_NI_RX       0x7fe3cf66a550
    packetnetPortConns:
        dataPort        0x7fe3cf65b380
        controlPort     0x7fe3cf65b6c8
Return: opPeripheralNew = (nlPeripheralP)0x7fe3c4f01950
Enter : opPeripheralNew( module=0x7fe3cf670a20, path="peripheral/printer/pse.pse", name="printer7", connections=0x7ffd0d64e530, params=(nil))
  connections:
    busPortConns:
        slave : PRINTREGS       0x7fe3cf66fa08 [0x50000020-0x50000027]
Return: opPeripheralNew = (nlPeripheralP)0x7fe3c4ebee40
Enter : opVLNVString( vlnvroot="(null)", vendor="microsemi.ovpworld.org", library="peripheral", name="CoreUARTapb", version="1.0", type=4, reportErrors=1)
Return: opVLNVString = (const char*)"/soft64/imperas/ferramentas/Imperas.20210408/lib/Linux64/ImperasLib/microsemi.ovpworld.org/peripheral/CoreUARTapb/1.0/pse.pse"
Enter : opPeripheralNew( module=0x7fe3cf670a20, path="/soft64/imperas/ferramentas/Imperas.20210408/lib/Linux64/ImperasLib/microsemi.ovpworld.org/peripheral/CoreUARTapb/1.0/pse.pse", name="uart8", connections=0x7ffd0d64e5a0, params=(nil))
  connections:
    busPortConns:
        slave : port0           0x7fe3cf66fbd8 [0x70001000-0x70001017]
Return: opPeripheralNew = (nlPeripheralP)0x7fe3c4e338c0
Enter : opParamListFromArray( array=0x7ffd0d64e610)
Return: opParamListFromArray = (nlParamP)0x7fe3c4d99a08
Enter : opPeripheralNew( module=0x7fe3cf670a20, path="peripheral/plic/pse.pse", name="plic8", connections=0x7ffd0d64e660, params=0x7fe3c4d99a08)
  connections:
    busPortConns:
        slave : port0           0x7fe3cf66fbd8 [0x40000000-0x43ffffff]
    netPortConns:
        irqT0           0x7fe3cf66d808
        irqS1           0x7fe3cf66a988
        irqS2           0x7fe3cf66aae8
Return: opPeripheralNew = (nlPeripheralP)0x7fe3c4d99b00
Enter : opVLNVString( vlnvroot="(null)", vendor="riscv.ovpworld.org", library="peripheral", name="CLINT", version="1.0", type=4, reportErrors=1)
Return: opVLNVString = (const char*)"/soft64/imperas/ferramentas/Imperas.20210408/lib/Linux64/ImperasLib/riscv.ovpworld.org/peripheral/CLINT/1.0/pse.pse"
Enter : opParamListFromArray( array=0x7ffd0d64e710)
Return: opParamListFromArray = (nlParamP)0x7fe3c4cbd328
Enter : opPeripheralNew( module=0x7fe3cf670a20, path="/soft64/imperas/ferramentas/Imperas.20210408/lib/Linux64/ImperasLib/riscv.ovpworld.org/peripheral/CLINT/1.0/pse.pse", name="prci8", connections=0x7ffd0d64e740, params=0x7fe3c4cbd328)
  connections:
    busPortConns:
        slave : port0           0x7fe3cf66fbd8 [0x44000000-0x4400bfff]
    netPortConns:
        MTimerInterrupt0 0x7fe3cf66a6b0
        MSWInterrupt0   0x7fe3cf66a828
Return: opPeripheralNew = (nlPeripheralP)0x7fe3c4cbd3c8
Enter : opPeripheralNew( module=0x7fe3cf670a20, path="peripheral/whnoc_dma/pse.pse", name="router8", connections=0x7ffd0d64e7e0, params=(nil))
  connections:
    busPortConns:
        master: RREAD           0x7fe3cf66fbd8 [0x0-0x0]
        master: RWRITE          0x7fe3cf66fbd8 [0x0-0x0]
        slave : localPort       0x7fe3cf66fbd8 [0x50000000-0x50000003]
    packetnetPortConns:
        portDataLocal   0x7fe3cf65ba10
        portControlLocal 0x7fe3cf65bd58
        portDataWest    0x7fe3cf65a458
        portControlWest 0x7fe3cf659198
        portDataSouth   0x7fe3cf65aae8
        portControlSouth 0x7fe3cf659828
        iterationsPort  0x7fe3cf657638
Return: opPeripheralNew = (nlPeripheralP)0x7fe3c4b560c8
Enter : opPeripheralNew( module=0x7fe3cf670a20, path="peripheral/networkInterface/pse.pse", name="ni8", connections=0x7ffd0d64e920, params=(nil))
  connections:
    busPortConns:
        master: MREAD           0x7fe3cf66fbd8 [0x0-0x0]
        master: MWRITE          0x7fe3cf66fbd8 [0x0-0x0]
        slave : DMAC            0x7fe3cf66fbd8 [0x50000004-0x5000000f]
    netPortConns:
        INT_NI_TX       0x7fe3cf66a988
        INT_NI_RX       0x7fe3cf66aae8
    packetnetPortConns:
        dataPort        0x7fe3cf65ba10
        controlPort     0x7fe3cf65bd58
Return: opPeripheralNew = (nlPeripheralP)0x7fe3c4a187e0
Enter : opPeripheralNew( module=0x7fe3cf670a20, path="peripheral/printer/pse.pse", name="printer8", connections=0x7ffd0d64ea40, params=(nil))
  connections:
    busPortConns:
        slave : PRINTREGS       0x7fe3cf66fbd8 [0x50000020-0x50000027]
Return: opPeripheralNew = (nlPeripheralP)0x7fe3c493edd0
Enter : opPeripheralNew( module=0x7fe3cf670a20, path="peripheral/iterator/pse.pse", name="iterator", connections=0x7ffd0d64eab0, params=(nil))
  connections:
    packetnetPortConns:
        iterationPort0  0x7fe3cf659b70
        iterationPort1  0x7fe3cf659eb8
        iterationPort2  0x7fe3cf658260
        iterationPort3  0x7fe3cf6585a8
        iterationPort4  0x7fe3cf6588f0
        iterationPort5  0x7fe3cf658c38
        iterationPort6  0x7fe3cf658f80
        iterationPort7  0x7fe3cf6572f0
        iterationPort8  0x7fe3cf657638
Return: opPeripheralNew = (nlPeripheralP)0x7fe3c493c890
Return: opModuleNew = (nlModuleP)0x7fe3cf670a20
Enter : opRootModulePreSimulate( module=0x7fe3cf6851c8)
Warning (CF_PMM) Parameter 'top/u2/uart0/outfile' matches 2 entries on the command line or in control file(s):
Info (CF_PMM_R)     Accepted:   4 --override uart0/outfile=simulation/uart0.log
Info (CF_PMM_R)     Ignored :  42 --override uart0/outfile=simulation/uart0.log
Warning (CF_PMM) Parameter 'top/u2/uart0/console' matches 2 entries on the command line or in control file(s):
Info (CF_PMM_R)     Accepted:   2 --override uart0/console=T
Info (CF_PMM_R)     Ignored :  40 --override uart0/console=T
Warning (CF_PMM) Parameter 'top/u2/uart0/finishOnDisconnect' matches 2 entries on the command line or in control file(s):
Info (CF_PMM_R)     Accepted:   3 --override uart0/finishOnDisconnect=T
Info (CF_PMM_R)     Ignored :  41 --override uart0/finishOnDisconnect=T
Info (PSE_SER) 'top/u2/uart0' Server connected to 37775
Warning (CF_PMM) Parameter 'top/u2/uart1/outfile' matches 2 entries on the command line or in control file(s):
Info (CF_PMM_R)     Accepted:   8 --override uart1/outfile=simulation/uart1.log
Info (CF_PMM_R)     Ignored :  46 --override uart1/outfile=simulation/uart1.log
Warning (CF_PMM) Parameter 'top/u2/uart1/console' matches 2 entries on the command line or in control file(s):
Info (CF_PMM_R)     Accepted:   6 --override uart1/console=T
Info (CF_PMM_R)     Ignored :  44 --override uart1/console=T
Warning (CF_PMM) Parameter 'top/u2/uart1/finishOnDisconnect' matches 2 entries on the command line or in control file(s):
Info (CF_PMM_R)     Accepted:   7 --override uart1/finishOnDisconnect=T
Info (CF_PMM_R)     Ignored :  45 --override uart1/finishOnDisconnect=T
Info (PSE_SER) 'top/u2/uart1' Server connected to 33718
Warning (CF_PMM) Parameter 'top/u2/uart2/outfile' matches 2 entries on the command line or in control file(s):
Info (CF_PMM_R)     Accepted:  12 --override uart2/outfile=simulation/uart2.log
Info (CF_PMM_R)     Ignored :  50 --override uart2/outfile=simulation/uart2.log
Warning (CF_PMM) Parameter 'top/u2/uart2/console' matches 2 entries on the command line or in control file(s):
Info (CF_PMM_R)     Accepted:  10 --override uart2/console=T
Info (CF_PMM_R)     Ignored :  48 --override uart2/console=T
Warning (CF_PMM) Parameter 'top/u2/uart2/finishOnDisconnect' matches 2 entries on the command line or in control file(s):
Info (CF_PMM_R)     Accepted:  11 --override uart2/finishOnDisconnect=T
Info (CF_PMM_R)     Ignored :  49 --override uart2/finishOnDisconnect=T
Info (PSE_SER) 'top/u2/uart2' Server connected to 34056
Warning (CF_PMM) Parameter 'top/u2/uart3/outfile' matches 2 entries on the command line or in control file(s):
Info (CF_PMM_R)     Accepted:  16 --override uart3/outfile=simulation/uart3.log
Info (CF_PMM_R)     Ignored :  54 --override uart3/outfile=simulation/uart3.log
Warning (CF_PMM) Parameter 'top/u2/uart3/console' matches 2 entries on the command line or in control file(s):
Info (CF_PMM_R)     Accepted:  14 --override uart3/console=T
Info (CF_PMM_R)     Ignored :  52 --override uart3/console=T
Warning (CF_PMM) Parameter 'top/u2/uart3/finishOnDisconnect' matches 2 entries on the command line or in control file(s):
Info (CF_PMM_R)     Accepted:  15 --override uart3/finishOnDisconnect=T
Info (CF_PMM_R)     Ignored :  53 --override uart3/finishOnDisconnect=T
Info (PSE_SER) 'top/u2/uart3' Server connected to 40625
Warning (CF_PMM) Parameter 'top/u2/uart4/outfile' matches 2 entries on the command line or in control file(s):
Info (CF_PMM_R)     Accepted:  20 --override uart4/outfile=simulation/uart4.log
Info (CF_PMM_R)     Ignored :  58 --override uart4/outfile=simulation/uart4.log
Warning (CF_PMM) Parameter 'top/u2/uart4/console' matches 2 entries on the command line or in control file(s):
Info (CF_PMM_R)     Accepted:  18 --override uart4/console=T
Info (CF_PMM_R)     Ignored :  56 --override uart4/console=T
Warning (CF_PMM) Parameter 'top/u2/uart4/finishOnDisconnect' matches 2 entries on the command line or in control file(s):
Info (CF_PMM_R)     Accepted:  19 --override uart4/finishOnDisconnect=T
Info (CF_PMM_R)     Ignored :  57 --override uart4/finishOnDisconnect=T
Info (PSE_SER) 'top/u2/uart4' Server connected to 33277
Warning (CF_PMM) Parameter 'top/u2/uart5/outfile' matches 2 entries on the command line or in control file(s):
Info (CF_PMM_R)     Accepted:  24 --override uart5/outfile=simulation/uart5.log
Info (CF_PMM_R)     Ignored :  62 --override uart5/outfile=simulation/uart5.log
Warning (CF_PMM) Parameter 'top/u2/uart5/console' matches 2 entries on the command line or in control file(s):
Info (CF_PMM_R)     Accepted:  22 --override uart5/console=T
Info (CF_PMM_R)     Ignored :  60 --override uart5/console=T
Warning (CF_PMM) Parameter 'top/u2/uart5/finishOnDisconnect' matches 2 entries on the command line or in control file(s):
Info (CF_PMM_R)     Accepted:  23 --override uart5/finishOnDisconnect=T
Info (CF_PMM_R)     Ignored :  61 --override uart5/finishOnDisconnect=T
Info (PSE_SER) 'top/u2/uart5' Server connected to 44329
Warning (CF_PMM) Parameter 'top/u2/uart6/outfile' matches 2 entries on the command line or in control file(s):
Info (CF_PMM_R)     Accepted:  28 --override uart6/outfile=simulation/uart6.log
Info (CF_PMM_R)     Ignored :  66 --override uart6/outfile=simulation/uart6.log
Warning (CF_PMM) Parameter 'top/u2/uart6/console' matches 2 entries on the command line or in control file(s):
Info (CF_PMM_R)     Accepted:  26 --override uart6/console=T
Info (CF_PMM_R)     Ignored :  64 --override uart6/console=T
Warning (CF_PMM) Parameter 'top/u2/uart6/finishOnDisconnect' matches 2 entries on the command line or in control file(s):
Info (CF_PMM_R)     Accepted:  27 --override uart6/finishOnDisconnect=T
Info (CF_PMM_R)     Ignored :  65 --override uart6/finishOnDisconnect=T
Info (PSE_SER) 'top/u2/uart6' Server connected to 40112
Warning (CF_PMM) Parameter 'top/u2/uart7/outfile' matches 2 entries on the command line or in control file(s):
Info (CF_PMM_R)     Accepted:  32 --override uart7/outfile=simulation/uart7.log
Info (CF_PMM_R)     Ignored :  70 --override uart7/outfile=simulation/uart7.log
Warning (CF_PMM) Parameter 'top/u2/uart7/console' matches 2 entries on the command line or in control file(s):
Info (CF_PMM_R)     Accepted:  30 --override uart7/console=T
Info (CF_PMM_R)     Ignored :  68 --override uart7/console=T
Warning (CF_PMM) Parameter 'top/u2/uart7/finishOnDisconnect' matches 2 entries on the command line or in control file(s):
Info (CF_PMM_R)     Accepted:  31 --override uart7/finishOnDisconnect=T
Info (CF_PMM_R)     Ignored :  69 --override uart7/finishOnDisconnect=T
Info (PSE_SER) 'top/u2/uart7' Server connected to 39687
Warning (CF_PMM) Parameter 'top/u2/uart8/outfile' matches 2 entries on the command line or in control file(s):
Info (CF_PMM_R)     Accepted:  36 --override uart8/outfile=simulation/uart8.log
Info (CF_PMM_R)     Ignored :  74 --override uart8/outfile=simulation/uart8.log
Warning (CF_PMM) Parameter 'top/u2/uart8/console' matches 2 entries on the command line or in control file(s):
Info (CF_PMM_R)     Accepted:  34 --override uart8/console=T
Info (CF_PMM_R)     Ignored :  72 --override uart8/console=T
Warning (CF_PMM) Parameter 'top/u2/uart8/finishOnDisconnect' matches 2 entries on the command line or in control file(s):
Info (CF_PMM_R)     Accepted:  35 --override uart8/finishOnDisconnect=T
Info (CF_PMM_R)     Ignored :  73 --override uart8/finishOnDisconnect=T
Info (PSE_SER) 'top/u2/uart8' Server connected to 40445
Info (OR_OF) Target 'top/u2/cpu0' has object file read from 'FreeRTOS/Debug/miv-rv32im-freertos-port-test.elf'
Info (OR_PH) Program Headers:
Info (OR_PH) Type           Offset     VirtAddr   PhysAddr   FileSiz    MemSiz     Flags Align
Info (OR_PD) LOAD           0x00001000 0x80000000 0x80000000 0x00006f80 0x00041630 RWE   1000
Info (OR_OF) Target 'top/u2/cpu1' has object file read from 'FreeRTOS/Debug/miv-rv32im-freertos-port-test.elf'
Info (OR_PH) Program Headers:
Info (OR_PH) Type           Offset     VirtAddr   PhysAddr   FileSiz    MemSiz     Flags Align
Info (OR_PD) LOAD           0x00001000 0x80000000 0x80000000 0x00006f80 0x00041630 RWE   1000
Info (OR_OF) Target 'top/u2/cpu2' has object file read from 'FreeRTOS/Debug/miv-rv32im-freertos-port-test.elf'
Info (OR_PH) Program Headers:
Info (OR_PH) Type           Offset     VirtAddr   PhysAddr   FileSiz    MemSiz     Flags Align
Info (OR_PD) LOAD           0x00001000 0x80000000 0x80000000 0x00006f80 0x00041630 RWE   1000
Info (OR_OF) Target 'top/u2/cpu3' has object file read from 'FreeRTOS/Debug/miv-rv32im-freertos-port-test.elf'
Info (OR_PH) Program Headers:
Info (OR_PH) Type           Offset     VirtAddr   PhysAddr   FileSiz    MemSiz     Flags Align
Info (OR_PD) LOAD           0x00001000 0x80000000 0x80000000 0x00006f80 0x00041630 RWE   1000
Info (OR_OF) Target 'top/u2/cpu4' has object file read from 'FreeRTOS/Debug/miv-rv32im-freertos-port-test.elf'
Info (OR_PH) Program Headers:
Info (OR_PH) Type           Offset     VirtAddr   PhysAddr   FileSiz    MemSiz     Flags Align
Info (OR_PD) LOAD           0x00001000 0x80000000 0x80000000 0x00006f80 0x00041630 RWE   1000
Info (OR_OF) Target 'top/u2/cpu5' has object file read from 'FreeRTOS/Debug/miv-rv32im-freertos-port-test.elf'
Info (OR_PH) Program Headers:
Info (OR_PH) Type           Offset     VirtAddr   PhysAddr   FileSiz    MemSiz     Flags Align
Info (OR_PD) LOAD           0x00001000 0x80000000 0x80000000 0x00006f80 0x00041630 RWE   1000
Info (OR_OF) Target 'top/u2/cpu6' has object file read from 'FreeRTOS/Debug/miv-rv32im-freertos-port-test.elf'
Info (OR_PH) Program Headers:
Info (OR_PH) Type           Offset     VirtAddr   PhysAddr   FileSiz    MemSiz     Flags Align
Info (OR_PD) LOAD           0x00001000 0x80000000 0x80000000 0x00006f80 0x00041630 RWE   1000
Info (OR_OF) Target 'top/u2/cpu7' has object file read from 'FreeRTOS/Debug/miv-rv32im-freertos-port-test.elf'
Info (OR_PH) Program Headers:
Info (OR_PH) Type           Offset     VirtAddr   PhysAddr   FileSiz    MemSiz     Flags Align
Info (OR_PD) LOAD           0x00001000 0x80000000 0x80000000 0x00006f80 0x00041630 RWE   1000
Info (OR_OF) Target 'top/u2/cpu8' has object file read from 'FreeRTOS/Debug/miv-rv32im-freertos-port-test.elf'
Info (OR_PH) Program Headers:
Info (OR_PH) Type           Offset     VirtAddr   PhysAddr   FileSiz    MemSiz     Flags Align
Info (OR_PD) LOAD           0x00001000 0x80000000 0x80000000 0x00006f80 0x00041630 RWE   1000
Info (OR_OF) Target 'top/u2/cpu0' has object file read from 'FreeRTOS/Debug/miv-rv32im-freertos-port-test.elf'
Info (OR_PH) Program Headers:
Info (OR_PH) Type           Offset     VirtAddr   PhysAddr   FileSiz    MemSiz     Flags Align
Info (OR_PD) LOAD           0x00001000 0x80000000 0x80000000 0x00006f80 0x00041630 RWE   1000
Info (OR_OF) Target 'top/u2/cpu1' has object file read from 'FreeRTOS/Debug/miv-rv32im-freertos-port-test.elf'
Info (OR_PH) Program Headers:
Info (OR_PH) Type           Offset     VirtAddr   PhysAddr   FileSiz    MemSiz     Flags Align
Info (OR_PD) LOAD           0x00001000 0x80000000 0x80000000 0x00006f80 0x00041630 RWE   1000
Info (OR_OF) Target 'top/u2/cpu2' has object file read from 'FreeRTOS/Debug/miv-rv32im-freertos-port-test.elf'
Info (OR_PH) Program Headers:
Info (OR_PH) Type           Offset     VirtAddr   PhysAddr   FileSiz    MemSiz     Flags Align
Info (OR_PD) LOAD           0x00001000 0x80000000 0x80000000 0x00006f80 0x00041630 RWE   1000
Info (OR_OF) Target 'top/u2/cpu3' has object file read from 'FreeRTOS/Debug/miv-rv32im-freertos-port-test.elf'
Info (OR_PH) Program Headers:
Info (OR_PH) Type           Offset     VirtAddr   PhysAddr   FileSiz    MemSiz     Flags Align
Info (OR_PD) LOAD           0x00001000 0x80000000 0x80000000 0x00006f80 0x00041630 RWE   1000
Info (OR_OF) Target 'top/u2/cpu4' has object file read from 'FreeRTOS/Debug/miv-rv32im-freertos-port-test.elf'
Info (OR_PH) Program Headers:
Info (OR_PH) Type           Offset     VirtAddr   PhysAddr   FileSiz    MemSiz     Flags Align
Info (OR_PD) LOAD           0x00001000 0x80000000 0x80000000 0x00006f80 0x00041630 RWE   1000
Info (OR_OF) Target 'top/u2/cpu5' has object file read from 'FreeRTOS/Debug/miv-rv32im-freertos-port-test.elf'
Info (OR_PH) Program Headers:
Info (OR_PH) Type           Offset     VirtAddr   PhysAddr   FileSiz    MemSiz     Flags Align
Info (OR_PD) LOAD           0x00001000 0x80000000 0x80000000 0x00006f80 0x00041630 RWE   1000
Info (OR_OF) Target 'top/u2/cpu6' has object file read from 'FreeRTOS/Debug/miv-rv32im-freertos-port-test.elf'
Info (OR_PH) Program Headers:
Info (OR_PH) Type           Offset     VirtAddr   PhysAddr   FileSiz    MemSiz     Flags Align
Info (OR_PD) LOAD           0x00001000 0x80000000 0x80000000 0x00006f80 0x00041630 RWE   1000
Info (OR_OF) Target 'top/u2/cpu7' has object file read from 'FreeRTOS/Debug/miv-rv32im-freertos-port-test.elf'
Info (OR_PH) Program Headers:
Info (OR_PH) Type           Offset     VirtAddr   PhysAddr   FileSiz    MemSiz     Flags Align
Info (OR_PD) LOAD           0x00001000 0x80000000 0x80000000 0x00006f80 0x00041630 RWE   1000
Info (OR_OF) Target 'top/u2/cpu8' has object file read from 'FreeRTOS/Debug/miv-rv32im-freertos-port-test.elf'
Info (OR_PH) Program Headers:
Info (OR_PH) Type           Offset     VirtAddr   PhysAddr   FileSiz    MemSiz     Flags Align
Info (OR_PD) LOAD           0x00001000 0x80000000 0x80000000 0x00006f80 0x00041630 RWE   1000
Return: opRootModulePreSimulate
Enter : opRootModuleTimeAdvance( module=0x7fe3cf6851c8, absoluteTime=2.500000e-05)
Return: opRootModuleTimeAdvance = (Bool)1
Enter : opProcessorNext( module=0x7fe3cf670a20, processor=0x7ffd0d64f2d0)
Internal Abort (ABRT) /home/release/build/20210408.0/Imperas/Common/source/targetOS/tosSignal.c:709 : Abort reached. 
Uncaught Exception (SIGSEGV) at 0x7fe3ce660c10


*** backtrace 12 stack frames:
-------------------------------
/soft64/imperas/ferramentas/Imperas.20210408/bin/Linux64/libCpuManager.so(+0xa5cba) [0x7fe3ce692cba]
/soft64/imperas/ferramentas/Imperas.20210408/bin/Linux64/libCpuManager.so(+0xa621e) [0x7fe3ce69321e]
/soft64/imperas/ferramentas/Imperas.20210408/bin/Linux64/libCpuManager.so(+0xa6449) [0x7fe3ce693449]
/soft64/imperas/ferramentas/Imperas.20210408/bin/Linux64/libCpuManager.so(+0xa64d7) [0x7fe3ce6934d7]
/soft64/imperas/ferramentas/Imperas.20210408/bin/Linux64/libCpuManager.so(+0x1a658a) [0x7fe3ce79358a]
/lib64/libc.so.6(+0x36400) [0x7fe3cee21400]
/soft64/imperas/ferramentas/Imperas.20210408/bin/Linux64/libCpuManager.so(+0x73c10) [0x7fe3ce660c10]
/soft64/imperas/ferramentas/Imperas.20210408/bin/Linux64/libCpuManager.so(opiProcessorNext+0x19) [0x7fe3ce66e2a9]
/soft64/imperas/ferramentas/Imperas.20210408/bin/Linux64/libRuntimeLoader.so(opProcessorNext+0x3c) [0x7fe3cf20f01c]
harness/harness.Linux64.exe(+0x16b4) [0x5646a83576b4]
/lib64/libc.so.6(__libc_start_main+0xf5) [0x7fe3cee0d555]
harness/harness.Linux64.exe(+0x128e) [0x5646a835728e]

Info Exiting
Info Session ended: Thu Oct  7 21:39:01 2021

