
 Chronos platform initializing... 

 This terminal belongs to the address: 201

 This processor is a Slave: 
201 PE is alive - 0 -
201 PE is alive - 1 -
201 PE is alive - 2 -
201 PE is alive - 3 -
CONS2 Start 

Chegou a mensagem numero: 1 - tamanho: 75 .

Chegou a mensagem numero: 2 - tamanho: 75 .

Chegou a mensagem numero: 3 - tamanho: 75 .

Chegou a mensagem numero: 4 - tamanho: 75 .

Chegou a mensagem numero: 5 - tamanho: 75 .

Chegou a mensagem numero: 6 - tamanho: 75 .

Chegou a mensagem numero: 7 - tamanho: 75 .

Chegou a mensagem numero: 8 - tamanho: 75 .

Chegou a mensagem numero: 9 - tamanho: 75 .

Chegou a mensagem numero: 10 - tamanho: 75 .
CONS2 End 
201 PE is alive - 4 -
201 PE is alive - 5 -
201 PE is alive - 6 -
201 PE is alive - 7 -
201 PE is alive - 8 -
201 PE is alive - 9 -
201 PE is alive - 10 -
201 PE is alive - 11 -
201 PE is alive - 12 -
201 PE is alive - 13 -
201 PE is alive - 14 -
201 PE is alive - 15 -
201 PE is alive - 16 -
201 PE is alive - 17 -
201 PE is alive - 18 -
201 PE is alive - 19 -
201 PE is alive - 20 -
201 PE is alive - 21 -
