
 Chronos platform initializing... 

 This terminal belongs to the address: 0

 This processor is the Global Master: 
4 GlobalMasterRoutine...
7 GlobalMasterRoutine...
32 GlobalMasterRoutine...
35 GlobalMasterRoutine...
38 GlobalMasterRoutine...
41 GlobalMasterRoutine...
44 GlobalMasterRoutine...
47 GlobalMasterRoutine...
50 GlobalMasterRoutine...
53 GlobalMasterRoutine...
56 GlobalMasterRoutine...
59 GlobalMasterRoutine...
62 GlobalMasterRoutine...
65 GlobalMasterRoutine...
68 GlobalMasterRoutine...
71 GlobalMasterRoutine...
74 GlobalMasterRoutine...
77 GlobalMasterRoutine...
80 GlobalMasterRoutine...
83 GlobalMasterRoutine...
86 GlobalMasterRoutine...
89 GlobalMasterRoutine...
92 GlobalMasterRoutine...
95 GlobalMasterRoutine...
98 GlobalMasterRoutine...
101 GlobalMasterRoutine...
104 GlobalMasterRoutine...
107 GlobalMasterRoutine...
110 GlobalMasterRoutine...
113 GlobalMasterRoutine...
116 GlobalMasterRoutine...
119 GlobalMasterRoutine...
122 GlobalMasterRoutine...
125 GlobalMasterRoutine...
128 GlobalMasterRoutine...
131 GlobalMasterRoutine...
134 GlobalMasterRoutine...
137 GlobalMasterRoutine...
140 GlobalMasterRoutine...
143 GlobalMasterRoutine...
146 GlobalMasterRoutine...
149 GlobalMasterRoutine...
152 GlobalMasterRoutine...
155 GlobalMasterRoutine...
158 GlobalMasterRoutine...
161 GlobalMasterRoutine...
164 GlobalMasterRoutine...
167 GlobalMasterRoutine...
170 GlobalMasterRoutine...
173 GlobalMasterRoutine...
176 GlobalMasterRoutine...
179 GlobalMasterRoutine...
182 GlobalMasterRoutine...
185 GlobalMasterRoutine...
188 GlobalMasterRoutine...
191 GlobalMasterRoutine...
194 GlobalMasterRoutine...
197 GlobalMasterRoutine...
200 GlobalMasterRoutine...
203 GlobalMasterRoutine...
206 GlobalMasterRoutine...
209 GlobalMasterRoutine...
212 GlobalMasterRoutine...
215 GlobalMasterRoutine...
218 GlobalMasterRoutine...
221 GlobalMasterRoutine...
224 GlobalMasterRoutine...
227 GlobalMasterRoutine...
230 GlobalMasterRoutine...
233 GlobalMasterRoutine...
236 GlobalMasterRoutine...
239 GlobalMasterRoutine...
242 GlobalMasterRoutine...
245 GlobalMasterRoutine...
248 GlobalMasterRoutine...
251 GlobalMasterRoutine...
254 GlobalMasterRoutine...
257 GlobalMasterRoutine...
260 GlobalMasterRoutine...
263 GlobalMasterRoutine...
266 GlobalMasterRoutine...
269 GlobalMasterRoutine...
272 GlobalMasterRoutine...
275 GlobalMasterRoutine...
278 GlobalMasterRoutine...
281 GlobalMasterRoutine...
284 GlobalMasterRoutine...
287 GlobalMasterRoutine...
290 GlobalMasterRoutine...
293 GlobalMasterRoutine...
296 GlobalMasterRoutine...
299 GlobalMasterRoutine...
302 GlobalMasterRoutine...
305 GlobalMasterRoutine...
308 GlobalMasterRoutine...
311 GlobalMasterRoutine...
314 GlobalMasterRoutine...
317 GlobalMasterRoutine...
320 GlobalMasterRoutine...
323 GlobalMasterRoutine...
326 GlobalMasterRoutine...
329 GlobalMasterRoutine...
332 GlobalMasterRoutine...
335 GlobalMasterRoutine...
338 GlobalMasterRoutine...
341 GlobalMasterRoutine...
344 GlobalMasterRoutine...
347 GlobalMasterRoutine...
350 GlobalMasterRoutine...
353 GlobalMasterRoutine...
356 GlobalMasterRoutine...
359 GlobalMasterRoutine...
362 GlobalMasterRoutine...
365 GlobalMasterRoutine...
368 GlobalMasterRoutine...
371 GlobalMasterRoutine...
374 GlobalMasterRoutine...
377 GlobalMasterRoutine...
380 GlobalMasterRoutine...
383 GlobalMasterRoutine...
386 GlobalMasterRoutine...
389 GlobalMasterRoutine...
392 GlobalMasterRoutine...
395 GlobalMasterRoutine...
398 GlobalMasterRoutine...
401 GlobalMasterRoutine...
404 GlobalMasterRoutine...
407 GlobalMasterRoutine...
410 GlobalMasterRoutine...
413 GlobalMasterRoutine...
416 GlobalMasterRoutine...
419 GlobalMasterRoutine...
422 GlobalMasterRoutine...
425 GlobalMasterRoutine...
428 GlobalMasterRoutine...
431 GlobalMasterRoutine...
434 GlobalMasterRoutine...
437 GlobalMasterRoutine...
440 GlobalMasterRoutine...
443 GlobalMasterRoutine...
446 GlobalMasterRoutine...
449 GlobalMasterRoutine...
452 GlobalMasterRoutine...
455 GlobalMasterRoutine...
458 GlobalMasterRoutine...
461 GlobalMasterRoutine...
464 GlobalMasterRoutine...
467 GlobalMasterRoutine...
470 GlobalMasterRoutine...
473 GlobalMasterRoutine...
476 GlobalMasterRoutine...
479 GlobalMasterRoutine...
482 GlobalMasterRoutine...
485 GlobalMasterRoutine...
488 GlobalMasterRoutine...
491 GlobalMasterRoutine...
494 GlobalMasterRoutine...
497 GlobalMasterRoutine...
500 GlobalMasterRoutine...
503 GlobalMasterRoutine...
506 GlobalMasterRoutine...
509 GlobalMasterRoutine...
512 GlobalMasterRoutine...
515 GlobalMasterRoutine...
518 GlobalMasterRoutine...
521 GlobalMasterRoutine...
524 GlobalMasterRoutine...
527 GlobalMasterRoutine...
530 GlobalMasterRoutine...
533 GlobalMasterRoutine...
536 GlobalMasterRoutine...
539 GlobalMasterRoutine...
542 GlobalMasterRoutine...
545 GlobalMasterRoutine...
548 GlobalMasterRoutine...
551 GlobalMasterRoutine...
554 GlobalMasterRoutine...
557 GlobalMasterRoutine...
560 GlobalMasterRoutine...
563 GlobalMasterRoutine...
566 GlobalMasterRoutine...
569 GlobalMasterRoutine...
572 GlobalMasterRoutine...
575 GlobalMasterRoutine...
578 GlobalMasterRoutine...
581 GlobalMasterRoutine...
584 GlobalMasterRoutine...
587 GlobalMasterRoutine...
590 GlobalMasterRoutine...
593 GlobalMasterRoutine...
596 GlobalMasterRoutine...
599 GlobalMasterRoutine...
602 GlobalMasterRoutine...
605 GlobalMasterRoutine...
608 GlobalMasterRoutine...
611 GlobalMasterRoutine...
614 GlobalMasterRoutine...
617 GlobalMasterRoutine...
620 GlobalMasterRoutine...
623 GlobalMasterRoutine...
626 GlobalMasterRoutine...
629 GlobalMasterRoutine...
632 GlobalMasterRoutine...
635 GlobalMasterRoutine...
638 GlobalMasterRoutine...
641 GlobalMasterRoutine...
644 GlobalMasterRoutine...
647 GlobalMasterRoutine...
650 GlobalMasterRoutine...
653 GlobalMasterRoutine...
656 GlobalMasterRoutine...
659 GlobalMasterRoutine...
662 GlobalMasterRoutine...
665 GlobalMasterRoutine...
668 GlobalMasterRoutine...
671 GlobalMasterRoutine...
674 GlobalMasterRoutine...
677 GlobalMasterRoutine...
680 GlobalMasterRoutine...
683 GlobalMasterRoutine...
686 GlobalMasterRoutine...
689 GlobalMasterRoutine...
692 GlobalMasterRoutine...
695 GlobalMasterRoutine...
698 GlobalMasterRoutine...
701 GlobalMasterRoutine...
704 GlobalMasterRoutine...
707 GlobalMasterRoutine...
710 GlobalMasterRoutine...
713 GlobalMasterRoutine...
716 GlobalMasterRoutine...
719 GlobalMasterRoutine...
722 GlobalMasterRoutine...
725 GlobalMasterRoutine...
728 GlobalMasterRoutine...
731 GlobalMasterRoutine...
734 GlobalMasterRoutine...
737 GlobalMasterRoutine...
740 GlobalMasterRoutine...
743 GlobalMasterRoutine...
746 GlobalMasterRoutine...
749 GlobalMasterRoutine...
752 GlobalMasterRoutine...
755 GlobalMasterRoutine...
758 GlobalMasterRoutine...
761 GlobalMasterRoutine...
764 GlobalMasterRoutine...
767 GlobalMasterRoutine...
770 GlobalMasterRoutine...
773 GlobalMasterRoutine...
776 GlobalMasterRoutine...
779 GlobalMasterRoutine...
782 GlobalMasterRoutine...
785 GlobalMasterRoutine...
788 GlobalMasterRoutine...
791 GlobalMasterRoutine...
794 GlobalMasterRoutine...
797 GlobalMasterRoutine...
800 GlobalMasterRoutine...
803 GlobalMasterRoutine...
806 GlobalMasterRoutine...
809 GlobalMasterRoutine...
812 GlobalMasterRoutine...
815 GlobalMasterRoutine...
818 GlobalMasterRoutine...
821 GlobalMasterRoutine...
824 GlobalMasterRoutine...
827 GlobalMasterRoutine...
830 GlobalMasterRoutine...
833 GlobalMasterRoutine...
836 GlobalMasterRoutine...
839 GlobalMasterRoutine...
842 GlobalMasterRoutine...
845 GlobalMasterRoutine...
848 GlobalMasterRoutine...
851 GlobalMasterRoutine...
854 GlobalMasterRoutine...
857 GlobalMasterRoutine...
860 GlobalMasterRoutine...
863 GlobalMasterRoutine...
866 GlobalMasterRoutine...
869 GlobalMasterRoutine...
872 GlobalMasterRoutine...
875 GlobalMasterRoutine...
878 GlobalMasterRoutine...
881 GlobalMasterRoutine...
884 GlobalMasterRoutine...
887 GlobalMasterRoutine...
890 GlobalMasterRoutine...
893 GlobalMasterRoutine...
896 GlobalMasterRoutine...
899 GlobalMasterRoutine...
902 GlobalMasterRoutine...
905 GlobalMasterRoutine...
908 GlobalMasterRoutine...
911 GlobalMasterRoutine...
914 GlobalMasterRoutine...
917 GlobalMasterRoutine...
920 GlobalMasterRoutine...
923 GlobalMasterRoutine...
926 GlobalMasterRoutine...
929 GlobalMasterRoutine...
932 GlobalMasterRoutine...
935 GlobalMasterRoutine...
938 GlobalMasterRoutine...
941 GlobalMasterRoutine...
944 GlobalMasterRoutine...
947 GlobalMasterRoutine...
950 GlobalMasterRoutine...
953 GlobalMasterRoutine...
956 GlobalMasterRoutine...
959 GlobalMasterRoutine...
962 GlobalMasterRoutine...
965 GlobalMasterRoutine...
968 GlobalMasterRoutine...
971 GlobalMasterRoutine...
974 GlobalMasterRoutine...
977 GlobalMasterRoutine...
980 GlobalMasterRoutine...
983 GlobalMasterRoutine...
986 GlobalMasterRoutine...
989 GlobalMasterRoutine...
992 GlobalMasterRoutine...
995 GlobalMasterRoutine...
998 GlobalMasterRoutine...
1001 GlobalMasterRoutine...
1004 GlobalMasterRoutine...
1007 GlobalMasterRoutine...
1010 GlobalMasterRoutine...
1013 GlobalMasterRoutine...
1016 GlobalMasterRoutine...
1019 GlobalMasterRoutine...
1022 GlobalMasterRoutine...
1025 GlobalMasterRoutine...
1028 GlobalMasterRoutine...
1031 GlobalMasterRoutine...
1034 GlobalMasterRoutine...
1037 GlobalMasterRoutine...
1040 GlobalMasterRoutine...
1043 GlobalMasterRoutine...
1046 GlobalMasterRoutine...
1049 GlobalMasterRoutine...
1052 GlobalMasterRoutine...
1055 GlobalMasterRoutine...
1058 GlobalMasterRoutine...
1061 GlobalMasterRoutine...
1064 GlobalMasterRoutine...
1067 GlobalMasterRoutine...
1070 GlobalMasterRoutine...
1073 GlobalMasterRoutine...
1076 GlobalMasterRoutine...
1079 GlobalMasterRoutine...
1082 GlobalMasterRoutine...
1085 GlobalMasterRoutine...
1088 GlobalMasterRoutine...
1091 GlobalMasterRoutine...
1094 GlobalMasterRoutine...
1097 GlobalMasterRoutine...
1100 GlobalMasterRoutine...
1103 GlobalMasterRoutine...
1106 GlobalMasterRoutine...
1109 GlobalMasterRoutine...
1112 GlobalMasterRoutine...
1115 GlobalMasterRoutine...
1118 GlobalMasterRoutine...
1121 GlobalMasterRoutine...
1124 GlobalMasterRoutine...
1127 GlobalMasterRoutine...
1130 GlobalMasterRoutine...
1133 GlobalMasterRoutine...
1136 GlobalMasterRoutine...
1139 GlobalMasterRoutine...
1142 GlobalMasterRoutine...
1145 GlobalMasterRoutine...
1148 GlobalMasterRoutine...
1151 GlobalMasterRoutine...
1154 GlobalMasterRoutine...
1157 GlobalMasterRoutine...
1160 GlobalMasterRoutine...
1163 GlobalMasterRoutine...
1166 GlobalMasterRoutine...
1169 GlobalMasterRoutine...
1172 GlobalMasterRoutine...
1175 GlobalMasterRoutine...
1178 GlobalMasterRoutine...
1181 GlobalMasterRoutine...
1184 GlobalMasterRoutine...
1187 GlobalMasterRoutine...
1190 GlobalMasterRoutine...
1193 GlobalMasterRoutine...
1196 GlobalMasterRoutine...
1199 GlobalMasterRoutine...
1202 GlobalMasterRoutine...
1205 GlobalMasterRoutine...
1208 GlobalMasterRoutine...
1211 GlobalMasterRoutine...
1214 GlobalMasterRoutine...
1217 GlobalMasterRoutine...
1220 GlobalMasterRoutine...
1223 GlobalMasterRoutine...
1226 GlobalMasterRoutine...
1229 GlobalMasterRoutine...
1232 GlobalMasterRoutine...
1235 GlobalMasterRoutine...
1238 GlobalMasterRoutine...
1241 GlobalMasterRoutine...
1244 GlobalMasterRoutine...
1247 GlobalMasterRoutine...
1250 GlobalMasterRoutine...
1253 GlobalMasterRoutine...
1256 GlobalMasterRoutine...
1259 GlobalMasterRoutine...
1262 GlobalMasterRoutine...
1265 GlobalMasterRoutine...
1268 GlobalMasterRoutine...
1271 GlobalMasterRoutine...
1274 GlobalMasterRoutine...
1277 GlobalMasterRoutine...
1280 GlobalMasterRoutine...
1283 GlobalMasterRoutine...
1286 GlobalMasterRoutine...
1289 GlobalMasterRoutine...
1292 GlobalMasterRoutine...
1295 GlobalMasterRoutine...
1298 GlobalMasterRoutine...
1301 GlobalMasterRoutine...
1304 GlobalMasterRoutine...
1307 GlobalMasterRoutine...
1310 GlobalMasterRoutine...
1313 GlobalMasterRoutine...
1316 GlobalMasterRoutine...
1319 GlobalMasterRoutine...
1322 GlobalMasterRoutine...
1325 GlobalMasterRoutine...
1328 GlobalMasterRoutine...
1331 GlobalMasterRoutine...
1334 GlobalMasterRoutine...
1337 GlobalMasterRoutine...
1340 GlobalMasterRoutine...
1343 GlobalMasterRoutine...
1346 GlobalMasterRoutine...
1349 GlobalMasterRoutine...
1352 GlobalMasterRoutine...
1355 GlobalMasterRoutine...
1358 GlobalMasterRoutine...
1361 GlobalMasterRoutine...
1364 GlobalMasterRoutine...
1367 GlobalMasterRoutine...
1370 GlobalMasterRoutine...
1373 GlobalMasterRoutine...
1376 GlobalMasterRoutine...
1379 GlobalMasterRoutine...
1382 GlobalMasterRoutine...
1385 GlobalMasterRoutine...
1388 GlobalMasterRoutine...
1391 GlobalMasterRoutine...
1394 GlobalMasterRoutine...
1397 GlobalMasterRoutine...
1400 GlobalMasterRoutine...
1403 GlobalMasterRoutine...
1406 GlobalMasterRoutine...
1409 GlobalMasterRoutine...
1412 GlobalMasterRoutine...
1415 GlobalMasterRoutine...
1418 GlobalMasterRoutine...
1421 GlobalMasterRoutine...
1424 GlobalMasterRoutine...
1427 GlobalMasterRoutine...
1430 GlobalMasterRoutine...
1433 GlobalMasterRoutine...
1436 GlobalMasterRoutine...
1439 GlobalMasterRoutine...
1442 GlobalMasterRoutine...
1445 GlobalMasterRoutine...
1448 GlobalMasterRoutine...
1451 GlobalMasterRoutine...
1454 GlobalMasterRoutine...
1457 GlobalMasterRoutine...
1460 GlobalMasterRoutine...
1463 GlobalMasterRoutine...
1466 GlobalMasterRoutine...
1469 GlobalMasterRoutine...
1472 GlobalMasterRoutine...
1475 GlobalMasterRoutine...
1478 GlobalMasterRoutine...
1481 GlobalMasterRoutine...
1484 GlobalMasterRoutine...
1487 GlobalMasterRoutine...
1490 GlobalMasterRoutine...
1493 GlobalMasterRoutine...
1496 GlobalMasterRoutine...
1499 GlobalMasterRoutine...
1502 GlobalMasterRoutine...
1505 GlobalMasterRoutine...
1508 GlobalMasterRoutine...
1513 GlobalMasterRoutine...
1516 GlobalMasterRoutine...
1541 GlobalMasterRoutine...
1544 GlobalMasterRoutine...
1548 GlobalMasterRoutine...
1551 GlobalMasterRoutine...
1554 GlobalMasterRoutine...
1557 GlobalMasterRoutine...
1560 GlobalMasterRoutine...
1563 GlobalMasterRoutine...
1566 GlobalMasterRoutine...
1569 GlobalMasterRoutine...
1572 GlobalMasterRoutine...
1575 GlobalMasterRoutine...
1578 GlobalMasterRoutine...
1581 GlobalMasterRoutine...
1584 GlobalMasterRoutine...
1587 GlobalMasterRoutine...
1590 GlobalMasterRoutine...
1593 GlobalMasterRoutine...
1596 GlobalMasterRoutine...
1599 GlobalMasterRoutine...
1602 GlobalMasterRoutine...
1605 GlobalMasterRoutine...
1608 GlobalMasterRoutine...
1611 GlobalMasterRoutine...
1614 GlobalMasterRoutine...
1617 GlobalMasterRoutine...
1620 GlobalMasterRoutine...
1623 GlobalMasterRoutine...
1626 GlobalMasterRoutine...
1629 GlobalMasterRoutine...
1632 GlobalMasterRoutine...
1635 GlobalMasterRoutine...
1638 GlobalMasterRoutine...
1641 GlobalMasterRoutine...
1644 GlobalMasterRoutine...
1647 GlobalMasterRoutine...
1650 GlobalMasterRoutine...
1653 GlobalMasterRoutine...
1656 GlobalMasterRoutine...
1659 GlobalMasterRoutine...
1662 GlobalMasterRoutine...
1665 GlobalMasterRoutine...
1668 GlobalMasterRoutine...
1671 GlobalMasterRoutine...
1674 GlobalMasterRoutine...
1677 GlobalMasterRoutine...
1680 GlobalMasterRoutine...
1683 GlobalMasterRoutine...
1686 GlobalMasterRoutine...
1689 GlobalMasterRoutine...
1692 GlobalMasterRoutine...
1695 GlobalMasterRoutine...
1698 GlobalMasterRoutine...
1701 GlobalMasterRoutine...
1704 GlobalMasterRoutine...
1707 GlobalMasterRoutine...
1710 GlobalMasterRoutine...
1713 GlobalMasterRoutine...
1716 GlobalMasterRoutine...
1719 GlobalMasterRoutine...
1722 GlobalMasterRoutine...
1725 GlobalMasterRoutine...
1728 GlobalMasterRoutine...
1731 GlobalMasterRoutine...
1734 GlobalMasterRoutine...
1737 GlobalMasterRoutine...
1740 GlobalMasterRoutine...
1743 GlobalMasterRoutine...
1746 GlobalMasterRoutine...
1749 GlobalMasterRoutine...
1752 GlobalMasterRoutine...
1755 GlobalMasterRoutine...
1758 GlobalMasterRoutine...
1761 GlobalMasterRoutine...
1764 GlobalMasterRoutine...
1767 GlobalMasterRoutine...
1770 GlobalMasterRoutine...
1773 GlobalMasterRoutine...
1776 GlobalMasterRoutine...
1779 GlobalMasterRoutine...
1782 GlobalMasterRoutine...
1785 GlobalMasterRoutine...
1788 GlobalMasterRoutine...
1791 GlobalMasterRoutine...
1794 GlobalMasterRoutine...
1797 GlobalMasterRoutine...
1800 GlobalMasterRoutine...
1803 GlobalMasterRoutine...
1806 GlobalMasterRoutine...
1809 GlobalMasterRoutine...
1812 GlobalMasterRoutine...
1815 GlobalMasterRoutine...
1818 GlobalMasterRoutine...
1821 GlobalMasterRoutine...
1824 GlobalMasterRoutine...
1827 GlobalMasterRoutine...
1830 GlobalMasterRoutine...
1833 GlobalMasterRoutine...
1836 GlobalMasterRoutine...
1839 GlobalMasterRoutine...
1842 GlobalMasterRoutine...
1845 GlobalMasterRoutine...
1848 GlobalMasterRoutine...
1851 GlobalMasterRoutine...
1854 GlobalMasterRoutine...
1857 GlobalMasterRoutine...
1860 GlobalMasterRoutine...
1863 GlobalMasterRoutine...
1866 GlobalMasterRoutine...
1869 GlobalMasterRoutine...
1872 GlobalMasterRoutine...
1875 GlobalMasterRoutine...
1878 GlobalMasterRoutine...
1881 GlobalMasterRoutine...
1884 GlobalMasterRoutine...
1887 GlobalMasterRoutine...
1890 GlobalMasterRoutine...
1893 GlobalMasterRoutine...
1896 GlobalMasterRoutine...
1899 GlobalMasterRoutine...
1902 GlobalMasterRoutine...
1905 GlobalMasterRoutine...
1908 GlobalMasterRoutine...
1911 GlobalMasterRoutine...
1914 GlobalMasterRoutine...
1917 GlobalMasterRoutine...
1920 GlobalMasterRoutine...
1923 GlobalMasterRoutine...
1926 GlobalMasterRoutine...
1929 GlobalMasterRoutine...
1932 GlobalMasterRoutine...
1935 GlobalMasterRoutine...
1938 GlobalMasterRoutine...
1941 GlobalMasterRoutine...
1944 GlobalMasterRoutine...
1947 GlobalMasterRoutine...
1950 GlobalMasterRoutine...
1953 GlobalMasterRoutine...
1956 GlobalMasterRoutine...
1959 GlobalMasterRoutine...
1962 GlobalMasterRoutine...
1965 GlobalMasterRoutine...
1968 GlobalMasterRoutine...
1971 GlobalMasterRoutine...
1974 GlobalMasterRoutine...
1977 GlobalMasterRoutine...
1980 GlobalMasterRoutine...
1983 GlobalMasterRoutine...
1986 GlobalMasterRoutine...
1989 GlobalMasterRoutine...
1992 GlobalMasterRoutine...
1995 GlobalMasterRoutine...
1998 GlobalMasterRoutine...
2001 GlobalMasterRoutine...
2004 GlobalMasterRoutine...
2007 GlobalMasterRoutine...
2010 GlobalMasterRoutine...
2013 GlobalMasterRoutine...
2016 GlobalMasterRoutine...
2019 GlobalMasterRoutine...
2022 GlobalMasterRoutine...
2025 GlobalMasterRoutine...
2028 GlobalMasterRoutine...
2031 GlobalMasterRoutine...
2034 GlobalMasterRoutine...
2037 GlobalMasterRoutine...
2040 GlobalMasterRoutine...
2043 GlobalMasterRoutine...
2046 GlobalMasterRoutine...
2049 GlobalMasterRoutine...
2052 GlobalMasterRoutine...
2055 GlobalMasterRoutine...
2058 GlobalMasterRoutine...
2061 GlobalMasterRoutine...
2064 GlobalMasterRoutine...
2067 GlobalMasterRoutine...
2070 GlobalMasterRoutine...
2073 GlobalMasterRoutine...
2076 GlobalMasterRoutine...
2079 GlobalMasterRoutine...
2082 GlobalMasterRoutine...
2085 GlobalMasterRoutine...
2088 GlobalMasterRoutine...
2091 GlobalMasterRoutine...
2094 GlobalMasterRoutine...
2097 GlobalMasterRoutine...
2100 GlobalMasterRoutine...
2103 GlobalMasterRoutine...
2106 GlobalMasterRoutine...
2109 GlobalMasterRoutine...
2112 GlobalMasterRoutine...
2115 GlobalMasterRoutine...
2118 GlobalMasterRoutine...
2121 GlobalMasterRoutine...
2124 GlobalMasterRoutine...
2127 GlobalMasterRoutine...
2130 GlobalMasterRoutine...
2133 GlobalMasterRoutine...
2136 GlobalMasterRoutine...
2139 GlobalMasterRoutine...
2142 GlobalMasterRoutine...
2145 GlobalMasterRoutine...
2148 GlobalMasterRoutine...
2151 GlobalMasterRoutine...
2154 GlobalMasterRoutine...
2157 GlobalMasterRoutine...
2160 GlobalMasterRoutine...
2163 GlobalMasterRoutine...
2166 GlobalMasterRoutine...
2169 GlobalMasterRoutine...
2172 GlobalMasterRoutine...
2175 GlobalMasterRoutine...
2178 GlobalMasterRoutine...
2181 GlobalMasterRoutine...
2184 GlobalMasterRoutine...
2187 GlobalMasterRoutine...
2190 GlobalMasterRoutine...
2193 GlobalMasterRoutine...
2196 GlobalMasterRoutine...
2199 GlobalMasterRoutine...
2202 GlobalMasterRoutine...
2205 GlobalMasterRoutine...
2208 GlobalMasterRoutine...
2211 GlobalMasterRoutine...
2214 GlobalMasterRoutine...
2217 GlobalMasterRoutine...
2220 GlobalMasterRoutine...
2223 GlobalMasterRoutine...
2226 GlobalMasterRoutine...
2229 GlobalMasterRoutine...
2232 GlobalMasterRoutine...
2235 GlobalMasterRoutine...
2238 GlobalMasterRoutine...
2241 GlobalMasterRoutine...
2244 GlobalMasterRoutine...
2247 GlobalMasterRoutine...
2250 GlobalMasterRoutine...
2253 GlobalMasterRoutine...
2256 GlobalMasterRoutine...
2259 GlobalMasterRoutine...
2262 GlobalMasterRoutine...
2265 GlobalMasterRoutine...
2268 GlobalMasterRoutine...
2271 GlobalMasterRoutine...
2274 GlobalMasterRoutine...
2277 GlobalMasterRoutine...
2280 GlobalMasterRoutine...
2283 GlobalMasterRoutine...
2286 GlobalMasterRoutine...
2289 GlobalMasterRoutine...
2292 GlobalMasterRoutine...
2295 GlobalMasterRoutine...
2298 GlobalMasterRoutine...
2301 GlobalMasterRoutine...
2304 GlobalMasterRoutine...
2307 GlobalMasterRoutine...
2310 GlobalMasterRoutine...
2313 GlobalMasterRoutine...
2316 GlobalMasterRoutine...
2319 GlobalMasterRoutine...
2322 GlobalMasterRoutine...
2325 GlobalMasterRoutine...
2328 GlobalMasterRoutine...
2331 GlobalMasterRoutine...
2334 GlobalMasterRoutine...
2337 GlobalMasterRoutine...
2340 GlobalMasterRoutine...
2343 GlobalMasterRoutine...
2346 GlobalMasterRoutine...
2349 GlobalMasterRoutine...
2352 GlobalMasterRoutine...
2355 GlobalMasterRoutine...
2358 GlobalMasterRoutine...
2361 GlobalMasterRoutine...
2364 GlobalMasterRoutine...
2367 GlobalMasterRoutine...
2370 GlobalMasterRoutine...
2373 GlobalMasterRoutine...
2376 GlobalMasterRoutine...
2379 GlobalMasterRoutine...
2382 GlobalMasterRoutine...
2385 GlobalMasterRoutine...
2388 GlobalMasterRoutine...
2391 GlobalMasterRoutine...
2394 GlobalMasterRoutine...
2397 GlobalMasterRoutine...
2400 GlobalMasterRoutine...
2403 GlobalMasterRoutine...
2406 GlobalMasterRoutine...
2409 GlobalMasterRoutine...
2412 GlobalMasterRoutine...
2415 GlobalMasterRoutine...
2418 GlobalMasterRoutine...
2421 GlobalMasterRoutine...
2424 GlobalMasterRoutine...
2427 GlobalMasterRoutine...
2430 GlobalMasterRoutine...
2433 GlobalMasterRoutine...
2436 GlobalMasterRoutine...
2439 GlobalMasterRoutine...
2442 GlobalMasterRoutine...
2445 GlobalMasterRoutine...
2448 GlobalMasterRoutine...
2451 GlobalMasterRoutine...
2454 GlobalMasterRoutine...
2457 GlobalMasterRoutine...
2460 GlobalMasterRoutine...
2463 GlobalMasterRoutine...
2466 GlobalMasterRoutine...
2469 GlobalMasterRoutine...
2472 GlobalMasterRoutine...
2475 GlobalMasterRoutine...
2478 GlobalMasterRoutine...
2481 GlobalMasterRoutine...
2484 GlobalMasterRoutine...
2487 GlobalMasterRoutine...
2490 GlobalMasterRoutine...
2493 GlobalMasterRoutine...
2496 GlobalMasterRoutine...
2499 GlobalMasterRoutine...
2502 GlobalMasterRoutine...
2505 GlobalMasterRoutine...
2508 GlobalMasterRoutine...
2511 GlobalMasterRoutine...
2514 GlobalMasterRoutine...
2517 GlobalMasterRoutine...
2520 GlobalMasterRoutine...
2523 GlobalMasterRoutine...
2526 GlobalMasterRoutine...
2529 GlobalMasterRoutine...
2532 GlobalMasterRoutine...
2535 GlobalMasterRoutine...
2538 GlobalMasterRoutine...
2541 GlobalMasterRoutine...
2544 GlobalMasterRoutine...
2547 GlobalMasterRoutine...
2550 GlobalMasterRoutine...
2553 GlobalMasterRoutine...
2556 GlobalMasterRoutine...
2559 GlobalMasterRoutine...
2562 GlobalMasterRoutine...
2565 GlobalMasterRoutine...
2568 GlobalMasterRoutine...
2571 GlobalMasterRoutine...
2574 GlobalMasterRoutine...
2577 GlobalMasterRoutine...
2580 GlobalMasterRoutine...
2583 GlobalMasterRoutine...
2586 GlobalMasterRoutine...
2589 GlobalMasterRoutine...
2592 GlobalMasterRoutine...
2595 GlobalMasterRoutine...
2598 GlobalMasterRoutine...
2601 GlobalMasterRoutine...
2604 GlobalMasterRoutine...
2607 GlobalMasterRoutine...
2610 GlobalMasterRoutine...
2613 GlobalMasterRoutine...
2616 GlobalMasterRoutine...
2619 GlobalMasterRoutine...
2622 GlobalMasterRoutine...
2625 GlobalMasterRoutine...
2628 GlobalMasterRoutine...
2631 GlobalMasterRoutine...
2634 GlobalMasterRoutine...
2637 GlobalMasterRoutine...
2640 GlobalMasterRoutine...
2643 GlobalMasterRoutine...
2646 GlobalMasterRoutine...
2649 GlobalMasterRoutine...
2652 GlobalMasterRoutine...
2655 GlobalMasterRoutine...
2658 GlobalMasterRoutine...
2661 GlobalMasterRoutine...
2664 GlobalMasterRoutine...
2667 GlobalMasterRoutine...
2670 GlobalMasterRoutine...
2673 GlobalMasterRoutine...
2676 GlobalMasterRoutine...
2679 GlobalMasterRoutine...
2682 GlobalMasterRoutine...
2685 GlobalMasterRoutine...
2688 GlobalMasterRoutine...
2691 GlobalMasterRoutine...
2694 GlobalMasterRoutine...
2697 GlobalMasterRoutine...
2700 GlobalMasterRoutine...
2703 GlobalMasterRoutine...
2706 GlobalMasterRoutine...
2709 GlobalMasterRoutine...
2712 GlobalMasterRoutine...
2715 GlobalMasterRoutine...
2718 GlobalMasterRoutine...
2721 GlobalMasterRoutine...
2724 GlobalMasterRoutine...
2727 GlobalMasterRoutine...
2730 GlobalMasterRoutine...
2733 GlobalMasterRoutine...
2736 GlobalMasterRoutine...
2739 GlobalMasterRoutine...
2742 GlobalMasterRoutine...
2745 GlobalMasterRoutine...
2748 GlobalMasterRoutine...
2751 GlobalMasterRoutine...
2754 GlobalMasterRoutine...
2757 GlobalMasterRoutine...
2760 GlobalMasterRoutine...
2763 GlobalMasterRoutine...
2766 GlobalMasterRoutine...
2769 GlobalMasterRoutine...
2772 GlobalMasterRoutine...
2775 GlobalMasterRoutine...
2778 GlobalMasterRoutine...
2781 GlobalMasterRoutine...
2784 GlobalMasterRoutine...
2787 GlobalMasterRoutine...
2790 GlobalMasterRoutine...
2793 GlobalMasterRoutine...
2796 GlobalMasterRoutine...
2799 GlobalMasterRoutine...
2802 GlobalMasterRoutine...
2805 GlobalMasterRoutine...
2808 GlobalMasterRoutine...
2811 GlobalMasterRoutine...
2814 GlobalMasterRoutine...
2817 GlobalMasterRoutine...
2820 GlobalMasterRoutine...
2823 GlobalMasterRoutine...
2826 GlobalMasterRoutine...
2829 GlobalMasterRoutine...
2832 GlobalMasterRoutine...
2835 GlobalMasterRoutine...
2838 GlobalMasterRoutine...
2841 GlobalMasterRoutine...
2844 GlobalMasterRoutine...
2847 GlobalMasterRoutine...
2850 GlobalMasterRoutine...
2853 GlobalMasterRoutine...
2856 GlobalMasterRoutine...
2859 GlobalMasterRoutine...
2862 GlobalMasterRoutine...
2865 GlobalMasterRoutine...
2868 GlobalMasterRoutine...
2871 GlobalMasterRoutine...
2874 GlobalMasterRoutine...
2877 GlobalMasterRoutine...
2880 GlobalMasterRoutine...
2883 GlobalMasterRoutine...
2886 GlobalMasterRoutine...
2889 GlobalMasterRoutine...
2892 GlobalMasterRoutine...
2895 GlobalMasterRoutine...
2898 GlobalMasterRoutine...
2901 GlobalMasterRoutine...
2904 GlobalMasterRoutine...
2907 GlobalMasterRoutine...
2910 GlobalMasterRoutine...
2913 GlobalMasterRoutine...
2916 GlobalMasterRoutine...
2919 GlobalMasterRoutine...
2922 GlobalMasterRoutine...
2925 GlobalMasterRoutine...
2928 GlobalMasterRoutine...
2931 GlobalMasterRoutine...
2934 GlobalMasterRoutine...
2937 GlobalMasterRoutine...
2940 GlobalMasterRoutine...
2943 GlobalMasterRoutine...
2946 GlobalMasterRoutine...
2949 GlobalMasterRoutine...
2952 GlobalMasterRoutine...
2955 GlobalMasterRoutine...
2958 GlobalMasterRoutine...
2961 GlobalMasterRoutine...
2964 GlobalMasterRoutine...
2967 GlobalMasterRoutine...
2970 GlobalMasterRoutine...
2973 GlobalMasterRoutine...
2976 GlobalMasterRoutine...
2979 GlobalMasterRoutine...
2982 GlobalMasterRoutine...
2985 GlobalMasterRoutine...
2988 GlobalMasterRoutine...
2991 GlobalMasterRoutine...
2994 GlobalMasterRoutine...
2997 GlobalMasterRoutine...
3000 GlobalMasterRoutine...
3003 GlobalMasterRoutine...
3006 GlobalMasterRoutine...
3009 GlobalMasterRoutine...
3012 GlobalMasterRoutine...
3015 GlobalMasterRoutine...
3018 GlobalMasterRoutine...
Progam has exited with code:0x0000FE10