
 Chronos platform initializing... 

 This terminal belongs to the address: 200

 This processor is a Slave: 
200 PE is alive - 0 -
200 PE is alive - 1 -
200 PE is alive - 2 -
200 PE is alive - 3 -
200 PE is alive - 4 -
200 PE is alive - 5 -
PROD2 Start 
200 PE is alive - 6 -
200 PE is alive - 7 -
200 PE is alive - 8 -
200 PE is alive - 9 -
200 PE is alive - 10 -
PROD2 End 
200 PE is alive - 11 -
200 PE is alive - 12 -
200 PE is alive - 13 -
200 PE is alive - 14 -
200 PE is alive - 15 -
200 PE is alive - 16 -
200 PE is alive - 17 -
200 PE is alive - 18 -
200 PE is alive - 19 -
200 PE is alive - 20 -
200 PE is alive - 21 -
200 PE is alive - 22 -
200 PE is alive - 23 -
200 PE is alive - 24 -
200 PE is alive - 25 -
200 PE is alive - 26 -
200 PE is alive - 27 -
200 PE is alive - 28 -
200 PE is alive - 29 -
200 PE is alive - 30 -
