
 Chronos platform initializing... 

 This terminal belongs to the address: 202

 This processor is a Slave: 
202 PE is alive - 0 -
CONS2 Start 

Chegou a mensagem numero: 1 - tamanho: 75 .

Chegou a mensagem numero: 2 - tamanho: 75 .

Chegou a mensagem numero: 3 - tamanho: 75 .

Chegou a mensagem numero: 4 - tamanho: 75 .

Chegou a mensagem numero: 5 - tamanho: 75 .
202 PE is alive - 1 -

Chegou a mensagem numero: 6 - tamanho: 75 .

Chegou a mensagem numero: 7 - tamanho: 75 .

Chegou a mensagem numero: 8 - tamanho: 75 .

Chegou a mensagem numero: 9 - tamanho: 75 .

Chegou a mensagem numero: 10 - tamanho: 75 .
CONS2 End 
202 PE is alive - 2 -
202 PE is alive - 3 -
202 PE is alive - 4 -
202 PE is alive - 5 -
